     [echo] Build logged to build_2018-11-28_20-05-10.log
     [java] When using 'jar' attribute classpath-settings are ignored. See the manual for more information.
     [java] Executing 'C:\Program Files\Java\jdk1.8.0_191\jre\bin\java.exe' with arguments:
'-classpath'
'C:\Users\Vikas Yadav\eclipse-workspace\BatchExecution_BI\libs\activation-1.1.1.jar;C:\Users\Vikas Yadav\eclipse-workspace\BatchExecution_BI\libs\apache-mime4j-0.6.jar;C:\Users\Vikas Yadav\eclipse-workspace\BatchExecution_BI\libs\bcpkix-jdk15on-1.48.jar;C:\Users\Vikas Yadav\eclipse-workspace\BatchExecution_BI\libs\bcprov-jdk15on-1.48.jar;C:\Users\Vikas Yadav\eclipse-workspace\BatchExecution_BI\libs\bsh-2.0b4.jar;C:\Users\Vikas Yadav\eclipse-workspace\BatchExecution_BI\libs\cglib-nodep-2.1_3.jar;C:\Users\Vikas Yadav\eclipse-workspace\BatchExecution_BI\libs\cglib-nodep-3.2.4.jar;C:\Users\Vikas Yadav\eclipse-workspace\BatchExecution_BI\libs\client-combined-3.0.1-nodeps.jar;C:\Users\Vikas Yadav\eclipse-workspace\BatchExecution_BI\libs\commons-codec-1.10.jar;C:\Users\Vikas Yadav\eclipse-workspace\BatchExecution_BI\libs\commons-codec-1.11.jar;C:\Users\Vikas Yadav\eclipse-workspace\BatchExecution_BI\libs\commons-collections-3.2.2.jar;C:\Users\Vikas Yadav\eclipse-workspace\BatchExecution_BI\libs\commons-collections4-4.1.jar;C:\Users\Vikas Yadav\eclipse-workspace\BatchExecution_BI\libs\commons-collections4-4.2.jar;C:\Users\Vikas Yadav\eclipse-workspace\BatchExecution_BI\libs\commons-exec-1.3.jar;C:\Users\Vikas Yadav\eclipse-workspace\BatchExecution_BI\libs\commons-io-2.4.jar;C:\Users\Vikas Yadav\eclipse-workspace\BatchExecution_BI\libs\commons-io-2.5.jar;C:\Users\Vikas Yadav\eclipse-workspace\BatchExecution_BI\libs\commons-lang3-3.4.jar;C:\Users\Vikas Yadav\eclipse-workspace\BatchExecution_BI\libs\commons-logging-1.2.jar;C:\Users\Vikas Yadav\eclipse-workspace\BatchExecution_BI\libs\commons-math3-3.6.1.jar;C:\Users\Vikas Yadav\eclipse-workspace\BatchExecution_BI\libs\cssparser-0.9.18.jar;C:\Users\Vikas Yadav\eclipse-workspace\BatchExecution_BI\libs\cssparser-0.9.20.jar;C:\Users\Vikas Yadav\eclipse-workspace\BatchExecution_BI\libs\curvesapi-1.04.jar;C:\Users\Vikas Yadav\eclipse-workspace\BatchExecution_BI\libs\curvesapi-1.05.jar;C:\Users\Vikas Yadav\eclipse-workspace\BatchExecution_BI\libs\gson-2.3.1.jar;C:\Users\Vikas Yadav\eclipse-workspace\BatchExecution_BI\libs\guava-19.0.jar;C:\Users\Vikas Yadav\eclipse-workspace\BatchExecution_BI\libs\hamcrest-core-1.3.jar;C:\Users\Vikas Yadav\eclipse-workspace\BatchExecution_BI\libs\hamcrest-library-1.3.jar;C:\Users\Vikas Yadav\eclipse-workspace\BatchExecution_BI\libs\htmlunit-2.21.jar;C:\Users\Vikas Yadav\eclipse-workspace\BatchExecution_BI\libs\htmlunit-2.23.jar;C:\Users\Vikas Yadav\eclipse-workspace\BatchExecution_BI\libs\htmlunit-core-js-2.17.jar;C:\Users\Vikas Yadav\eclipse-workspace\BatchExecution_BI\libs\htmlunit-core-js-2.23.jar;C:\Users\Vikas Yadav\eclipse-workspace\BatchExecution_BI\libs\htmlunit-driver-2.21.jar;C:\Users\Vikas Yadav\eclipse-workspace\BatchExecution_BI\libs\httpclient-4.5.1.jar;C:\Users\Vikas Yadav\eclipse-workspace\BatchExecution_BI\libs\httpclient-4.5.2.jar;C:\Users\Vikas Yadav\eclipse-workspace\BatchExecution_BI\libs\httpcore-4.4.3.jar;C:\Users\Vikas Yadav\eclipse-workspace\BatchExecution_BI\libs\httpcore-4.4.4.jar;C:\Users\Vikas Yadav\eclipse-workspace\BatchExecution_BI\libs\httpmime-4.5.2.jar;C:\Users\Vikas Yadav\eclipse-workspace\BatchExecution_BI\libs\javax.servlet-api-3.1.0.jar;C:\Users\Vikas Yadav\eclipse-workspace\BatchExecution_BI\libs\jaxb-api-2.3.0.jar;C:\Users\Vikas Yadav\eclipse-workspace\BatchExecution_BI\libs\jaxb-core-2.3.0.1.jar;C:\Users\Vikas Yadav\eclipse-workspace\BatchExecution_BI\libs\jaxb-impl-2.3.0.1.jar;C:\Users\Vikas Yadav\eclipse-workspace\BatchExecution_BI\libs\jcip-annotations-1.0.jar;C:\Users\Vikas Yadav\eclipse-workspace\BatchExecution_BI\libs\jcommander-1.48.jar;C:\Users\Vikas Yadav\eclipse-workspace\BatchExecution_BI\libs\jetty-io-9.2.13.v20150730.jar;C:\Users\Vikas Yadav\eclipse-workspace\BatchExecution_BI\libs\jetty-io-9.2.15.v20160210.jar;C:\Users\Vikas Yadav\eclipse-workspace\BatchExecution_BI\libs\jetty-rc-repacked-5.jar;C:\Users\Vikas Yadav\eclipse-workspace\BatchExecution_BI\libs\jetty-repacked-9.2.13.v20150730.jar;C:\Users\Vikas Yadav\eclipse-workspace\BatchExecution_BI\libs\jetty-util-9.2.13.v20150730.jar;C:\Users\Vikas Yadav\eclipse-workspace\BatchExecution_BI\libs\jetty-util-9.2.15.v20160210.jar;C:\Users\Vikas Yadav\eclipse-workspace\BatchExecution_BI\libs\jna-4.1.0.jar;C:\Users\Vikas Yadav\eclipse-workspace\BatchExecution_BI\libs\jna-platform-4.1.0.jar;C:\Users\Vikas Yadav\eclipse-workspace\BatchExecution_BI\libs\jsch-0.1.54.jar;C:\Users\Vikas Yadav\eclipse-workspace\BatchExecution_BI\libs\jsonic-1.2.0.jar;C:\Users\Vikas Yadav\eclipse-workspace\BatchExecution_BI\libs\junit-4.12.jar;C:\Users\Vikas Yadav\eclipse-workspace\BatchExecution_BI\libs\langdetect.jar;C:\Users\Vikas Yadav\eclipse-workspace\BatchExecution_BI\libs\log4j-1.2.17.jar;C:\Users\Vikas Yadav\eclipse-workspace\BatchExecution_BI\libs\mx4j-tools-3.0.1.jar;C:\Users\Vikas Yadav\eclipse-workspace\BatchExecution_BI\libs\neko-htmlunit-2.21.jar;C:\Users\Vikas Yadav\eclipse-workspace\BatchExecution_BI\libs\neko-htmlunit-2.23.jar;C:\Users\Vikas Yadav\eclipse-workspace\BatchExecution_BI\libs\netty-3.5.7.Final.jar;C:\Users\Vikas Yadav\eclipse-workspace\BatchExecution_BI\libs\phantomjsdriver-1.2.1.jar;C:\Users\Vikas Yadav\eclipse-workspace\BatchExecution_BI\libs\phantomjsdriver-1.3.0.jar;C:\Users\Vikas Yadav\eclipse-workspace\BatchExecution_BI\libs\poi-3.15-beta1.jar;C:\Users\Vikas Yadav\eclipse-workspace\BatchExecution_BI\libs\poi-3.16-beta1.jar;C:\Users\Vikas Yadav\eclipse-workspace\BatchExecution_BI\libs\poi-4.0.0.jar;C:\Users\Vikas Yadav\eclipse-workspace\BatchExecution_BI\libs\poi-examples-3.15-beta1.jar;C:\Users\Vikas Yadav\eclipse-workspace\BatchExecution_BI\libs\poi-examples-3.16-beta1.jar;C:\Users\Vikas Yadav\eclipse-workspace\BatchExecution_BI\libs\poi-examples-4.0.0.jar;C:\Users\Vikas Yadav\eclipse-workspace\BatchExecution_BI\libs\poi-excelant-3.15-beta1.jar;C:\Users\Vikas Yadav\eclipse-workspace\BatchExecution_BI\libs\poi-excelant-3.16-beta1.jar;C:\Users\Vikas Yadav\eclipse-workspace\BatchExecution_BI\libs\poi-excelant-4.0.0.jar;C:\Users\Vikas Yadav\eclipse-workspace\BatchExecution_BI\libs\poi-ooxml-3.15-beta1.jar;C:\Users\Vikas Yadav\eclipse-workspace\BatchExecution_BI\libs\poi-ooxml-3.16-beta1.jar;C:\Users\Vikas Yadav\eclipse-workspace\BatchExecution_BI\libs\poi-ooxml-4.0.0.jar;C:\Users\Vikas Yadav\eclipse-workspace\BatchExecution_BI\libs\poi-ooxml-schemas-3.15-beta1.jar;C:\Users\Vikas Yadav\eclipse-workspace\BatchExecution_BI\libs\poi-ooxml-schemas-3.16-beta1.jar;C:\Users\Vikas Yadav\eclipse-workspace\BatchExecution_BI\libs\poi-ooxml-schemas-4.0.0.jar;C:\Users\Vikas Yadav\eclipse-workspace\BatchExecution_BI\libs\poi-scratchpad-3.15-beta1.jar;C:\Users\Vikas Yadav\eclipse-workspace\BatchExecution_BI\libs\poi-scratchpad-3.16-beta1.jar;C:\Users\Vikas Yadav\eclipse-workspace\BatchExecution_BI\libs\poi-scratchpad-4.0.0.jar;C:\Users\Vikas Yadav\eclipse-workspace\BatchExecution_BI\libs\sac-1.3.jar;C:\Users\Vikas Yadav\eclipse-workspace\BatchExecution_BI\libs\slf4j-api-1.7.2.jar;C:\Users\Vikas Yadav\eclipse-workspace\BatchExecution_BI\libs\snakeyaml-1.8.jar;C:\Users\Vikas Yadav\eclipse-workspace\BatchExecution_BI\libs\tdgssconfig.jar;C:\Users\Vikas Yadav\eclipse-workspace\BatchExecution_BI\libs\terajdbc4.jar;C:\Users\Vikas Yadav\eclipse-workspace\BatchExecution_BI\libs\testng-6.9.9.jar;C:\Users\Vikas Yadav\eclipse-workspace\BatchExecution_BI\libs\websocket-api-9.2.15.v20160210.jar;C:\Users\Vikas Yadav\eclipse-workspace\BatchExecution_BI\libs\websocket-client-9.2.15.v20160210.jar;C:\Users\Vikas Yadav\eclipse-workspace\BatchExecution_BI\libs\websocket-common-9.2.15.v20160210.jar;C:\Users\Vikas Yadav\eclipse-workspace\BatchExecution_BI\libs\xalan-2.7.2.jar;C:\Users\Vikas Yadav\eclipse-workspace\BatchExecution_BI\libs\xercesImpl-2.11.0.jar;C:\Users\Vikas Yadav\eclipse-workspace\BatchExecution_BI\libs\xml-apis-1.4.01.jar;C:\Users\Vikas Yadav\eclipse-workspace\BatchExecution_BI\libs\xmlbeans-2.6.0.jar;C:\Users\Vikas Yadav\eclipse-workspace\BatchExecution_BI\libs\xmlbeans-3.0.1.jar;D:\apache-ant-1.10.5-bin\apache-ant-1.10.5\lib\ant-launcher.jar;C:\Program Files\Teradata\Client\15.10\bin;C:\Program Files\Teradata\Client\15.10\bin\tdgeospatial.jar;C:\Program Files (x86)\Teradata\Client\15.10\bin;C:\Program Files (x86)\Teradata\Client\15.10\bin\tdgeospatial.jar;C:\Program Files\Teradata\Client\15.10\bin\jmsam.jar;C:\Program Files (x86)\Teradata\Client\15.10\bin\jmsam.jar;D:\apache-ant-1.10.5-bin\apache-ant-1.10.5\lib\ant-antlr.jar;D:\apache-ant-1.10.5-bin\apache-ant-1.10.5\lib\ant-apache-bcel.jar;D:\apache-ant-1.10.5-bin\apache-ant-1.10.5\lib\ant-apache-bsf.jar;D:\apache-ant-1.10.5-bin\apache-ant-1.10.5\lib\ant-apache-log4j.jar;D:\apache-ant-1.10.5-bin\apache-ant-1.10.5\lib\ant-apache-oro.jar;D:\apache-ant-1.10.5-bin\apache-ant-1.10.5\lib\ant-apache-regexp.jar;D:\apache-ant-1.10.5-bin\apache-ant-1.10.5\lib\ant-apache-resolver.jar;D:\apache-ant-1.10.5-bin\apache-ant-1.10.5\lib\ant-apache-xalan2.jar;D:\apache-ant-1.10.5-bin\apache-ant-1.10.5\lib\ant-commons-logging.jar;D:\apache-ant-1.10.5-bin\apache-ant-1.10.5\lib\ant-commons-net.jar;D:\apache-ant-1.10.5-bin\apache-ant-1.10.5\lib\ant-jai.jar;D:\apache-ant-1.10.5-bin\apache-ant-1.10.5\lib\ant-javamail.jar;D:\apache-ant-1.10.5-bin\apache-ant-1.10.5\lib\ant-jdepend.jar;D:\apache-ant-1.10.5-bin\apache-ant-1.10.5\lib\ant-jmf.jar;D:\apache-ant-1.10.5-bin\apache-ant-1.10.5\lib\ant-jsch.jar;D:\apache-ant-1.10.5-bin\apache-ant-1.10.5\lib\ant-junit.jar;D:\apache-ant-1.10.5-bin\apache-ant-1.10.5\lib\ant-junit4.jar;D:\apache-ant-1.10.5-bin\apache-ant-1.10.5\lib\ant-junitlauncher.jar;D:\apache-ant-1.10.5-bin\apache-ant-1.10.5\lib\ant-netrexx.jar;D:\apache-ant-1.10.5-bin\apache-ant-1.10.5\lib\ant-swing.jar;D:\apache-ant-1.10.5-bin\apache-ant-1.10.5\lib\ant-testutil.jar;D:\apache-ant-1.10.5-bin\apache-ant-1.10.5\lib\ant-xz.jar;D:\apache-ant-1.10.5-bin\apache-ant-1.10.5\lib\ant.jar;C:\Program Files\Java\jdk1.8.0_191\lib\tools.jar'
'-jar'
'C:\Users\Vikas Yadav\eclipse-workspace\BatchExecution_BI\SAF.jar'

The ' characters around the executable and arguments are
not part of the command.
     [java] Vikas Yadav
     [java]  Looking for the Informatica Server...
     [java]  
     [java] 
     [java]  User id029640 connected to devpwc01.ux.nl.tmo Server Successfully..!!
     [java] Done!
     [java] {RunFlag=RUN, TestCasePath=../BatchExecution_BI/src/TestCases/TC_EDW_FCT_CONTACT_CASE_CAEV001.xlsx, Sr .No=19.0, Environment=Development, TableDescription=EDW FACT, TablesName=FCT CONTACT CASE}
     [java] {RunFlag=RUN, TestCasePath=../BatchExecution_BI/src/TestCases/TC_CDM_WORKGROUP_SLA_TICO001.xlsx, Sr .No=1.0, Environment=Development, TableDescription=CDM, TablesName=CDM_WORKGROUP_SLA}
     [java] {RunFlag=RUN, TestCasePath=../BatchExecution_BI/src/TestCases/TC_EDW_FCT_FWGC_WORKGROUP_CALL_CCC001.xlsx, Sr .No=4.0, Environment=Development, TableDescription=EDW FACT, TablesName=FCT_WORKGROUP_CALL}
     [java] {RunFlag=RUN, TestCasePath=../BatchExecution_BI/src/TestCases/TC_STAGE_HEAP_SF_LIVECHATTRANSCRIPTEVENT.xlsx , Sr .No=1.0, Environment=Development, TableDescription=STAGE HEAP, TablesName=SF_LIVECHATTRANSCRIPTEVENT}
     [java]  JDBC driver loaded. 
     [java] 
     [java]  Looking for the Teradata JDBC driver...
     [java]  
     [java] 
     [java]  User ID029640 connected.
     [java] FCT CONTACT CASE
     [java] Exception in thread "main" java.lang.NoClassDefFoundError: org/apache/xml/serializer/TreeWalker
     [java] 	at org.apache.xalan.processor.TransformerFactoryImpl.newTransformer(TransformerFactoryImpl.java:818)
     [java] 	at org.apache.poi.openxml4j.opc.StreamHelper.getIdentityTransformer(StreamHelper.java:45)
     [java] 	at org.apache.poi.openxml4j.opc.StreamHelper.saveXmlInStream(StreamHelper.java:61)
     [java] 	at org.apache.poi.openxml4j.opc.internal.marshallers.ZipPartMarshaller.marshallRelationshipPart(ZipPartMarshaller.java:181)
     [java] 	at org.apache.poi.openxml4j.opc.ZipPackage.saveImpl(ZipPackage.java:508)
     [java] 	at org.apache.poi.openxml4j.opc.OPCPackage.save(OPCPackage.java:1484)
     [java] 	at org.apache.poi.POIXMLDocument.write(POIXMLDocument.java:199)
     [java] 	at FunctionLibrary.ExcelDataPoolManager.writeExcel_XLSX(ExcelDataPoolManager.java:310)
     [java] 	at Modules.Diesel.BI.ReadTestCase.executeTestCase(ReadTestCase.java:91)
     [java] 	at Modules.Diesel.BI.ShellExecuter.main(ShellExecuter.java:118)
     [java] Caused by: java.lang.ClassNotFoundException: org.apache.xml.serializer.TreeWalker
     [java] 	at java.net.URLClassLoader.findClass(URLClassLoader.java:382)
     [java] 	at java.lang.ClassLoader.loadClass(ClassLoader.java:424)
     [java] 	at sun.misc.Launcher$AppClassLoader.loadClass(Launcher.java:349)
     [java] 	at java.lang.ClassLoader.loadClass(ClassLoader.java:357)
     [java] 	... 10 more
     [java] Java Result: 1
run:  duration 3 seconds

BUILD SUCCESSFUL
