     [echo] Build logged to build_2018-11-28_20-01-25.log
     [java] When using 'jar' attribute classpath-settings are ignored. See the manual for more information.
     [java] Executing 'C:\Program Files\Java\jdk1.8.0_191\jre\bin\java.exe' with arguments:
'-classpath'
'C:\Users\Vikas Yadav\eclipse-workspace\BatchExecution_BI\libs\commons-codec-1.10.jar;C:\Users\Vikas Yadav\eclipse-workspace\BatchExecution_BI\libs\commons-codec-1.11.jar;C:\Users\Vikas Yadav\eclipse-workspace\BatchExecution_BI\libs\commons-collections-3.2.2.jar;C:\Users\Vikas Yadav\eclipse-workspace\BatchExecution_BI\libs\commons-collections4-4.1.jar;C:\Users\Vikas Yadav\eclipse-workspace\BatchExecution_BI\libs\commons-collections4-4.2.jar;C:\Users\Vikas Yadav\eclipse-workspace\BatchExecution_BI\libs\commons-exec-1.3.jar;C:\Users\Vikas Yadav\eclipse-workspace\BatchExecution_BI\libs\commons-io-2.4.jar;C:\Users\Vikas Yadav\eclipse-workspace\BatchExecution_BI\libs\commons-io-2.5.jar;C:\Users\Vikas Yadav\eclipse-workspace\BatchExecution_BI\libs\commons-lang3-3.4.jar;C:\Users\Vikas Yadav\eclipse-workspace\BatchExecution_BI\libs\commons-logging-1.2.jar;C:\Users\Vikas Yadav\eclipse-workspace\BatchExecution_BI\libs\commons-math3-3.6.1.jar;C:\Users\Vikas Yadav\eclipse-workspace\BatchExecution_BI\libs\jsch-0.1.54.jar;C:\Users\Vikas Yadav\eclipse-workspace\BatchExecution_BI\libs\jsonic-1.2.0.jar;C:\Users\Vikas Yadav\eclipse-workspace\BatchExecution_BI\libs\junit-4.12.jar;C:\Users\Vikas Yadav\eclipse-workspace\BatchExecution_BI\libs\langdetect.jar;C:\Users\Vikas Yadav\eclipse-workspace\BatchExecution_BI\libs\log4j-1.2.17.jar;C:\Users\Vikas Yadav\eclipse-workspace\BatchExecution_BI\libs\poi-3.15-beta1.jar;C:\Users\Vikas Yadav\eclipse-workspace\BatchExecution_BI\libs\poi-3.16-beta1.jar;C:\Users\Vikas Yadav\eclipse-workspace\BatchExecution_BI\libs\poi-4.0.0.jar;C:\Users\Vikas Yadav\eclipse-workspace\BatchExecution_BI\libs\poi-examples-3.15-beta1.jar;C:\Users\Vikas Yadav\eclipse-workspace\BatchExecution_BI\libs\poi-examples-3.16-beta1.jar;C:\Users\Vikas Yadav\eclipse-workspace\BatchExecution_BI\libs\poi-examples-4.0.0.jar;C:\Users\Vikas Yadav\eclipse-workspace\BatchExecution_BI\libs\poi-excelant-3.15-beta1.jar;C:\Users\Vikas Yadav\eclipse-workspace\BatchExecution_BI\libs\poi-excelant-3.16-beta1.jar;C:\Users\Vikas Yadav\eclipse-workspace\BatchExecution_BI\libs\poi-excelant-4.0.0.jar;C:\Users\Vikas Yadav\eclipse-workspace\BatchExecution_BI\libs\poi-ooxml-3.15-beta1.jar;C:\Users\Vikas Yadav\eclipse-workspace\BatchExecution_BI\libs\poi-ooxml-3.16-beta1.jar;C:\Users\Vikas Yadav\eclipse-workspace\BatchExecution_BI\libs\poi-ooxml-4.0.0.jar;C:\Users\Vikas Yadav\eclipse-workspace\BatchExecution_BI\libs\poi-ooxml-schemas-3.15-beta1.jar;C:\Users\Vikas Yadav\eclipse-workspace\BatchExecution_BI\libs\poi-ooxml-schemas-3.16-beta1.jar;C:\Users\Vikas Yadav\eclipse-workspace\BatchExecution_BI\libs\poi-ooxml-schemas-4.0.0.jar;C:\Users\Vikas Yadav\eclipse-workspace\BatchExecution_BI\libs\poi-scratchpad-3.15-beta1.jar;C:\Users\Vikas Yadav\eclipse-workspace\BatchExecution_BI\libs\poi-scratchpad-3.16-beta1.jar;C:\Users\Vikas Yadav\eclipse-workspace\BatchExecution_BI\libs\poi-scratchpad-4.0.0.jar;C:\Users\Vikas Yadav\eclipse-workspace\BatchExecution_BI\libs\terajdbc4.jar;C:\Users\Vikas Yadav\eclipse-workspace\BatchExecution_BI\libs\xml-apis-1.4.01.jar;C:\Users\Vikas Yadav\eclipse-workspace\BatchExecution_BI\libs\xmlbeans-2.6.0.jar;C:\Users\Vikas Yadav\eclipse-workspace\BatchExecution_BI\libs\xmlbeans-3.0.1.jar;D:\apache-ant-1.10.5-bin\apache-ant-1.10.5\lib\ant-launcher.jar;C:\Program Files\Teradata\Client\15.10\bin;C:\Program Files\Teradata\Client\15.10\bin\tdgeospatial.jar;C:\Program Files (x86)\Teradata\Client\15.10\bin;C:\Program Files (x86)\Teradata\Client\15.10\bin\tdgeospatial.jar;C:\Program Files\Teradata\Client\15.10\bin\jmsam.jar;C:\Program Files (x86)\Teradata\Client\15.10\bin\jmsam.jar;D:\apache-ant-1.10.5-bin\apache-ant-1.10.5\lib\ant-antlr.jar;D:\apache-ant-1.10.5-bin\apache-ant-1.10.5\lib\ant-apache-bcel.jar;D:\apache-ant-1.10.5-bin\apache-ant-1.10.5\lib\ant-apache-bsf.jar;D:\apache-ant-1.10.5-bin\apache-ant-1.10.5\lib\ant-apache-log4j.jar;D:\apache-ant-1.10.5-bin\apache-ant-1.10.5\lib\ant-apache-oro.jar;D:\apache-ant-1.10.5-bin\apache-ant-1.10.5\lib\ant-apache-regexp.jar;D:\apache-ant-1.10.5-bin\apache-ant-1.10.5\lib\ant-apache-resolver.jar;D:\apache-ant-1.10.5-bin\apache-ant-1.10.5\lib\ant-apache-xalan2.jar;D:\apache-ant-1.10.5-bin\apache-ant-1.10.5\lib\ant-commons-logging.jar;D:\apache-ant-1.10.5-bin\apache-ant-1.10.5\lib\ant-commons-net.jar;D:\apache-ant-1.10.5-bin\apache-ant-1.10.5\lib\ant-jai.jar;D:\apache-ant-1.10.5-bin\apache-ant-1.10.5\lib\ant-javamail.jar;D:\apache-ant-1.10.5-bin\apache-ant-1.10.5\lib\ant-jdepend.jar;D:\apache-ant-1.10.5-bin\apache-ant-1.10.5\lib\ant-jmf.jar;D:\apache-ant-1.10.5-bin\apache-ant-1.10.5\lib\ant-jsch.jar;D:\apache-ant-1.10.5-bin\apache-ant-1.10.5\lib\ant-junit.jar;D:\apache-ant-1.10.5-bin\apache-ant-1.10.5\lib\ant-junit4.jar;D:\apache-ant-1.10.5-bin\apache-ant-1.10.5\lib\ant-junitlauncher.jar;D:\apache-ant-1.10.5-bin\apache-ant-1.10.5\lib\ant-netrexx.jar;D:\apache-ant-1.10.5-bin\apache-ant-1.10.5\lib\ant-swing.jar;D:\apache-ant-1.10.5-bin\apache-ant-1.10.5\lib\ant-testutil.jar;D:\apache-ant-1.10.5-bin\apache-ant-1.10.5\lib\ant-xz.jar;D:\apache-ant-1.10.5-bin\apache-ant-1.10.5\lib\ant.jar;C:\Program Files\Java\jdk1.8.0_191\lib\tools.jar'
'-jar'
'C:\Users\Vikas Yadav\eclipse-workspace\BatchExecution_BI\SAF.jar'

The ' characters around the executable and arguments are
not part of the command.
     [java] Vikas Yadav
     [java]  Looking for the Informatica Server...
     [java]  
     [java] 
     [java]  User id029640 connected to devpwc01.ux.nl.tmo Server Successfully..!!
     [java] Done!
     [java] Exception in thread "main" java.lang.ExceptionInInitializerError
     [java] 	at com.teradata.jdbc.jdbc.GenericTeraEncrypt.getGSSM(GenericTeraEncrypt.java:577)
     [java] 	at com.teradata.jdbc.jdbc.GenericTeraEncrypt.<init>(GenericTeraEncrypt.java:116)
     [java] 	at com.teradata.jdbc.jdbc.GenericTeradataConnection.<init>(GenericTeradataConnection.java:108)
     [java] 	at com.teradata.jdbc.jdbc_4.TDSession.<init>(TDSession.java:187)
     [java] 	at com.teradata.jdbc.jdk6.JDK6_SQL_Connection.<init>(JDK6_SQL_Connection.java:36)
     [java] 	at com.teradata.jdbc.jdk6.JDK6ConnectionFactory.constructSQLConnection(JDK6ConnectionFactory.java:25)
     [java] 	at com.teradata.jdbc.jdbc.ConnectionFactory.createConnection(ConnectionFactory.java:181)
     [java] 	at com.teradata.jdbc.jdbc.ConnectionFactory.createConnection(ConnectionFactory.java:171)
     [java] 	at com.teradata.jdbc.TeraDriver.doConnect(TeraDriver.java:236)
     [java] 	at com.teradata.jdbc.TeraDriver.connect(TeraDriver.java:162)
     [java] 	at java.sql.DriverManager.getConnection(DriverManager.java:664)
     [java] 	at java.sql.DriverManager.getConnection(DriverManager.java:247)
     [java] 	at Modules.Diesel.BI.ReadTestCase.executeTestCase(ReadTestCase.java:55)
     [java] 	at Modules.Diesel.BI.ShellExecuter.main(ShellExecuter.java:118)
     [java] Caused by: java.lang.NullPointerException
     [java] 	at com.teradata.tdgss.jtdgss.TdgssConfigApi.GetMechanisms(Unknown Source)
     [java] 	at com.teradata.tdgss.jtdgss.TdgssManager.<init>(Unknown Source)
     [java] 	at com.teradata.tdgss.jtdgss.TdgssManager.<clinit>(Unknown Source)
     [java] 	... 14 more
     [java] {RunFlag=RUN, TestCasePath=../BatchExecution_BI/src/TestCases/TC_EDW_FCT_CONTACT_CASE_CAEV001.xlsx, Sr .No=19.0, Environment=Development, TableDescription=EDW FACT, TablesName=FCT CONTACT CASE}
     [java] {RunFlag=RUN, TestCasePath=../BatchExecution_BI/src/TestCases/TC_CDM_WORKGROUP_SLA_TICO001.xlsx, Sr .No=1.0, Environment=Development, TableDescription=CDM, TablesName=CDM_WORKGROUP_SLA}
     [java] {RunFlag=RUN, TestCasePath=../BatchExecution_BI/src/TestCases/TC_EDW_FCT_FWGC_WORKGROUP_CALL_CCC001.xlsx, Sr .No=4.0, Environment=Development, TableDescription=EDW FACT, TablesName=FCT_WORKGROUP_CALL}
     [java] {RunFlag=RUN, TestCasePath=../BatchExecution_BI/src/TestCases/TC_STAGE_HEAP_SF_LIVECHATTRANSCRIPTEVENT.xlsx , Sr .No=1.0, Environment=Development, TableDescription=STAGE HEAP, TablesName=SF_LIVECHATTRANSCRIPTEVENT}
     [java]  JDBC driver loaded. 
     [java] 
     [java]  Looking for the Teradata JDBC driver...
     [java]  
     [java] Java Result: 1
run:  duration 2 seconds

BUILD SUCCESSFUL
