     [echo] Build logged to build_2018-11-28_16-13-45.log
     [java] When using 'jar' attribute classpath-settings are ignored. See the manual for more information.
     [java] Executing 'C:\Program Files\Java\jdk1.8.0_191\jre\bin\java.exe' with arguments:
'-classpath'
'C:\Users\Vikas Yadav\eclipse-workspace\BatchExecution_BI\libs\activation-1.1.1.jar;C:\Users\Vikas Yadav\eclipse-workspace\BatchExecution_BI\libs\apache-mime4j-0.6.jar;C:\Users\Vikas Yadav\eclipse-workspace\BatchExecution_BI\libs\bcpkix-jdk15on-1.48.jar;C:\Users\Vikas Yadav\eclipse-workspace\BatchExecution_BI\libs\bcprov-jdk15on-1.48.jar;C:\Users\Vikas Yadav\eclipse-workspace\BatchExecution_BI\libs\bsh-2.0b4.jar;C:\Users\Vikas Yadav\eclipse-workspace\BatchExecution_BI\libs\cglib-nodep-2.1_3.jar;C:\Users\Vikas Yadav\eclipse-workspace\BatchExecution_BI\libs\cglib-nodep-3.2.4.jar;C:\Users\Vikas Yadav\eclipse-workspace\BatchExecution_BI\libs\client-combined-3.0.1-nodeps.jar;C:\Users\Vikas Yadav\eclipse-workspace\BatchExecution_BI\libs\commons-codec-1.10.jar;C:\Users\Vikas Yadav\eclipse-workspace\BatchExecution_BI\libs\commons-codec-1.11.jar;C:\Users\Vikas Yadav\eclipse-workspace\BatchExecution_BI\libs\commons-collections-3.2.2.jar;C:\Users\Vikas Yadav\eclipse-workspace\BatchExecution_BI\libs\commons-collections4-4.1.jar;C:\Users\Vikas Yadav\eclipse-workspace\BatchExecution_BI\libs\commons-collections4-4.2.jar;C:\Users\Vikas Yadav\eclipse-workspace\BatchExecution_BI\libs\commons-exec-1.3.jar;C:\Users\Vikas Yadav\eclipse-workspace\BatchExecution_BI\libs\commons-io-2.4.jar;C:\Users\Vikas Yadav\eclipse-workspace\BatchExecution_BI\libs\commons-io-2.5.jar;C:\Users\Vikas Yadav\eclipse-workspace\BatchExecution_BI\libs\commons-lang3-3.4.jar;C:\Users\Vikas Yadav\eclipse-workspace\BatchExecution_BI\libs\commons-logging-1.2.jar;C:\Users\Vikas Yadav\eclipse-workspace\BatchExecution_BI\libs\commons-math3-3.6.1.jar;C:\Users\Vikas Yadav\eclipse-workspace\BatchExecution_BI\libs\cssparser-0.9.18.jar;C:\Users\Vikas Yadav\eclipse-workspace\BatchExecution_BI\libs\cssparser-0.9.20.jar;C:\Users\Vikas Yadav\eclipse-workspace\BatchExecution_BI\libs\curvesapi-1.04.jar;C:\Users\Vikas Yadav\eclipse-workspace\BatchExecution_BI\libs\curvesapi-1.05.jar;C:\Users\Vikas Yadav\eclipse-workspace\BatchExecution_BI\libs\gson-2.3.1.jar;C:\Users\Vikas Yadav\eclipse-workspace\BatchExecution_BI\libs\guava-19.0.jar;C:\Users\Vikas Yadav\eclipse-workspace\BatchExecution_BI\libs\hamcrest-core-1.3.jar;C:\Users\Vikas Yadav\eclipse-workspace\BatchExecution_BI\libs\hamcrest-library-1.3.jar;C:\Users\Vikas Yadav\eclipse-workspace\BatchExecution_BI\libs\htmlunit-2.21.jar;C:\Users\Vikas Yadav\eclipse-workspace\BatchExecution_BI\libs\htmlunit-2.23.jar;C:\Users\Vikas Yadav\eclipse-workspace\BatchExecution_BI\libs\htmlunit-core-js-2.17.jar;C:\Users\Vikas Yadav\eclipse-workspace\BatchExecution_BI\libs\htmlunit-core-js-2.23.jar;C:\Users\Vikas Yadav\eclipse-workspace\BatchExecution_BI\libs\htmlunit-driver-2.21.jar;C:\Users\Vikas Yadav\eclipse-workspace\BatchExecution_BI\libs\httpclient-4.5.1.jar;C:\Users\Vikas Yadav\eclipse-workspace\BatchExecution_BI\libs\httpclient-4.5.2.jar;C:\Users\Vikas Yadav\eclipse-workspace\BatchExecution_BI\libs\httpcore-4.4.3.jar;C:\Users\Vikas Yadav\eclipse-workspace\BatchExecution_BI\libs\httpcore-4.4.4.jar;C:\Users\Vikas Yadav\eclipse-workspace\BatchExecution_BI\libs\httpmime-4.5.2.jar;C:\Users\Vikas Yadav\eclipse-workspace\BatchExecution_BI\libs\javax.servlet-api-3.1.0.jar;C:\Users\Vikas Yadav\eclipse-workspace\BatchExecution_BI\libs\jaxb-api-2.3.0.jar;C:\Users\Vikas Yadav\eclipse-workspace\BatchExecution_BI\libs\jaxb-core-2.3.0.1.jar;C:\Users\Vikas Yadav\eclipse-workspace\BatchExecution_BI\libs\jaxb-impl-2.3.0.1.jar;C:\Users\Vikas Yadav\eclipse-workspace\BatchExecution_BI\libs\jcip-annotations-1.0.jar;C:\Users\Vikas Yadav\eclipse-workspace\BatchExecution_BI\libs\jcommander-1.48.jar;C:\Users\Vikas Yadav\eclipse-workspace\BatchExecution_BI\libs\jetty-io-9.2.13.v20150730.jar;C:\Users\Vikas Yadav\eclipse-workspace\BatchExecution_BI\libs\jetty-io-9.2.15.v20160210.jar;C:\Users\Vikas Yadav\eclipse-workspace\BatchExecution_BI\libs\jetty-rc-repacked-5.jar;C:\Users\Vikas Yadav\eclipse-workspace\BatchExecution_BI\libs\jetty-repacked-9.2.13.v20150730.jar;C:\Users\Vikas Yadav\eclipse-workspace\BatchExecution_BI\libs\jetty-util-9.2.13.v20150730.jar;C:\Users\Vikas Yadav\eclipse-workspace\BatchExecution_BI\libs\jetty-util-9.2.15.v20160210.jar;C:\Users\Vikas Yadav\eclipse-workspace\BatchExecution_BI\libs\jna-4.1.0.jar;C:\Users\Vikas Yadav\eclipse-workspace\BatchExecution_BI\libs\jna-platform-4.1.0.jar;C:\Users\Vikas Yadav\eclipse-workspace\BatchExecution_BI\libs\jsch-0.1.54.jar;C:\Users\Vikas Yadav\eclipse-workspace\BatchExecution_BI\libs\jsonic-1.2.0.jar;C:\Users\Vikas Yadav\eclipse-workspace\BatchExecution_BI\libs\junit-4.12.jar;C:\Users\Vikas Yadav\eclipse-workspace\BatchExecution_BI\libs\langdetect.jar;C:\Users\Vikas Yadav\eclipse-workspace\BatchExecution_BI\libs\log4j-1.2.17.jar;C:\Users\Vikas Yadav\eclipse-workspace\BatchExecution_BI\libs\mx4j-tools-3.0.1.jar;C:\Users\Vikas Yadav\eclipse-workspace\BatchExecution_BI\libs\neko-htmlunit-2.21.jar;C:\Users\Vikas Yadav\eclipse-workspace\BatchExecution_BI\libs\neko-htmlunit-2.23.jar;C:\Users\Vikas Yadav\eclipse-workspace\BatchExecution_BI\libs\netty-3.5.7.Final.jar;C:\Users\Vikas Yadav\eclipse-workspace\BatchExecution_BI\libs\phantomjsdriver-1.2.1.jar;C:\Users\Vikas Yadav\eclipse-workspace\BatchExecution_BI\libs\phantomjsdriver-1.3.0.jar;C:\Users\Vikas Yadav\eclipse-workspace\BatchExecution_BI\libs\poi-3.15-beta1.jar;C:\Users\Vikas Yadav\eclipse-workspace\BatchExecution_BI\libs\poi-3.16-beta1.jar;C:\Users\Vikas Yadav\eclipse-workspace\BatchExecution_BI\libs\poi-4.0.0.jar;C:\Users\Vikas Yadav\eclipse-workspace\BatchExecution_BI\libs\poi-examples-3.15-beta1.jar;C:\Users\Vikas Yadav\eclipse-workspace\BatchExecution_BI\libs\poi-examples-3.16-beta1.jar;C:\Users\Vikas Yadav\eclipse-workspace\BatchExecution_BI\libs\poi-examples-4.0.0.jar;C:\Users\Vikas Yadav\eclipse-workspace\BatchExecution_BI\libs\poi-excelant-3.15-beta1.jar;C:\Users\Vikas Yadav\eclipse-workspace\BatchExecution_BI\libs\poi-excelant-3.16-beta1.jar;C:\Users\Vikas Yadav\eclipse-workspace\BatchExecution_BI\libs\poi-excelant-4.0.0.jar;C:\Users\Vikas Yadav\eclipse-workspace\BatchExecution_BI\libs\poi-ooxml-3.15-beta1.jar;C:\Users\Vikas Yadav\eclipse-workspace\BatchExecution_BI\libs\poi-ooxml-3.16-beta1.jar;C:\Users\Vikas Yadav\eclipse-workspace\BatchExecution_BI\libs\poi-ooxml-4.0.0.jar;C:\Users\Vikas Yadav\eclipse-workspace\BatchExecution_BI\libs\poi-ooxml-schemas-3.15-beta1.jar;C:\Users\Vikas Yadav\eclipse-workspace\BatchExecution_BI\libs\poi-ooxml-schemas-3.16-beta1.jar;C:\Users\Vikas Yadav\eclipse-workspace\BatchExecution_BI\libs\poi-ooxml-schemas-4.0.0.jar;C:\Users\Vikas Yadav\eclipse-workspace\BatchExecution_BI\libs\poi-scratchpad-3.15-beta1.jar;C:\Users\Vikas Yadav\eclipse-workspace\BatchExecution_BI\libs\poi-scratchpad-3.16-beta1.jar;C:\Users\Vikas Yadav\eclipse-workspace\BatchExecution_BI\libs\poi-scratchpad-4.0.0.jar;C:\Users\Vikas Yadav\eclipse-workspace\BatchExecution_BI\libs\sac-1.3.jar;C:\Users\Vikas Yadav\eclipse-workspace\BatchExecution_BI\libs\selenium-api-2.53.1.jar;C:\Users\Vikas Yadav\eclipse-workspace\BatchExecution_BI\libs\selenium-chrome-driver-2.53.1.jar;C:\Users\Vikas Yadav\eclipse-workspace\BatchExecution_BI\libs\selenium-edge-driver-2.53.1.jar;C:\Users\Vikas Yadav\eclipse-workspace\BatchExecution_BI\libs\selenium-firefox-driver-2.53.1.jar;C:\Users\Vikas Yadav\eclipse-workspace\BatchExecution_BI\libs\selenium-ie-driver-2.53.1.jar;C:\Users\Vikas Yadav\eclipse-workspace\BatchExecution_BI\libs\selenium-java-2.53.1.jar;C:\Users\Vikas Yadav\eclipse-workspace\BatchExecution_BI\libs\selenium-leg-rc-2.53.1.jar;C:\Users\Vikas Yadav\eclipse-workspace\BatchExecution_BI\libs\selenium-remote-driver-2.53.1.jar;C:\Users\Vikas Yadav\eclipse-workspace\BatchExecution_BI\libs\selenium-safari-driver-2.53.1.jar;C:\Users\Vikas Yadav\eclipse-workspace\BatchExecution_BI\libs\selenium-server-2.53.1.jar;C:\Users\Vikas Yadav\eclipse-workspace\BatchExecution_BI\libs\selenium-support-2.53.1.jar;C:\Users\Vikas Yadav\eclipse-workspace\BatchExecution_BI\libs\serializer-2.7.2.jar;C:\Users\Vikas Yadav\eclipse-workspace\BatchExecution_BI\libs\sikulixapi.jar;C:\Users\Vikas Yadav\eclipse-workspace\BatchExecution_BI\libs\sikulixsetup-1.1.0.jar;C:\Users\Vikas Yadav\eclipse-workspace\BatchExecution_BI\libs\slf4j-api-1.7.2.jar;C:\Users\Vikas Yadav\eclipse-workspace\BatchExecution_BI\libs\snakeyaml-1.8.jar;C:\Users\Vikas Yadav\eclipse-workspace\BatchExecution_BI\libs\tdgssconfig.jar;C:\Users\Vikas Yadav\eclipse-workspace\BatchExecution_BI\libs\terajdbc4.jar;C:\Users\Vikas Yadav\eclipse-workspace\BatchExecution_BI\libs\testng-6.9.9.jar;C:\Users\Vikas Yadav\eclipse-workspace\BatchExecution_BI\libs\websocket-api-9.2.15.v20160210.jar;C:\Users\Vikas Yadav\eclipse-workspace\BatchExecution_BI\libs\websocket-client-9.2.15.v20160210.jar;C:\Users\Vikas Yadav\eclipse-workspace\BatchExecution_BI\libs\websocket-common-9.2.15.v20160210.jar;C:\Users\Vikas Yadav\eclipse-workspace\BatchExecution_BI\libs\xalan-2.7.2.jar;C:\Users\Vikas Yadav\eclipse-workspace\BatchExecution_BI\libs\xercesImpl-2.11.0.jar;C:\Users\Vikas Yadav\eclipse-workspace\BatchExecution_BI\libs\xml-apis-1.4.01.jar;C:\Users\Vikas Yadav\eclipse-workspace\BatchExecution_BI\libs\xmlbeans-2.6.0.jar;C:\Users\Vikas Yadav\eclipse-workspace\BatchExecution_BI\libs\xmlbeans-3.0.1.jar;D:\apache-ant-1.10.5-bin\apache-ant-1.10.5\lib\ant-launcher.jar;C:\Program Files\Teradata\Client\15.10\bin;C:\Program Files\Teradata\Client\15.10\bin\tdgeospatial.jar;C:\Program Files (x86)\Teradata\Client\15.10\bin;C:\Program Files (x86)\Teradata\Client\15.10\bin\tdgeospatial.jar;C:\Program Files\Teradata\Client\15.10\bin\jmsam.jar;C:\Program Files (x86)\Teradata\Client\15.10\bin\jmsam.jar;D:\apache-ant-1.10.5-bin\apache-ant-1.10.5\lib\ant-antlr.jar;D:\apache-ant-1.10.5-bin\apache-ant-1.10.5\lib\ant-apache-bcel.jar;D:\apache-ant-1.10.5-bin\apache-ant-1.10.5\lib\ant-apache-bsf.jar;D:\apache-ant-1.10.5-bin\apache-ant-1.10.5\lib\ant-apache-log4j.jar;D:\apache-ant-1.10.5-bin\apache-ant-1.10.5\lib\ant-apache-oro.jar;D:\apache-ant-1.10.5-bin\apache-ant-1.10.5\lib\ant-apache-regexp.jar;D:\apache-ant-1.10.5-bin\apache-ant-1.10.5\lib\ant-apache-resolver.jar;D:\apache-ant-1.10.5-bin\apache-ant-1.10.5\lib\ant-apache-xalan2.jar;D:\apache-ant-1.10.5-bin\apache-ant-1.10.5\lib\ant-commons-logging.jar;D:\apache-ant-1.10.5-bin\apache-ant-1.10.5\lib\ant-commons-net.jar;D:\apache-ant-1.10.5-bin\apache-ant-1.10.5\lib\ant-jai.jar;D:\apache-ant-1.10.5-bin\apache-ant-1.10.5\lib\ant-javamail.jar;D:\apache-ant-1.10.5-bin\apache-ant-1.10.5\lib\ant-jdepend.jar;D:\apache-ant-1.10.5-bin\apache-ant-1.10.5\lib\ant-jmf.jar;D:\apache-ant-1.10.5-bin\apache-ant-1.10.5\lib\ant-jsch.jar;D:\apache-ant-1.10.5-bin\apache-ant-1.10.5\lib\ant-junit.jar;D:\apache-ant-1.10.5-bin\apache-ant-1.10.5\lib\ant-junit4.jar;D:\apache-ant-1.10.5-bin\apache-ant-1.10.5\lib\ant-junitlauncher.jar;D:\apache-ant-1.10.5-bin\apache-ant-1.10.5\lib\ant-netrexx.jar;D:\apache-ant-1.10.5-bin\apache-ant-1.10.5\lib\ant-swing.jar;D:\apache-ant-1.10.5-bin\apache-ant-1.10.5\lib\ant-testutil.jar;D:\apache-ant-1.10.5-bin\apache-ant-1.10.5\lib\ant-xz.jar;D:\apache-ant-1.10.5-bin\apache-ant-1.10.5\lib\ant.jar;C:\Program Files\Java\jdk1.8.0_191\lib\tools.jar'
'-jar'
'C:\Users\Vikas Yadav\eclipse-workspace\BatchExecution_BI\SAF.jar'

The ' characters around the executable and arguments are
not part of the command.
     [java] Vikas Yadav
     [java]  Looking for the Informatica Server...
     [java]  
     [java] 
     [java]  User id029640 connected to devpwc01.ux.nl.tmo Server Successfully..!!
     [java] Our current directory is /pwc/Informatica/10.2/server/bin
     [java] -----------------------------------------------------------------------------------------------------------
     [java] 
     [java] Informatica(r) PMCMD, version [10.2.0], build [1707.0807], LINUX 64-bit
     [java] Copyright (c) 1993-2017 Informatica LLC. All Rights Reserved.
     [java] See patents at https://www.informatica.com/legal/patents.html.
     [java] 
     [java] Invoked at Wed Nov 28 16:12:27 2018
     [java] 
     [java] Connected to Integration Service: [PWC_INT_DEV].
     [java] Starting workflow [wf_KEY_SELE_TICO001]
     [java] Waiting for workflow [wf_KEY_SELE_TICO001] to complete
     [java] INFO: Workflow [wf_KEY_SELE_TICO001]: Execution succeeded.
     [java] Workflow wf_KEY_SELE_TICO001 with run instance name [] and run id [503754] started successfully.
     [java] Disconnecting from Integration Service
     [java] 
     [java] Completed at Wed Nov 28 16:12:33 2018
     [java] -----------------------------------------------------------------------------------------------------------
     [java] 
     [java] Informatica(r) PMCMD, version [10.2.0], build [1707.0807], LINUX 64-bit
     [java] Copyright (c) 1993-2017 Informatica LLC. All Rights Reserved.
     [java] See patents at https://www.informatica.com/legal/patents.html.
     [java] 
     [java] Invoked at Wed Nov 28 16:12:33 2018
     [java] 
     [java] Connected to Integration Service: [PWC_INT_DEV].
     [java] Folder: [KEY_CDM]
     [java] Workflow: [wf_KEY_SELE_TICO001]
     [java] Instance: [s_m_KEY_SELE_TICO001]
     [java] Mapping: [m_KEY_SELE_TICO001]
     [java] Session log file: [/pwc/data/SessLogs/s_m_KEY_SELE_TICO001.log.20181128161232]
     [java] Source success rows: [0]
     [java] Source failed rows: [0]
     [java] Target success rows: [0]
     [java] Target failed rows: [0]
     [java] Number of transformation errors: [0]
     [java] First error code [0]
     [java] First error message: [No errors encountered.]
     [java] Task run status: [Succeeded]
     [java] Integration Service: [PWC_INT_DEV]
     [java] Integration Service Process: [PWC_INT_DEV]
     [java] Integration Service Grid: [PWC_INT_DEV]
     [java] ----------------------------
     [java] Node Name(s) [node01]
     [java] Preparation fragment
     [java] 
     [java] Partition: [Partition #1]
     [java] Transformation instance: [SQ_TEC_CDM_V_SELE_LKP]
     [java] Transformation: [SQ_TEC_CDM_V_SELE_LKP]
     [java] Applied rows: [0]
     [java] Affected rows: [0]
     [java] Rejected rows: [0]
     [java] Throughput(Rows/Sec): [0]
     [java] Throughput(Bytes/Sec): [0]
     [java] Last error code [0], message [No errors encountered.]
     [java] Start time: [Wed Nov 28 16:12:32 2018]
     [java] End time: [Wed Nov 28 16:12:33 2018]
     [java] 
     [java] Partition: [Partition #1]
     [java] Transformation instance: [TEC_CDM_V_SELE_LKP1]
     [java] Transformation: [TEC_CDM_V_SELE_LKP]
     [java] Applied rows: [0]
     [java] Affected rows: [0]
     [java] Rejected rows: [0]
     [java] Throughput(Rows/Sec): [0]
     [java] Throughput(Bytes/Sec): [0]
     [java] Last error code [0], message [No errors encountered.]
     [java] Start time: [Wed Nov 28 16:12:33 2018]
     [java] End time: [Wed Nov 28 16:12:33 2018]
     [java] 
     [java] 
     [java] Disconnecting from Integration Service
     [java] 
     [java] Completed at Wed Nov 28 16:12:34 2018
     [java] -----------------------------------------------------------------------------------------------------------
     [java] 
     [java] Informatica(r) PMCMD, version [10.2.0], build [1707.0807], LINUX 64-bit
     [java] Copyright (c) 1993-2017 Informatica LLC. All Rights Reserved.
     [java] See patents at https://www.informatica.com/legal/patents.html.
     [java] 
     [java] Invoked at Wed Nov 28 16:12:34 2018
     [java] 
     [java] Connected to Integration Service: [PWC_INT_DEV].
     [java] Starting workflow [wf_KEY_SELE_TICO002]
     [java] Waiting for workflow [wf_KEY_SELE_TICO002] to complete
     [java] INFO: Workflow [wf_KEY_SELE_TICO002]: Execution succeeded.
     [java] Workflow wf_KEY_SELE_TICO002 with run instance name [] and run id [503755] started successfully.
     [java] Disconnecting from Integration Service
     [java] 
     [java] Completed at Wed Nov 28 16:12:41 2018
     [java] -----------------------------------------------------------------------------------------------------------
     [java] 
     [java] Informatica(r) PMCMD, version [10.2.0], build [1707.0807], LINUX 64-bit
     [java] Copyright (c) 1993-2017 Informatica LLC. All Rights Reserved.
     [java] See patents at https://www.informatica.com/legal/patents.html.
     [java] 
     [java] Invoked at Wed Nov 28 16:12:41 2018
     [java] 
     [java] Connected to Integration Service: [PWC_INT_DEV].
     [java] Folder: [KEY_CDM]
     [java] Workflow: [wf_KEY_SELE_TICO002]
     [java] Instance: [s_m_KEY_SELE_TICO002]
     [java] Mapping: [m_KEY_SELE_TICO002]
     [java] Session log file: [/pwc/data/SessLogs/s_m_KEY_SELE_TICO002.log.20181128161238]
     [java] Source success rows: [0]
     [java] Source failed rows: [0]
     [java] Target success rows: [0]
     [java] Target failed rows: [0]
     [java] Number of transformation errors: [0]
     [java] First error code [0]
     [java] First error message: [No errors encountered.]
     [java] Task run status: [Succeeded]
     [java] Integration Service: [PWC_INT_DEV]
     [java] Integration Service Process: [PWC_INT_DEV]
     [java] Integration Service Grid: [PWC_INT_DEV]
     [java] ----------------------------
     [java] Node Name(s) [node01]
     [java] Preparation fragment
     [java] 
     [java] Partition: [Partition #1]
     [java] Transformation instance: [TEC_CDM_V_SELE_LKP1]
     [java] Transformation: [TEC_CDM_V_SELE_LKP]
     [java] Applied rows: [0]
     [java] Affected rows: [0]
     [java] Rejected rows: [0]
     [java] Throughput(Rows/Sec): [0]
     [java] Throughput(Bytes/Sec): [0]
     [java] Last error code [0], message [No errors encountered.]
     [java] Start time: [Wed Nov 28 16:12:39 2018]
     [java] End time: [Wed Nov 28 16:12:39 2018]
     [java] 
     [java] 
     [java] Disconnecting from Integration Service
     [java] 
     [java] Completed at Wed Nov 28 16:12:42 2018
     [java] -----------------------------------------------------------------------------------------------------------
     [java] 
     [java] Informatica(r) PMCMD, version [10.2.0], build [1707.0807], LINUX 64-bit
     [java] Copyright (c) 1993-2017 Informatica LLC. All Rights Reserved.
     [java] See patents at https://www.informatica.com/legal/patents.html.
     [java] 
     [java] Invoked at Wed Nov 28 16:12:42 2018
     [java] 
     [java] Connected to Integration Service: [PWC_INT_DEV].
     [java] Starting workflow [wf_APPLY_WSLA_SPOTT001]
     [java] Waiting for workflow [wf_APPLY_WSLA_SPOTT001] to complete
     [java] INFO: Workflow [wf_APPLY_WSLA_SPOTT001]: Execution succeeded.
     [java] Workflow wf_APPLY_WSLA_SPOTT001 with run instance name [] and run id [503756] started successfully.
     [java] Disconnecting from Integration Service
     [java] 
     [java] Completed at Wed Nov 28 16:13:09 2018
     [java] -----------------------------------------------------------------------------------------------------------
     [java] 
     [java] Informatica(r) PMCMD, version [10.2.0], build [1707.0807], LINUX 64-bit
     [java] Copyright (c) 1993-2017 Informatica LLC. All Rights Reserved.
     [java] See patents at https://www.informatica.com/legal/patents.html.
     [java] 
     [java] Invoked at Wed Nov 28 16:13:09 2018
     [java] 
     [java] Connected to Integration Service: [PWC_INT_DEV].
     [java] Folder: [KEY_CDM]
     [java] Workflow: [wf_APPLY_WSLA_SPOTT001]
     [java] Instance: [s_m_APP_WSLA]
     [java] Mapping: [m_APP_WSLA]
     [java] Session log file: [/pwc/data/SessLogs/s_m_APP_WSLA.log.20181128161307]
     [java] Source success rows: [0]
     [java] Source failed rows: [0]
     [java] Target success rows: [74]
     [java] Target failed rows: [0]
     [java] Number of transformation errors: [0]
     [java] First error code [0]
     [java] First error message: [No errors encountered.]
     [java] Task run status: [Succeeded]
     [java] Integration Service: [PWC_INT_DEV]
     [java] Integration Service Process: [PWC_INT_DEV]
     [java] Integration Service Grid: [PWC_INT_DEV]
     [java] ----------------------------
     [java] Node Name(s) [node01]
     [java] Preparation fragment
     [java] 
     [java] Partition: [Partition #1]
     [java] Transformation instance: [CDM_V_WORKGROUP_SLA]
     [java] Transformation: [CDM_V_WORKGROUP_SLA]
     [java] Applied rows: [74]
     [java] Affected rows: [74]
     [java] Rejected rows: [0]
     [java] Throughput(Rows/Sec): [74]
     [java] Throughput(Bytes/Sec): [0]
     [java] Last error code [0], message [No errors encountered.]
     [java] Start time: [Wed Nov 28 16:13:08 2018]
     [java] End time: [Wed Nov 28 16:13:08 2018]
     [java] 
     [java] Partition: [Partition #1]
     [java] Transformation instance: [ETL_PROC_V_WSLA_ERR]
     [java] Transformation: [ETL_PROC_V_WSLA_ERR]
     [java] Applied rows: [0]
     [java] Affected rows: [0]
     [java] Rejected rows: [0]
     [java] Throughput(Rows/Sec): [0]
     [java] Throughput(Bytes/Sec): [0]
     [java] Last error code [0], message [No errors encountered.]
     [java] Start time: [Wed Nov 28 16:13:08 2018]
     [java] End time: [Wed Nov 28 16:13:08 2018]
     [java] 
     [java] Partition: [Partition #1]
     [java] Transformation instance: [CDM_V_WORKGROUP_SLA_CLOSE]
     [java] Transformation: [CDM_V_WORKGROUP_SLA]
     [java] Applied rows: [0]
     [java] Affected rows: [0]
     [java] Rejected rows: [0]
     [java] Throughput(Rows/Sec): [0]
     [java] Throughput(Bytes/Sec): [0]
     [java] Last error code [0], message [No errors encountered.]
     [java] Start time: [Wed Nov 28 16:13:07 2018]
     [java] End time: [Wed Nov 28 16:13:07 2018]
     [java] 
     [java] 
     [java] Disconnecting from Integration Service
     [java] 
     [java] Completed at Wed Nov 28 16:13:10 2018
     [java] -----------------------------------------------------------------------------------------------------------
     [java] 
     [java] Informatica(r) PMCMD, version [10.2.0], build [1707.0807], LINUX 64-bit
     [java] Copyright (c) 1993-2017 Informatica LLC. All Rights Reserved.
     [java] See patents at https://www.informatica.com/legal/patents.html.
     [java] 
     [java] Invoked at Wed Nov 28 16:13:10 2018
     [java] 
     [java] Connected to Integration Service: [PWC_INT_DEV].
     [java] Starting workflow [wf_APPLY_WSLA_TICO001]
     [java] Waiting for workflow [wf_APPLY_WSLA_TICO001] to complete
     [java] INFO: Workflow [wf_APPLY_WSLA_TICO001]: Execution succeeded.
     [java] Workflow wf_APPLY_WSLA_TICO001 with run instance name [] and run id [503757] started successfully.
     [java] Disconnecting from Integration Service
     [java] 
     [java] Completed at Wed Nov 28 16:13:33 2018
     [java] -----------------------------------------------------------------------------------------------------------
     [java] 
     [java] Informatica(r) PMCMD, version [10.2.0], build [1707.0807], LINUX 64-bit
     [java] Copyright (c) 1993-2017 Informatica LLC. All Rights Reserved.
     [java] See patents at https://www.informatica.com/legal/patents.html.
     [java] 
     [java] Invoked at Wed Nov 28 16:13:33 2018
     [java] 
     [java] Connected to Integration Service: [PWC_INT_DEV].
     [java] Folder: [KEY_CDM]
     [java] Workflow: [wf_APPLY_WSLA_TICO001]
     [java] Instance: [s_m_APP_WSLA]
     [java] Mapping: [m_APP_WSLA]
     [java] Session log file: [/pwc/data/SessLogs/s_m_APP_WSLA.log.20181128161330]
     [java] Source success rows: [0]
     [java] Source failed rows: [0]
     [java] Target success rows: [242]
     [java] Target failed rows: [0]
     [java] Number of transformation errors: [0]
     [java] First error code [0]
     [java] First error message: [No errors encountered.]
     [java] Task run status: [Succeeded]
     [java] Integration Service: [PWC_INT_DEV]
     [java] Integration Service Process: [PWC_INT_DEV]
     [java] Integration Service Grid: [PWC_INT_DEV]
     [java] ----------------------------
     [java] Node Name(s) [node01]
     [java] Preparation fragment
     [java] 
     [java] Partition: [Partition #1]
     [java] Transformation instance: [CDM_V_WORKGROUP_SLA]
     [java] Transformation: [CDM_V_WORKGROUP_SLA]
     [java] Applied rows: [192]
     [java] Affected rows: [192]
     [java] Rejected rows: [0]
     [java] Throughput(Rows/Sec): [192]
     [java] Throughput(Bytes/Sec): [0]
     [java] Last error code [0], message [No errors encountered.]
     [java] Start time: [Wed Nov 28 16:13:31 2018]
     [java] End time: [Wed Nov 28 16:13:31 2018]
     [java] 
     [java] Partition: [Partition #1]
     [java] Transformation instance: [ETL_PROC_V_WSLA_ERR]
     [java] Transformation: [ETL_PROC_V_WSLA_ERR]
     [java] Applied rows: [0]
     [java] Affected rows: [0]
     [java] Rejected rows: [0]
     [java] Throughput(Rows/Sec): [0]
     [java] Throughput(Bytes/Sec): [0]
     [java] Last error code [0], message [No errors encountered.]
     [java] Start time: [Wed Nov 28 16:13:31 2018]
     [java] End time: [Wed Nov 28 16:13:31 2018]
     [java] 
     [java] Partition: [Partition #1]
     [java] Transformation instance: [CDM_V_WORKGROUP_SLA_CLOSE]
     [java] Transformation: [CDM_V_WORKGROUP_SLA]
     [java] Applied rows: [50]
     [java] Affected rows: [50]
     [java] Rejected rows: [0]
     [java] Throughput(Rows/Sec): [50]
     [java] Throughput(Bytes/Sec): [0]
     [java] Last error code [0], message [No errors encountered.]
     [java] Start time: [Wed Nov 28 16:13:31 2018]
     [java] End time: [Wed Nov 28 16:13:31 2018]
     [java] 
     [java] 
     [java] Disconnecting from Integration Service
     [java] 
     [java] Completed at Wed Nov 28 16:13:34 2018
     [java] -----------------------------------------------------------------------------------------------------------
     [java] 
     [java] Informatica(r) PMCMD, version [10.2.0], build [1707.0807], LINUX 64-bit
     [java] Copyright (c) 1993-2017 Informatica LLC. All Rights Reserved.
     [java] See patents at https://www.informatica.com/legal/patents.html.
     [java] 
     [java] Invoked at Wed Nov 28 16:13:34 2018
     [java] 
     [java] Connected to Integration Service: [PWC_INT_DEV].
     [java] Starting workflow [wf_FCT_WORKGROUP_CALL_CCC001]
     [java] Waiting for workflow [wf_FCT_WORKGROUP_CALL_CCC001] to complete
     [java] INFO: Workflow [wf_FCT_WORKGROUP_CALL_CCC001]: Execution succeeded.
     [java] Workflow wf_FCT_WORKGROUP_CALL_CCC001 with run instance name [] and run id [503758] started successfully.
     [java] Disconnecting from Integration Service
     [java] 
     [java] Completed at Wed Nov 28 16:13:45 2018
     [java] -----------------------------------------------------------------------------------------------------------
     [java] 
     [java] Informatica(r) PMCMD, version [10.2.0], build [1707.0807], LINUX 64-bit
     [java] Copyright (c) 1993-2017 Informatica LLC. All Rights Reserved.
     [java] See patents at https://www.informatica.com/legal/patents.html.
     [java] 
     [java] Invoked at Wed Nov 28 16:13:45 2018
     [java] 
     [java] Connected to Integration Service: [PWC_INT_DEV].
     [java] Folder: [EDW]
     [java] Workflow: [wf_FCT_WORKGROUP_CALL_CCC001]
     [java] Instance: [s_m_FCT_WORKGROUP_CALL_CCC001]
     [java] Mapping: [m_FCT_WORKGROUP_CALL_CCC001]
     [java] Session log file: [/pwc/data/SessLogs/s_m_FCT_WORKGROUP_CALL_CCC001.log.20181128161339]
     [java] Source success rows: [0]
     [java] Source failed rows: [0]
     [java] Target success rows: [371053]
     [java] Target failed rows: [0]
     [java] Number of transformation errors: [0]
     [java] First error code [0]
     [java] First error message: [No errors encountered.]
     [java] Task run status: [Succeeded]
     [java] Integration Service: [PWC_INT_DEV]
     [java] Integration Service Process: [PWC_INT_DEV]
     [java] Integration Service Grid: [PWC_INT_DEV]
     [java] ----------------------------
     [java] Node Name(s) [node01]
     [java] Preparation fragment
     [java] 
     [java] Partition: [Partition #1]
     [java] Transformation instance: [EDW_V_FCT_WORKGROUP_CALL]
     [java] Transformation: [EDW_V_FCT_WORKGROUP_CALL]
     [java] Applied rows: [371053]
     [java] Affected rows: [371053]
     [java] Rejected rows: [0]
     [java] Throughput(Rows/Sec): [123685]
     [java] Throughput(Bytes/Sec): [0]
     [java] Last error code [0], message [No errors encountered.]
     [java] Start time: [Wed Nov 28 16:13:40 2018]
     [java] End time: [Wed Nov 28 16:13:43 2018]
     [java] 
     [java] 
     [java] Disconnecting from Integration Service
     [java] 
     [java] Completed at Wed Nov 28 16:13:46 2018
     [java] -----------------------------------------------------------------------------------------------------------
     [java] Done!
     [java] {RunFlag=Run, TestCasePath=../BatchExecution_BI/src/TestCases/TC_CDM_WORKGROUP_SLA_TICO001.xlsx, Sr .No=1.0, Environment=Development, TableDescription=CDM, TablesName=CDM_WORKGROUP_SLA}
     [java] {RunFlag=Run, TestCasePath=../BatchExecution_BI/src/TestCases/TC_EDW_FCT_FWGC_WORKGROUP_CALL_CCC001.xlsx, Sr .No=4.0, Environment=Development, TableDescription=EDW FACT, TablesName=FCT_WORKGROUP_CALL}
     [java]  JDBC driver loaded. 
     [java] 
     [java]  Looking for the Teradata JDBC driver...
     [java]  
     [java] 
     [java]  User ID029640 connected.
     [java] CDM_WORKGROUP_SLA
     [java] [ Total TestCase : 12] [ TestCase Pass : 12] [ TestCase Fail : 0]
     [java]  Connection to Teradata closed. 
     [java] 
     [java] -----------------------------------------------------------------------------------------------------------
     [java]  JDBC driver loaded. 
     [java] 
     [java]  Looking for the Teradata JDBC driver...
     [java]  
     [java] 
     [java]  User ID029640 connected.
     [java] FCT_WORKGROUP_CALL
     [java] [ Total TestCase : 23] [ TestCase Pass : 23] [ TestCase Fail : 0]
     [java]  Connection to Teradata closed. 
     [java] 
     [java] -----------------------------------------------------------------------------------------------------------
run:  duration 1 minute 51 seconds

BUILD SUCCESSFUL
