     [echo] Build logged to build_2018-11-28_18-24-12.log
     [java] When using 'jar' attribute classpath-settings are ignored. See the manual for more information.
     [java] Executing 'C:\Program Files\Java\jdk1.8.0_191\jre\bin\java.exe' with arguments:
'-classpath'
'C:\Users\Vikas Yadav\eclipse-workspace\BatchExecution_BI\libs\activation-1.1.1.jar;C:\Users\Vikas Yadav\eclipse-workspace\BatchExecution_BI\libs\apache-mime4j-0.6.jar;C:\Users\Vikas Yadav\eclipse-workspace\BatchExecution_BI\libs\bcpkix-jdk15on-1.48.jar;C:\Users\Vikas Yadav\eclipse-workspace\BatchExecution_BI\libs\bcprov-jdk15on-1.48.jar;C:\Users\Vikas Yadav\eclipse-workspace\BatchExecution_BI\libs\bsh-2.0b4.jar;C:\Users\Vikas Yadav\eclipse-workspace\BatchExecution_BI\libs\cglib-nodep-2.1_3.jar;C:\Users\Vikas Yadav\eclipse-workspace\BatchExecution_BI\libs\cglib-nodep-3.2.4.jar;C:\Users\Vikas Yadav\eclipse-workspace\BatchExecution_BI\libs\client-combined-3.0.1-nodeps.jar;C:\Users\Vikas Yadav\eclipse-workspace\BatchExecution_BI\libs\commons-codec-1.10.jar;C:\Users\Vikas Yadav\eclipse-workspace\BatchExecution_BI\libs\commons-codec-1.11.jar;C:\Users\Vikas Yadav\eclipse-workspace\BatchExecution_BI\libs\commons-collections-3.2.2.jar;C:\Users\Vikas Yadav\eclipse-workspace\BatchExecution_BI\libs\commons-collections4-4.1.jar;C:\Users\Vikas Yadav\eclipse-workspace\BatchExecution_BI\libs\commons-collections4-4.2.jar;C:\Users\Vikas Yadav\eclipse-workspace\BatchExecution_BI\libs\commons-exec-1.3.jar;C:\Users\Vikas Yadav\eclipse-workspace\BatchExecution_BI\libs\commons-io-2.4.jar;C:\Users\Vikas Yadav\eclipse-workspace\BatchExecution_BI\libs\commons-io-2.5.jar;C:\Users\Vikas Yadav\eclipse-workspace\BatchExecution_BI\libs\commons-lang3-3.4.jar;C:\Users\Vikas Yadav\eclipse-workspace\BatchExecution_BI\libs\commons-logging-1.2.jar;C:\Users\Vikas Yadav\eclipse-workspace\BatchExecution_BI\libs\commons-math3-3.6.1.jar;C:\Users\Vikas Yadav\eclipse-workspace\BatchExecution_BI\libs\cssparser-0.9.18.jar;C:\Users\Vikas Yadav\eclipse-workspace\BatchExecution_BI\libs\cssparser-0.9.20.jar;C:\Users\Vikas Yadav\eclipse-workspace\BatchExecution_BI\libs\curvesapi-1.04.jar;C:\Users\Vikas Yadav\eclipse-workspace\BatchExecution_BI\libs\curvesapi-1.05.jar;C:\Users\Vikas Yadav\eclipse-workspace\BatchExecution_BI\libs\gson-2.3.1.jar;C:\Users\Vikas Yadav\eclipse-workspace\BatchExecution_BI\libs\guava-19.0.jar;C:\Users\Vikas Yadav\eclipse-workspace\BatchExecution_BI\libs\hamcrest-core-1.3.jar;C:\Users\Vikas Yadav\eclipse-workspace\BatchExecution_BI\libs\hamcrest-library-1.3.jar;C:\Users\Vikas Yadav\eclipse-workspace\BatchExecution_BI\libs\htmlunit-2.21.jar;C:\Users\Vikas Yadav\eclipse-workspace\BatchExecution_BI\libs\htmlunit-2.23.jar;C:\Users\Vikas Yadav\eclipse-workspace\BatchExecution_BI\libs\htmlunit-core-js-2.17.jar;C:\Users\Vikas Yadav\eclipse-workspace\BatchExecution_BI\libs\htmlunit-core-js-2.23.jar;C:\Users\Vikas Yadav\eclipse-workspace\BatchExecution_BI\libs\htmlunit-driver-2.21.jar;C:\Users\Vikas Yadav\eclipse-workspace\BatchExecution_BI\libs\httpclient-4.5.1.jar;C:\Users\Vikas Yadav\eclipse-workspace\BatchExecution_BI\libs\httpclient-4.5.2.jar;C:\Users\Vikas Yadav\eclipse-workspace\BatchExecution_BI\libs\httpcore-4.4.3.jar;C:\Users\Vikas Yadav\eclipse-workspace\BatchExecution_BI\libs\httpcore-4.4.4.jar;C:\Users\Vikas Yadav\eclipse-workspace\BatchExecution_BI\libs\httpmime-4.5.2.jar;C:\Users\Vikas Yadav\eclipse-workspace\BatchExecution_BI\libs\javax.servlet-api-3.1.0.jar;C:\Users\Vikas Yadav\eclipse-workspace\BatchExecution_BI\libs\jaxb-api-2.3.0.jar;C:\Users\Vikas Yadav\eclipse-workspace\BatchExecution_BI\libs\jaxb-core-2.3.0.1.jar;C:\Users\Vikas Yadav\eclipse-workspace\BatchExecution_BI\libs\jaxb-impl-2.3.0.1.jar;C:\Users\Vikas Yadav\eclipse-workspace\BatchExecution_BI\libs\jcip-annotations-1.0.jar;C:\Users\Vikas Yadav\eclipse-workspace\BatchExecution_BI\libs\jcommander-1.48.jar;C:\Users\Vikas Yadav\eclipse-workspace\BatchExecution_BI\libs\jetty-io-9.2.13.v20150730.jar;C:\Users\Vikas Yadav\eclipse-workspace\BatchExecution_BI\libs\jetty-io-9.2.15.v20160210.jar;C:\Users\Vikas Yadav\eclipse-workspace\BatchExecution_BI\libs\jetty-rc-repacked-5.jar;C:\Users\Vikas Yadav\eclipse-workspace\BatchExecution_BI\libs\jetty-repacked-9.2.13.v20150730.jar;C:\Users\Vikas Yadav\eclipse-workspace\BatchExecution_BI\libs\jetty-util-9.2.13.v20150730.jar;C:\Users\Vikas Yadav\eclipse-workspace\BatchExecution_BI\libs\jetty-util-9.2.15.v20160210.jar;C:\Users\Vikas Yadav\eclipse-workspace\BatchExecution_BI\libs\jna-4.1.0.jar;C:\Users\Vikas Yadav\eclipse-workspace\BatchExecution_BI\libs\jna-platform-4.1.0.jar;C:\Users\Vikas Yadav\eclipse-workspace\BatchExecution_BI\libs\jsch-0.1.54.jar;C:\Users\Vikas Yadav\eclipse-workspace\BatchExecution_BI\libs\jsonic-1.2.0.jar;C:\Users\Vikas Yadav\eclipse-workspace\BatchExecution_BI\libs\junit-4.12.jar;C:\Users\Vikas Yadav\eclipse-workspace\BatchExecution_BI\libs\langdetect.jar;C:\Users\Vikas Yadav\eclipse-workspace\BatchExecution_BI\libs\log4j-1.2.17.jar;C:\Users\Vikas Yadav\eclipse-workspace\BatchExecution_BI\libs\mx4j-tools-3.0.1.jar;C:\Users\Vikas Yadav\eclipse-workspace\BatchExecution_BI\libs\neko-htmlunit-2.21.jar;C:\Users\Vikas Yadav\eclipse-workspace\BatchExecution_BI\libs\neko-htmlunit-2.23.jar;C:\Users\Vikas Yadav\eclipse-workspace\BatchExecution_BI\libs\netty-3.5.7.Final.jar;C:\Users\Vikas Yadav\eclipse-workspace\BatchExecution_BI\libs\phantomjsdriver-1.2.1.jar;C:\Users\Vikas Yadav\eclipse-workspace\BatchExecution_BI\libs\phantomjsdriver-1.3.0.jar;C:\Users\Vikas Yadav\eclipse-workspace\BatchExecution_BI\libs\poi-3.15-beta1.jar;C:\Users\Vikas Yadav\eclipse-workspace\BatchExecution_BI\libs\poi-3.16-beta1.jar;C:\Users\Vikas Yadav\eclipse-workspace\BatchExecution_BI\libs\poi-4.0.0.jar;C:\Users\Vikas Yadav\eclipse-workspace\BatchExecution_BI\libs\poi-examples-3.15-beta1.jar;C:\Users\Vikas Yadav\eclipse-workspace\BatchExecution_BI\libs\poi-examples-3.16-beta1.jar;C:\Users\Vikas Yadav\eclipse-workspace\BatchExecution_BI\libs\poi-examples-4.0.0.jar;C:\Users\Vikas Yadav\eclipse-workspace\BatchExecution_BI\libs\poi-excelant-3.15-beta1.jar;C:\Users\Vikas Yadav\eclipse-workspace\BatchExecution_BI\libs\poi-excelant-3.16-beta1.jar;C:\Users\Vikas Yadav\eclipse-workspace\BatchExecution_BI\libs\poi-excelant-4.0.0.jar;C:\Users\Vikas Yadav\eclipse-workspace\BatchExecution_BI\libs\poi-ooxml-3.15-beta1.jar;C:\Users\Vikas Yadav\eclipse-workspace\BatchExecution_BI\libs\poi-ooxml-3.16-beta1.jar;C:\Users\Vikas Yadav\eclipse-workspace\BatchExecution_BI\libs\poi-ooxml-4.0.0.jar;C:\Users\Vikas Yadav\eclipse-workspace\BatchExecution_BI\libs\poi-ooxml-schemas-3.15-beta1.jar;C:\Users\Vikas Yadav\eclipse-workspace\BatchExecution_BI\libs\poi-ooxml-schemas-3.16-beta1.jar;C:\Users\Vikas Yadav\eclipse-workspace\BatchExecution_BI\libs\poi-ooxml-schemas-4.0.0.jar;C:\Users\Vikas Yadav\eclipse-workspace\BatchExecution_BI\libs\poi-scratchpad-3.15-beta1.jar;C:\Users\Vikas Yadav\eclipse-workspace\BatchExecution_BI\libs\poi-scratchpad-3.16-beta1.jar;C:\Users\Vikas Yadav\eclipse-workspace\BatchExecution_BI\libs\poi-scratchpad-4.0.0.jar;C:\Users\Vikas Yadav\eclipse-workspace\BatchExecution_BI\libs\sac-1.3.jar;C:\Users\Vikas Yadav\eclipse-workspace\BatchExecution_BI\libs\selenium-api-2.53.1.jar;C:\Users\Vikas Yadav\eclipse-workspace\BatchExecution_BI\libs\selenium-chrome-driver-2.53.1.jar;C:\Users\Vikas Yadav\eclipse-workspace\BatchExecution_BI\libs\selenium-edge-driver-2.53.1.jar;C:\Users\Vikas Yadav\eclipse-workspace\BatchExecution_BI\libs\selenium-firefox-driver-2.53.1.jar;C:\Users\Vikas Yadav\eclipse-workspace\BatchExecution_BI\libs\selenium-ie-driver-2.53.1.jar;C:\Users\Vikas Yadav\eclipse-workspace\BatchExecution_BI\libs\selenium-java-2.53.1.jar;C:\Users\Vikas Yadav\eclipse-workspace\BatchExecution_BI\libs\selenium-leg-rc-2.53.1.jar;C:\Users\Vikas Yadav\eclipse-workspace\BatchExecution_BI\libs\selenium-remote-driver-2.53.1.jar;C:\Users\Vikas Yadav\eclipse-workspace\BatchExecution_BI\libs\selenium-safari-driver-2.53.1.jar;C:\Users\Vikas Yadav\eclipse-workspace\BatchExecution_BI\libs\selenium-server-2.53.1.jar;C:\Users\Vikas Yadav\eclipse-workspace\BatchExecution_BI\libs\selenium-support-2.53.1.jar;C:\Users\Vikas Yadav\eclipse-workspace\BatchExecution_BI\libs\serializer-2.7.2.jar;C:\Users\Vikas Yadav\eclipse-workspace\BatchExecution_BI\libs\sikulixapi.jar;C:\Users\Vikas Yadav\eclipse-workspace\BatchExecution_BI\libs\sikulixsetup-1.1.0.jar;C:\Users\Vikas Yadav\eclipse-workspace\BatchExecution_BI\libs\slf4j-api-1.7.2.jar;C:\Users\Vikas Yadav\eclipse-workspace\BatchExecution_BI\libs\snakeyaml-1.8.jar;C:\Users\Vikas Yadav\eclipse-workspace\BatchExecution_BI\libs\tdgssconfig.jar;C:\Users\Vikas Yadav\eclipse-workspace\BatchExecution_BI\libs\terajdbc4.jar;C:\Users\Vikas Yadav\eclipse-workspace\BatchExecution_BI\libs\testng-6.9.9.jar;C:\Users\Vikas Yadav\eclipse-workspace\BatchExecution_BI\libs\websocket-api-9.2.15.v20160210.jar;C:\Users\Vikas Yadav\eclipse-workspace\BatchExecution_BI\libs\websocket-client-9.2.15.v20160210.jar;C:\Users\Vikas Yadav\eclipse-workspace\BatchExecution_BI\libs\websocket-common-9.2.15.v20160210.jar;C:\Users\Vikas Yadav\eclipse-workspace\BatchExecution_BI\libs\xalan-2.7.2.jar;C:\Users\Vikas Yadav\eclipse-workspace\BatchExecution_BI\libs\xercesImpl-2.11.0.jar;C:\Users\Vikas Yadav\eclipse-workspace\BatchExecution_BI\libs\xml-apis-1.4.01.jar;C:\Users\Vikas Yadav\eclipse-workspace\BatchExecution_BI\libs\xmlbeans-2.6.0.jar;C:\Users\Vikas Yadav\eclipse-workspace\BatchExecution_BI\libs\xmlbeans-3.0.1.jar;D:\apache-ant-1.10.5-bin\apache-ant-1.10.5\lib\ant-launcher.jar;C:\Program Files\Teradata\Client\15.10\bin;C:\Program Files\Teradata\Client\15.10\bin\tdgeospatial.jar;C:\Program Files (x86)\Teradata\Client\15.10\bin;C:\Program Files (x86)\Teradata\Client\15.10\bin\tdgeospatial.jar;C:\Program Files\Teradata\Client\15.10\bin\jmsam.jar;C:\Program Files (x86)\Teradata\Client\15.10\bin\jmsam.jar;D:\apache-ant-1.10.5-bin\apache-ant-1.10.5\lib\ant-antlr.jar;D:\apache-ant-1.10.5-bin\apache-ant-1.10.5\lib\ant-apache-bcel.jar;D:\apache-ant-1.10.5-bin\apache-ant-1.10.5\lib\ant-apache-bsf.jar;D:\apache-ant-1.10.5-bin\apache-ant-1.10.5\lib\ant-apache-log4j.jar;D:\apache-ant-1.10.5-bin\apache-ant-1.10.5\lib\ant-apache-oro.jar;D:\apache-ant-1.10.5-bin\apache-ant-1.10.5\lib\ant-apache-regexp.jar;D:\apache-ant-1.10.5-bin\apache-ant-1.10.5\lib\ant-apache-resolver.jar;D:\apache-ant-1.10.5-bin\apache-ant-1.10.5\lib\ant-apache-xalan2.jar;D:\apache-ant-1.10.5-bin\apache-ant-1.10.5\lib\ant-commons-logging.jar;D:\apache-ant-1.10.5-bin\apache-ant-1.10.5\lib\ant-commons-net.jar;D:\apache-ant-1.10.5-bin\apache-ant-1.10.5\lib\ant-jai.jar;D:\apache-ant-1.10.5-bin\apache-ant-1.10.5\lib\ant-javamail.jar;D:\apache-ant-1.10.5-bin\apache-ant-1.10.5\lib\ant-jdepend.jar;D:\apache-ant-1.10.5-bin\apache-ant-1.10.5\lib\ant-jmf.jar;D:\apache-ant-1.10.5-bin\apache-ant-1.10.5\lib\ant-jsch.jar;D:\apache-ant-1.10.5-bin\apache-ant-1.10.5\lib\ant-junit.jar;D:\apache-ant-1.10.5-bin\apache-ant-1.10.5\lib\ant-junit4.jar;D:\apache-ant-1.10.5-bin\apache-ant-1.10.5\lib\ant-junitlauncher.jar;D:\apache-ant-1.10.5-bin\apache-ant-1.10.5\lib\ant-netrexx.jar;D:\apache-ant-1.10.5-bin\apache-ant-1.10.5\lib\ant-swing.jar;D:\apache-ant-1.10.5-bin\apache-ant-1.10.5\lib\ant-testutil.jar;D:\apache-ant-1.10.5-bin\apache-ant-1.10.5\lib\ant-xz.jar;D:\apache-ant-1.10.5-bin\apache-ant-1.10.5\lib\ant.jar;C:\Program Files\Java\jdk1.8.0_191\lib\tools.jar'
'-jar'
'C:\Users\Vikas Yadav\eclipse-workspace\BatchExecution_BI\SAF.jar'

The ' characters around the executable and arguments are
not part of the command.
     [java] Vikas Yadav
     [java]  Looking for the Informatica Server...
     [java]  
     [java] 
     [java]  User id029640 connected to devpwc01.ux.nl.tmo Server Successfully..!!
     [java] Done!
     [java] {RunFlag=RUN, TestCasePath=../BatchExecution_BI/src/TestCases/TC_STAGE_HEAP_SF_CASE.xlsx, Sr .No=1.0, Environment=Development, TableDescription=STAGE HEAP, TablesName=SF_CASE}
     [java] {RunFlag=RUN, TestCasePath=../BatchExecution_BI/src/TestCases/TC_STAGE_HEAP_SF_CASE_HISTORY.xlsx, Sr .No=2.0, Environment=Development, TableDescription=STAGE HEAP, TablesName=SF_CASE_HISTORY}
     [java] {RunFlag=RUN, TestCasePath=../BatchExecution_BI/src/TestCases/TC_STAGE_HEAP_SF_USER.xlsx, Sr .No=3.0, Environment=Development, TableDescription=STAGE HEAP, TablesName=SF_USER}
     [java] {RunFlag=RUN, TestCasePath=../BatchExecution_BI/src/TestCases/TC_STAGE_HEAP_SF_ACCOUNT.xlsx, Sr .No=4.0, Environment=Development, TableDescription=STAGE HEAP, TablesName=SF_ACCOUNT}
     [java] {RunFlag=RUN, TestCasePath=../BatchExecution_BI/src/TestCases/TC_STAGE_HEAP_SF RECORD_TYPE.xlsx, Sr .No=5.0, Environment=Development, TableDescription=STAGE HEAP, TablesName=SF_RECORD_TYPE}
     [java] {RunFlag=RUN, TestCasePath=../BatchExecution_BI/src/TestCases/TC_TEC_CDM_EVENT_REASON_LKP_SF001.xlsx, Sr .No=6.0, Environment=Development, TableDescription=TEC_CDM_KEY, TablesName=TEC_CDM_EVENT_REASON}
     [java] {RunFlag=RUN, TestCasePath=../BatchExecution_BI/src/TestCases/TC_TEC_CDM_EVENT_PARTY_SF001.xlsx, Sr .No=7.0, Environment=Development, TableDescription=TEC_CDM_KEY, TablesName=TEC_CDM_EVENT_PARTY}
     [java] {RunFlag=RUN, TestCasePath=../BatchExecution_BI/src/TestCases/TC_TEC_CDM_EVENT_PARTY_SF004.xlsx, Sr .No=8.0, Environment=Development, TableDescription=TEC_CDM_KEY, TablesName=TEC_CDM_EVENT_PARTY}
     [java] {RunFlag=RUN, TestCasePath=../BatchExecution_BI/src/TestCases/TC_TEC_CDM_EVENT_LKP_SF001.xlsx, Sr .No=9.0, Environment=Development, TableDescription=TEC_CDM_KEY, TablesName=TEC_CDM_EVENT_LKP}
     [java] {RunFlag=RUN, TestCasePath=../BatchExecution_BI/src/TestCases/TC_CDM_V_EVENT_STATUS_SF001.xlsx, Sr .No=10.0, Environment=Development, TableDescription=CDM, TablesName=CDM EVENT STATUS}
     [java] {RunFlag=RUN, TestCasePath=../BatchExecution_BI/src/TestCases/TC_CDM_EVENT_CHANNEL_SF001.xlsx, Sr .No=11.0, Environment=Development, TableDescription=CDM, TablesName=CDM EVENT CHANNEL}
     [java] {RunFlag=RUN, TestCasePath=../BatchExecution_BI/src/TestCases/TC_CDM_EVENT_ACCOUNT_SF001.xlsx, Sr .No=12.0, Environment=Development, TableDescription=CDM, TablesName=CDM EVENT ACCOUNT}
     [java] {RunFlag=RUN, TestCasePath=../BatchExecution_BI/src/TestCases/TC_CDM_V_EVENT_REASON_SF001.xlsx, Sr .No=13.0, Environment=Development, TableDescription=CDM, TablesName=CDM EVENT REASON}
     [java] {RunFlag=RUN, TestCasePath=../BatchExecution_BI/src/TestCases/TC_CDM_EVENT_PARTY_SF001.xlsx, Sr .No=14.0, Environment=Development, TableDescription=CDM, TablesName=CDM EVENT PARTY}
     [java] {RunFlag=RUN, TestCasePath=../BatchExecution_BI/src/TestCases/TC_CDM_CASE_EVENT_SF001.xlsx, Sr .No=15.0, Environment=Development, TableDescription=CDM, TablesName=CDM CASE EVENT}
     [java] {RunFlag=RUN, TestCasePath=../BatchExecution_BI/src/TestCases/TC_CDM_CASE_EVENT(1)_SF001.xlsx, Sr .No=16.0, Environment=Development, TableDescription=CDM, TablesName=CDM CASE EVENT}
     [java] {RunFlag=RUN, TestCasePath=../BatchExecution_BI/src/TestCases/TC_DIM_CONTACT_CASE_DE001.xlsx, Sr .No=17.0, Environment=Development, TableDescription=EDW DIM, TablesName=EDW DIM CONTACT CASE}
     [java] {RunFlag=RUN, TestCasePath=../BatchExecution_BI/src/TestCases/TC_DIM_CONTACT_CASE_REASON_DCVR001.xlsx, Sr .No=18.0, Environment=Development, TableDescription=EDW DIM, TablesName=EDW DIM CONTACT CASE REASON}
     [java] {RunFlag=RUN, TestCasePath=../BatchExecution_BI/src/TestCases/TC_EDW_FCT_CONTACT_CASE_CAEV001.xlsx, Sr .No=19.0, Environment=Development, TableDescription=EDW FACT, TablesName=FCT CONTACT CASE}
     [java]  JDBC driver loaded. 
     [java] 
     [java]  Looking for the Teradata JDBC driver...
     [java]  
     [java] 
     [java]  User ID029640 connected.
     [java] SF_CASE
     [java] |--------------------------------------------------------------------------------|------------------------------|-------------------------------|
     [java] |    TESTCASE NAME                                                               |    TESTCASE_ACTUAL_RESULT    |    TESTCASE_EXECUTION_DATE    |
     [java] |--------------------------------------------------------------------------------|------------------------------|-------------------------------|
     [java] |    Null Validation for Technical Columns                                       |    0                         |    28-11-2018 18 :24 : 17     |
     [java] |--------------------------------------------------------------------------------|------------------------------|-------------------------------|
     [java] |    Validate the data type of STAGE AND HEAP                                    |    0                         |    28-11-2018 18 :24 : 18     |
     [java] |--------------------------------------------------------------------------------|------------------------------|-------------------------------|
     [java] |    Data availability in Heap                                                   |    9250668                   |    28-11-2018 18 :24 : 18     |
     [java] |--------------------------------------------------------------------------------|------------------------------|-------------------------------|
     [java] |    Validate ETL_VALID_FROM_DT and ETL_VALID_TO_DT for Heap                     |    0                         |    28-11-2018 18 :24 : 20     |
     [java] |--------------------------------------------------------------------------------|------------------------------|-------------------------------|
     [java] |    Stage Heap SF_CASE_HISTORY : Validation of the database tables and views    |    0                         |    28-11-2018 18 :24 : 21     |
     [java] |--------------------------------------------------------------------------------|------------------------------|-------------------------------|
     [java] |    Validation Duplicate ETL_BK_MD5 and ETL_MD5 key in Heap                     |    0                         |    28-11-2018 18 :24 : 23     |
     [java] |--------------------------------------------------------------------------------|------------------------------|-------------------------------|
     [java] 
     [java] [ Total TestCase : 6] [ TestCase Pass : 6] [ TestCase Fail : 0]
     [java]  Connection to Teradata closed. 
     [java] 
     [java] -----------------------------------------------------------------------------------------------------------
     [java]  JDBC driver loaded. 
     [java] 
     [java]  Looking for the Teradata JDBC driver...
     [java]  
     [java] 
     [java]  User ID029640 connected.
     [java] SF_CASE_HISTORY
     [java] |--------------------------------------------------------------------------------|------------------------------|-------------------------------|
     [java] |    TESTCASE NAME                                                               |    TESTCASE_ACTUAL_RESULT    |    TESTCASE_EXECUTION_DATE    |
     [java] |--------------------------------------------------------------------------------|------------------------------|-------------------------------|
     [java] |    Validation Duplicate ETL_BK_MD5 and ETL_MD5 key in stage                    |    0                         |    28-11-2018 18 :24 : 23     |
     [java] |--------------------------------------------------------------------------------|------------------------------|-------------------------------|
     [java] |    Null Validation for Technical Columns                                       |    0                         |    28-11-2018 18 :24 : 23     |
     [java] |--------------------------------------------------------------------------------|------------------------------|-------------------------------|
     [java] |    Validate the data type of STAGE AND HEAP                                    |    0                         |    28-11-2018 18 :24 : 24     |
     [java] |--------------------------------------------------------------------------------|------------------------------|-------------------------------|
     [java] |    Data availability in Heap                                                   |    4120                      |    28-11-2018 18 :24 : 24     |
     [java] |--------------------------------------------------------------------------------|------------------------------|-------------------------------|
     [java] |    Validate ETL_VALID_FROM_DT and ETL_VALID_TO_DT for Heap                     |    0                         |    28-11-2018 18 :24 : 25     |
     [java] |--------------------------------------------------------------------------------|------------------------------|-------------------------------|
     [java] |    Stage Heap SF_CASE_HISTORY : Validation of the database tables and views    |    0                         |    28-11-2018 18 :24 : 26     |
     [java] |--------------------------------------------------------------------------------|------------------------------|-------------------------------|
     [java] |    Validation Duplicate ETL_BK_MD5 and ETL_MD5 key in Heap                     |    0                         |    28-11-2018 18 :24 : 26     |
     [java] |--------------------------------------------------------------------------------|------------------------------|-------------------------------|
     [java] 
     [java] [ Total TestCase : 13] [ TestCase Pass : 13] [ TestCase Fail : 0]
     [java]  Connection to Teradata closed. 
     [java] 
     [java] -----------------------------------------------------------------------------------------------------------
     [java]  JDBC driver loaded. 
     [java] 
     [java]  Looking for the Teradata JDBC driver...
     [java]  
     [java] 
     [java]  User ID029640 connected.
     [java] SF_USER
     [java] |--------------------------------------------------------------------------------|------------------------------|-------------------------------|
     [java] |    TESTCASE NAME                                                               |    TESTCASE_ACTUAL_RESULT    |    TESTCASE_EXECUTION_DATE    |
     [java] |--------------------------------------------------------------------------------|------------------------------|-------------------------------|
     [java] |    Null Validation for Technical Columns                                       |    0                         |    28-11-2018 18 :24 : 26     |
     [java] |--------------------------------------------------------------------------------|------------------------------|-------------------------------|
     [java] |    Validate the data type of STAGE AND HEAP                                    |    0                         |    28-11-2018 18 :24 : 27     |
     [java] |--------------------------------------------------------------------------------|------------------------------|-------------------------------|
     [java] |    Data availability in Heap                                                   |    6271                      |    28-11-2018 18 :24 : 27     |
     [java] |--------------------------------------------------------------------------------|------------------------------|-------------------------------|
     [java] |    Validate ETL_VALID_FROM_DT and ETL_VALID_TO_DT for Heap                     |    0                         |    28-11-2018 18 :24 : 27     |
     [java] |--------------------------------------------------------------------------------|------------------------------|-------------------------------|
     [java] |    Stage Heap SF_CASE_HISTORY : Validation of the database tables and views    |    0                         |    28-11-2018 18 :24 : 28     |
     [java] |--------------------------------------------------------------------------------|------------------------------|-------------------------------|
     [java] |    Validation Duplicate ETL_BK_MD5 and ETL_MD5 key in Heap                     |    0                         |    28-11-2018 18 :24 : 29     |
     [java] |--------------------------------------------------------------------------------|------------------------------|-------------------------------|
     [java] 
     [java] [ Total TestCase : 19] [ TestCase Pass : 19] [ TestCase Fail : 0]
     [java]  Connection to Teradata closed. 
     [java] 
     [java] -----------------------------------------------------------------------------------------------------------
     [java]  JDBC driver loaded. 
     [java] 
     [java]  Looking for the Teradata JDBC driver...
     [java]  
     [java] 
     [java]  User ID029640 connected.
     [java] SF_ACCOUNT
     [java] |--------------------------------------------------------------------------------|------------------------------|-------------------------------|
     [java] |    TESTCASE NAME                                                               |    TESTCASE_ACTUAL_RESULT    |    TESTCASE_EXECUTION_DATE    |
     [java] |--------------------------------------------------------------------------------|------------------------------|-------------------------------|
     [java] |    Null Validation for Technical Columns                                       |    0                         |    28-11-2018 18 :24 : 29     |
     [java] |--------------------------------------------------------------------------------|------------------------------|-------------------------------|
     [java] |    Validate the data type of STAGE AND HEAP                                    |    0                         |    28-11-2018 18 :24 : 30     |
     [java] |--------------------------------------------------------------------------------|------------------------------|-------------------------------|
     [java] |    Data availability in Heap                                                   |    307                       |    28-11-2018 18 :24 : 30     |
     [java] |--------------------------------------------------------------------------------|------------------------------|-------------------------------|
     [java] |    Validate ETL_VALID_FROM_DT and ETL_VALID_TO_DT for Heap                     |    0                         |    28-11-2018 18 :24 : 30     |
     [java] |--------------------------------------------------------------------------------|------------------------------|-------------------------------|
     [java] |    Stage Heap SF_CASE_HISTORY : Validation of the database tables and views    |    0                         |    28-11-2018 18 :24 : 31     |
     [java] |--------------------------------------------------------------------------------|------------------------------|-------------------------------|
     [java] |    Stage Heap SF_CASE_HISTORY : Validation of the database tables and views    |    1                         |    28-11-2018 18 :24 : 31     |
     [java] |--------------------------------------------------------------------------------|------------------------------|-------------------------------|
     [java] |    Validation Duplicate ETL_BK_MD5 and ETL_MD5 key in Heap                     |    0                         |    28-11-2018 18 :24 : 31     |
     [java] |--------------------------------------------------------------------------------|------------------------------|-------------------------------|
     [java] 
     [java] [ Total TestCase : 26] [ TestCase Pass : 25] [ TestCase Fail : 1]
     [java]  Connection to Teradata closed. 
     [java] 
     [java] -----------------------------------------------------------------------------------------------------------
     [java]  JDBC driver loaded. 
     [java] 
     [java]  Looking for the Teradata JDBC driver...
     [java]  
     [java] 
     [java]  User ID029640 connected.
     [java] SF_RECORD_TYPE
     [java] |--------------------------------------------------------------------------------|------------------------------|-------------------------------|
     [java] |    TESTCASE NAME                                                               |    TESTCASE_ACTUAL_RESULT    |    TESTCASE_EXECUTION_DATE    |
     [java] |--------------------------------------------------------------------------------|------------------------------|-------------------------------|
     [java] |    Null Validation for Technical Columns                                       |    0                         |    28-11-2018 18 :24 : 32     |
     [java] |--------------------------------------------------------------------------------|------------------------------|-------------------------------|
     [java] |    Validate the data type of STAGE AND HEAP                                    |    0                         |    28-11-2018 18 :24 : 32     |
     [java] |--------------------------------------------------------------------------------|------------------------------|-------------------------------|
     [java] |    Data availability in Heap                                                   |    387                       |    28-11-2018 18 :24 : 33     |
     [java] |--------------------------------------------------------------------------------|------------------------------|-------------------------------|
     [java] |    Validate ETL_VALID_FROM_DT and ETL_VALID_TO_DT for Heap                     |    0                         |    28-11-2018 18 :24 : 33     |
     [java] |--------------------------------------------------------------------------------|------------------------------|-------------------------------|
     [java] |    Stage Heap SF_CASE_HISTORY : Validation of the database tables and views    |    0                         |    28-11-2018 18 :24 : 34     |
     [java] |--------------------------------------------------------------------------------|------------------------------|-------------------------------|
     [java] |    Validation Duplicate ETL_BK_MD5 and ETL_MD5 key in Heap                     |    0                         |    28-11-2018 18 :24 : 34     |
     [java] |--------------------------------------------------------------------------------|------------------------------|-------------------------------|
     [java] 
     [java] [ Total TestCase : 32] [ TestCase Pass : 31] [ TestCase Fail : 1]
     [java]  Connection to Teradata closed. 
     [java] 
     [java] -----------------------------------------------------------------------------------------------------------
     [java]  JDBC driver loaded. 
     [java] 
     [java]  Looking for the Teradata JDBC driver...
     [java]  
     [java] 
     [java]  User ID029640 connected.
     [java] TEC_CDM_EVENT_REASON
     [java] |--------------------------------------------------------------|------------------------------|-------------------------------|
     [java] |    TESTCASE NAME                                             |    TESTCASE_ACTUAL_RESULT    |    TESTCASE_EXECUTION_DATE    |
     [java] |--------------------------------------------------------------|------------------------------|-------------------------------|
     [java] |    SOURCE DATA AVAILIBILITY IN SF CASE HEAP                  |    9250597                   |    28-11-2018 18 :24 : 36     |
     [java] |--------------------------------------------------------------|------------------------------|-------------------------------|
     [java] |    SOURCE DATA AVAILIBILITY IN CDM_V_EVRE_LKP TABLE
     [java]          |    493                       |    28-11-2018 18 :24 : 36     |
     [java] |--------------------------------------------------------------|------------------------------|-------------------------------|
     [java] |    COMPLETENESS SOURCE VS TARGET                             |    1                         |    28-11-2018 18 :24 : 41     |
     [java] |--------------------------------------------------------------|------------------------------|-------------------------------|
     [java] |    CORRECTNESS OF THE SOURCE DATA WITH RESPECT TO TARGET
     [java]     |    1                         |    28-11-2018 18 :24 : 47     |
     [java] |--------------------------------------------------------------|------------------------------|-------------------------------|
     [java] |    CORRECTNESS OF THE TARGET DATA WITH RESPECT TO SOURCE
     [java]     |    1                         |    28-11-2018 18 :24 : 52     |
     [java] |--------------------------------------------------------------|------------------------------|-------------------------------|
     [java] |    CHECK FOR DUPLICATE RECORDS IN THE CDM TABLE
     [java]              |    0                         |    28-11-2018 18 :24 : 52     |
     [java] |--------------------------------------------------------------|------------------------------|-------------------------------|
     [java] |    CONSISTENCY WITH DATES                                    |    0                         |    28-11-2018 18 :24 : 53     |
     [java] |--------------------------------------------------------------|------------------------------|-------------------------------|
     [java] 
     [java] [ Total TestCase : 39] [ TestCase Pass : 35] [ TestCase Fail : 4]
     [java]  Connection to Teradata closed. 
     [java] 
     [java] -----------------------------------------------------------------------------------------------------------
     [java]  JDBC driver loaded. 
     [java] 
     [java]  Looking for the Teradata JDBC driver...
     [java]  
     [java] 
     [java]  User ID029640 connected.
     [java] TEC_CDM_EVENT_PARTY
     [java] |--------------------------------------------------------------|------------------------------|-------------------------------|
     [java] |    TESTCASE NAME                                             |    TESTCASE_ACTUAL_RESULT    |    TESTCASE_EXECUTION_DATE    |
     [java] |--------------------------------------------------------------|------------------------------|-------------------------------|
     [java] |    SOURCE DATA AVAILIBILITY IN SF CASE HEAP                  |    9250597                   |    28-11-2018 18 :24 : 55     |
     [java] |--------------------------------------------------------------|------------------------------|-------------------------------|
     [java] |    SOURCE DATA AVAILIBILITY IN SF  ACCOUNT HEAP              |    307                       |    28-11-2018 18 :24 : 55     |
     [java] |--------------------------------------------------------------|------------------------------|-------------------------------|
     [java] |    SOURCE DATA AVAILIBILITY IN SF RECORD TYPE HEAP           |    140                       |    28-11-2018 18 :24 : 55     |
     [java] |--------------------------------------------------------------|------------------------------|-------------------------------|
     [java] |    SOURCE DATA AVAILIBILITY IN CDM_V_EVRE_LKP TABLE
     [java]          |    9436934                   |    28-11-2018 18 :24 : 56     |
     [java] |--------------------------------------------------------------|------------------------------|-------------------------------|
     [java] |    SOURCE DATA AVAILIBILITY IN CDM_V_EVRE_LKP TABLE
     [java]          |    9157078                   |    28-11-2018 18 :24 : 57     |
     [java] |--------------------------------------------------------------|------------------------------|-------------------------------|
     [java] |    NULL VALIDATION FOR TECHNICAL COLUMNS                     |    0                         |    28-11-2018 18 :24 : 57     |
     [java] |--------------------------------------------------------------|------------------------------|-------------------------------|
     [java] |    COMPLETENESS SOURCE VS TARGET                             |    1                         |    28-11-2018 18 :25 : 00     |
     [java] |--------------------------------------------------------------|------------------------------|-------------------------------|
     [java] |    CORRECTNESS OF THE SOURCE DATA WITH RESPECT TO TARGET
     [java]     |    1                         |    28-11-2018 18 :25 : 03     |
     [java] |--------------------------------------------------------------|------------------------------|-------------------------------|
     [java] |    CHECK FOR DUPLICATE RECORDS IN THE CDM TABLE
     [java]              |    0                         |    28-11-2018 18 :25 : 04     |
     [java] |--------------------------------------------------------------|------------------------------|-------------------------------|
     [java] 
     [java] [ Total TestCase : 48] [ TestCase Pass : 42] [ TestCase Fail : 6]
     [java]  Connection to Teradata closed. 
     [java] 
     [java] -----------------------------------------------------------------------------------------------------------
     [java]  JDBC driver loaded. 
     [java] 
     [java]  Looking for the Teradata JDBC driver...
     [java]  
     [java] java.io.FileNotFoundException: ..\BatchExecution_BI\src\TestCases\TC_TEC_CDM_EVENT_PARTY_SF004.xlsx (The system cannot find the file specified)
     [java] 	at java.io.FileInputStream.open0(Native Method)
     [java] 	at java.io.FileInputStream.open(FileInputStream.java:195)
     [java] 	at java.io.FileInputStream.<init>(FileInputStream.java:138)
     [java] 	at java.io.FileInputStream.<init>(FileInputStream.java:93)
     [java] 	at FunctionLibrary.ExcelDataPoolManager.readExcel_XLSX(ExcelDataPoolManager.java:202)
     [java] 	at Modules.Diesel.BI.ReadTestCase.executeTestCase(ReadTestCase.java:66)
     [java] 	at Modules.Diesel.BI.ShellExecuter.main(ShellExecuter.java:118)
     [java] 
     [java]  User ID029640 connected.
     [java] TEC_CDM_EVENT_PARTY
     [java] |---------------------|------------------------------|-------------------------------|
     [java] |    TESTCASE NAME    |    TESTCASE_ACTUAL_RESULT    |    TESTCASE_EXECUTION_DATE    |
     [java] |---------------------|------------------------------|-------------------------------|
     [java] 
     [java] [ Total TestCase : 48] [ TestCase Pass : 42] [ TestCase Fail : 6]
     [java]  Connection to Teradata closed. 
     [java] 
     [java] -----------------------------------------------------------------------------------------------------------
     [java]  JDBC driver loaded. 
     [java] 
     [java]  Looking for the Teradata JDBC driver...
     [java]  
     [java] 
     [java]  User ID029640 connected.
     [java] TEC_CDM_EVENT_LKP
     [java] |--------------------------------------------------------------|------------------------------|-------------------------------|
     [java] |    TESTCASE NAME                                             |    TESTCASE_ACTUAL_RESULT    |    TESTCASE_EXECUTION_DATE    |
     [java] |--------------------------------------------------------------|------------------------------|-------------------------------|
     [java] |    SOURCE DATA AVAILIBILITY IN SF CASE HEAP                  |    9250597                   |    28-11-2018 18 :25 : 06     |
     [java] |--------------------------------------------------------------|------------------------------|-------------------------------|
     [java] |    SOURCE DATA AVAILIBILITY IN CDM_V_EVRE_LKP TABLE
     [java]          |    9436934                   |    28-11-2018 18 :25 : 06     |
     [java] |--------------------------------------------------------------|------------------------------|-------------------------------|
     [java] |    COMPLETENESS SOURCE VS TARGET                             |    0                         |    28-11-2018 18 :25 : 08     |
     [java] |--------------------------------------------------------------|------------------------------|-------------------------------|
     [java] |    CORRECTNESS OF THE TARGET DATA WITH RESPECT TO SOURCE
     [java]     |    1                         |    28-11-2018 18 :25 : 11     |
     [java] |--------------------------------------------------------------|------------------------------|-------------------------------|
     [java] |    CHECK FOR DUPLICATE RECORDS IN THE CDM TABLE
     [java]              |    0                         |    28-11-2018 18 :25 : 11     |
     [java] |--------------------------------------------------------------|------------------------------|-------------------------------|
     [java] 
     [java] [ Total TestCase : 53] [ TestCase Pass : 46] [ TestCase Fail : 7]
     [java]  Connection to Teradata closed. 
     [java] 
     [java] -----------------------------------------------------------------------------------------------------------
     [java]  JDBC driver loaded. 
     [java] 
     [java]  Looking for the Teradata JDBC driver...
     [java]  
     [java] 
     [java]  User ID029640 connected.
     [java] CDM EVENT STATUS
     [java] |--------------------------------------------------------------|------------------------------|-------------------------------|
     [java] |    TESTCASE NAME                                             |    TESTCASE_ACTUAL_RESULT    |    TESTCASE_EXECUTION_DATE    |
     [java] |--------------------------------------------------------------|------------------------------|-------------------------------|
     [java] |    SOURCE DATA AVAILIBILITY IN SF CASE HEAP                  |    9250597                   |    28-11-2018 18 :25 : 13     |
     [java] |--------------------------------------------------------------|------------------------------|-------------------------------|
     [java] |    SOURCE DATA AVAILIBILITY IN SF CASE HISTORY HEAP          |    83                        |    28-11-2018 18 :25 : 13     |
     [java] |--------------------------------------------------------------|------------------------------|-------------------------------|
     [java] |    SOURCE DATA AVAILIBILITY IN CDM_V_EVRE_LKP TABLE
     [java]          |    9436934                   |    28-11-2018 18 :25 : 13     |
     [java] |--------------------------------------------------------------|------------------------------|-------------------------------|
     [java] |    SOURCE DATA AVAILIBILITY IN CDM_V_EVRE_LKP TABLE
     [java]          |    9353558                   |    28-11-2018 18 :25 : 14     |
     [java] |--------------------------------------------------------------|------------------------------|-------------------------------|
     [java] |    NULL VALIDATION FOR TECHNICAL COLUMNS                     |    0                         |    28-11-2018 18 :25 : 14     |
     [java] |--------------------------------------------------------------|------------------------------|-------------------------------|
     [java] |    COMPLETENESS SOURCE VS TARGET                             |    1                         |    28-11-2018 18 :25 : 17     |
     [java] |--------------------------------------------------------------|------------------------------|-------------------------------|
     [java] |    CORRECTNESS OF THE SOURCE DATA WITH RESPECT TO TARGET
     [java]     |    1                         |    28-11-2018 18 :25 : 19     |
     [java] |--------------------------------------------------------------|------------------------------|-------------------------------|
     [java] |    CHECK FOR DUPLICATE RECORDS IN THE CDM TABLE
     [java]              |    22                        |    28-11-2018 18 :25 : 20     |
     [java] |--------------------------------------------------------------|------------------------------|-------------------------------|
     [java] 
     [java] [ Total TestCase : 61] [ TestCase Pass : 51] [ TestCase Fail : 10]
     [java]  Connection to Teradata closed. 
     [java] 
     [java] -----------------------------------------------------------------------------------------------------------
     [java]  JDBC driver loaded. 
     [java] 
     [java]  Looking for the Teradata JDBC driver...
     [java]  
     [java] 
     [java]  User ID029640 connected.
     [java] CDM EVENT CHANNEL
     [java] |--------------------------------------------------------------|------------------------------|-------------------------------|
     [java] |    TESTCASE NAME                                             |    TESTCASE_ACTUAL_RESULT    |    TESTCASE_EXECUTION_DATE    |
     [java] |--------------------------------------------------------------|------------------------------|-------------------------------|
     [java] |    SOURCE DATA AVAILIBILITY IN SF CASE HEAP                  |    9250597                   |    28-11-2018 18 :25 : 22     |
     [java] |--------------------------------------------------------------|------------------------------|-------------------------------|
     [java] |    SOURCE DATA AVAILIBILITY IN SF  HISTORY HEAP              |    4120                      |    28-11-2018 18 :25 : 22     |
     [java] |--------------------------------------------------------------|------------------------------|-------------------------------|
     [java] |    SOURCE DATA AVAILABLE IN CDM_V_CHAN_LKP TABLE		   |    12                        |    28-11-2018 18 :25 : 22     |
     [java] |--------------------------------------------------------------|------------------------------|-------------------------------|
     [java] |    SOURCE DATA AVAILABLE IN CDM_V_EVNT_LKP TABLE		   |    9436934                   |    28-11-2018 18 :25 : 23     |
     [java] |--------------------------------------------------------------|------------------------------|-------------------------------|
     [java] |    SOURCE DATA AVAILIBILITY IN CDM_V_EVENT_CHANNEL TABLE 	   |    9258943                   |    28-11-2018 18 :25 : 23     |
     [java] |--------------------------------------------------------------|------------------------------|-------------------------------|
     [java] |    NULL VALIDATION FOR TECHNICAL COLUMNS                     |    0                         |    28-11-2018 18 :25 : 23     |
     [java] |--------------------------------------------------------------|------------------------------|-------------------------------|
     [java] |    COMPLETENESS SOURCE VS TARGET                             |    1                         |    28-11-2018 18 :25 : 26     |
     [java] |--------------------------------------------------------------|------------------------------|-------------------------------|
     [java] |    CORRECTNESS OF THE SOURCE DATA WITH RESPECT TO TARGET	   |    1                         |    28-11-2018 18 :25 : 29     |
     [java] |--------------------------------------------------------------|------------------------------|-------------------------------|
     [java] |    CHECK FOR DUPLICATE RECORDS IN THE CDM TABLE		   |    0                         |    28-11-2018 18 :25 : 30     |
     [java] |--------------------------------------------------------------|------------------------------|-------------------------------|
     [java] |    CONSISTENCY WITH DATES                                    |    0                         |    28-11-2018 18 :25 : 30     |
     [java] |--------------------------------------------------------------|------------------------------|-------------------------------|
     [java] 
     [java] [ Total TestCase : 71] [ TestCase Pass : 59] [ TestCase Fail : 12]
     [java]  Connection to Teradata closed. 
     [java] 
     [java] -----------------------------------------------------------------------------------------------------------
     [java]  JDBC driver loaded. 
     [java] 
     [java]  Looking for the Teradata JDBC driver...
     [java]  
     [java] 
     [java]  User ID029640 connected.
     [java] CDM EVENT ACCOUNT
     [java] |------------------------------------------------------------------|------------------------------|-------------------------------|
     [java] |    TESTCASE NAME                                                 |    TESTCASE_ACTUAL_RESULT    |    TESTCASE_EXECUTION_DATE    |
     [java] |------------------------------------------------------------------|------------------------------|-------------------------------|
     [java] |    SOURCE DATA AVAILIBILITY IN HEAP                              |    9250597                   |    28-11-2018 18 :25 : 32     |
     [java] |------------------------------------------------------------------|------------------------------|-------------------------------|
     [java] |    SOURCE DATA AVAILIBILITY IN CDM                               |    14761703                  |    28-11-2018 18 :25 : 33     |
     [java] |------------------------------------------------------------------|------------------------------|-------------------------------|
     [java] |    SOURCE DATA AVAILIBILITY IN TEC EVNT_LKP TABLE                |    9259011                   |    28-11-2018 18 :25 : 33     |
     [java] |------------------------------------------------------------------|------------------------------|-------------------------------|
     [java] |    SOURCE DATA AVAILIBILITY IN TEC ACC_LKP TABLE                 |    189422                    |    28-11-2018 18 :25 : 33     |
     [java] |------------------------------------------------------------------|------------------------------|-------------------------------|
     [java] |    COMPLETENESS SOURCE VS TARGET                                 |    1                         |    28-11-2018 18 :25 : 36     |
     [java] |------------------------------------------------------------------|------------------------------|-------------------------------|
     [java] |    CORRECTNESS OF THE TARGET DATA WITH RESPECT TO SOURCE         |    1                         |    28-11-2018 18 :25 : 38     |
     [java] |------------------------------------------------------------------|------------------------------|-------------------------------|
     [java] |    CHECK FOR DUPLICATE RECORDS IN THE CDM TABLE
     [java]                  |    0                         |    28-11-2018 18 :25 : 39     |
     [java] |------------------------------------------------------------------|------------------------------|-------------------------------|
     [java] |    CHECK FOR DUPLICATE RECORDS IN THE LKP TABLE
     [java]                  |    1                         |    28-11-2018 18 :25 : 40     |
     [java] |------------------------------------------------------------------|------------------------------|-------------------------------|
     [java] |    CHECK FOR CORRECTNESS OF RECORDS IN THE LKP AND CDM TABLE
     [java]     |    1                         |    28-11-2018 18 :25 : 42     |
     [java] |------------------------------------------------------------------|------------------------------|-------------------------------|
     [java] |    CONSISTENCY WITH DATES                                        |    0                         |    28-11-2018 18 :25 : 42     |
     [java] |------------------------------------------------------------------|------------------------------|-------------------------------|
     [java] 
     [java] [ Total TestCase : 81] [ TestCase Pass : 65] [ TestCase Fail : 16]
     [java]  Connection to Teradata closed. 
     [java] 
     [java] -----------------------------------------------------------------------------------------------------------
     [java]  JDBC driver loaded. 
     [java] 
     [java]  Looking for the Teradata JDBC driver...
     [java]  
     [java] 
     [java]  User ID029640 connected.
     [java] CDM EVENT REASON
     [java] |--------------------------------------------------------------|------------------------------|-------------------------------|
     [java] |    TESTCASE NAME                                             |    TESTCASE_ACTUAL_RESULT    |    TESTCASE_EXECUTION_DATE    |
     [java] |--------------------------------------------------------------|------------------------------|-------------------------------|
     [java] |    SOURCE DATA AVAILIBILITY IN SF CASE HEAP                  |    9250668                   |    28-11-2018 18 :25 : 43     |
     [java] |--------------------------------------------------------------|------------------------------|-------------------------------|
     [java] |    TARGET DATA AVAILIBILITY IN CDM                           |    493                       |    28-11-2018 18 :25 : 43     |
     [java] |--------------------------------------------------------------|------------------------------|-------------------------------|
     [java] |    SOURCE DATA AVAILIBILITY IN CDM_V_EVRE_LKP TABLE
     [java]          |    493                       |    28-11-2018 18 :25 : 44     |
     [java] |--------------------------------------------------------------|------------------------------|-------------------------------|
     [java] |    NULL VALIDATION FOR TECHNICAL COLUMNS                     |    0                         |    28-11-2018 18 :25 : 44     |
     [java] |--------------------------------------------------------------|------------------------------|-------------------------------|
     [java] |    COMPLETENESS SOURCE VS TARGET                             |    0                         |    28-11-2018 18 :25 : 44     |
     [java] |--------------------------------------------------------------|------------------------------|-------------------------------|
     [java] |    CORRECTNESS OF THE SOURCE DATA WITH RESPECT TO TARGET
     [java]     |    0                         |    28-11-2018 18 :25 : 45     |
     [java] |--------------------------------------------------------------|------------------------------|-------------------------------|
     [java] |    CHECK FOR DUPLICATE RECORDS IN THE CDM TABLE
     [java]              |    0                         |    28-11-2018 18 :25 : 45     |
     [java] |--------------------------------------------------------------|------------------------------|-------------------------------|
     [java] 
     [java] [ Total TestCase : 88] [ TestCase Pass : 72] [ TestCase Fail : 16]
     [java]  Connection to Teradata closed. 
     [java] 
     [java] -----------------------------------------------------------------------------------------------------------
     [java]  JDBC driver loaded. 
     [java] 
     [java]  Looking for the Teradata JDBC driver...
     [java]  
     [java] 
     [java]  User ID029640 connected.
     [java] CDM EVENT PARTY
     [java] |--------------------------------------------------------------|------------------------------|-------------------------------|
     [java] |    TESTCASE NAME                                             |    TESTCASE_ACTUAL_RESULT    |    TESTCASE_EXECUTION_DATE    |
     [java] |--------------------------------------------------------------|------------------------------|-------------------------------|
     [java] |    SOURCE DATA AVAILIBILITY IN SF CASE HEAP                  |    9250597                   |    28-11-2018 18 :25 : 47     |
     [java] |--------------------------------------------------------------|------------------------------|-------------------------------|
     [java] |    SOURCE DATA AVAILIBILITY IN SF  ACCOUNT HEAP              |    307                       |    28-11-2018 18 :25 : 47     |
     [java] |--------------------------------------------------------------|------------------------------|-------------------------------|
     [java] |    SOURCE DATA AVAILIBILITY IN SF RECORD TYPE HEAP           |    140                       |    28-11-2018 18 :25 : 47     |
     [java] |--------------------------------------------------------------|------------------------------|-------------------------------|
     [java] |    SOURCE DATA AVAILIBILITY IN CDM_V_EVRE_LKP TABLE          |    9436934                   |    28-11-2018 18 :25 : 48     |
     [java] |--------------------------------------------------------------|------------------------------|-------------------------------|
     [java] |    SOURCE DATA AVAILIBILITY IN CDM_V_EVRE_LKP TABLE	   |    9157078                   |    28-11-2018 18 :25 : 48     |
     [java] |--------------------------------------------------------------|------------------------------|-------------------------------|
     [java] |    NULL VALIDATION FOR TECHNICAL COLUMNS                     |    0                         |    28-11-2018 18 :25 : 48     |
     [java] |--------------------------------------------------------------|------------------------------|-------------------------------|
     [java] |    COMPLETENESS SOURCE VS TARGET                             |    1                         |    28-11-2018 18 :25 : 51     |
     [java] |--------------------------------------------------------------|------------------------------|-------------------------------|
     [java] |    CORRECTNESS OF THE SOURCE DATA WITH RESPECT TO TARGET	   |    1                         |    28-11-2018 18 :25 : 54     |
     [java] |--------------------------------------------------------------|------------------------------|-------------------------------|
     [java] |    CHECK FOR DUPLICATE RECORDS IN THE CDM TABLE              |    0                         |    28-11-2018 18 :25 : 55     |
     [java] |--------------------------------------------------------------|------------------------------|-------------------------------|
     [java] |    CONSISTENCY WITH DATES                                    |    0                         |    28-11-2018 18 :25 : 55     |
     [java] |--------------------------------------------------------------|------------------------------|-------------------------------|
     [java] 
     [java] [ Total TestCase : 98] [ TestCase Pass : 80] [ TestCase Fail : 18]
     [java]  Connection to Teradata closed. 
     [java] 
     [java] -----------------------------------------------------------------------------------------------------------
     [java]  JDBC driver loaded. 
     [java] 
     [java]  Looking for the Teradata JDBC driver...
     [java]  
     [java] 
     [java]  User ID029640 connected.
     [java] CDM CASE EVENT
     [java] |--------------------------------------------------------------|------------------------------|-------------------------------|
     [java] |    TESTCASE NAME                                             |    TESTCASE_ACTUAL_RESULT    |    TESTCASE_EXECUTION_DATE    |
     [java] |--------------------------------------------------------------|------------------------------|-------------------------------|
     [java] |    SOURCE DATA AVAILIBILITY IN HEAP                          |    9250597                   |    28-11-2018 18 :25 : 57     |
     [java] |--------------------------------------------------------------|------------------------------|-------------------------------|
     [java] |    SOURCE DATA AVAILIBILITY IN TEC EVNT_LKP TABLE            |    9259011                   |    28-11-2018 18 :25 : 58     |
     [java] |--------------------------------------------------------------|------------------------------|-------------------------------|
     [java] |    SOURCE DATA AVAILIBILITY IN TEC EVRE_LKP TABLE            |    493                       |    28-11-2018 18 :25 : 58     |
     [java] |--------------------------------------------------------------|------------------------------|-------------------------------|
     [java] |    SOURCE DATA AVAILIBILITY IN HEAP                          |    3944984                   |    28-11-2018 18 :25 : 59     |
     [java] |--------------------------------------------------------------|------------------------------|-------------------------------|
     [java] |    TARGET DATA AVAILIBILITY IN CDM                           |    9250597                   |    28-11-2018 18 :26 : 00     |
     [java] |--------------------------------------------------------------|------------------------------|-------------------------------|
     [java] |    COMPLETENESS SOURCE VS TARGET                             |    0                         |    28-11-2018 18 :26 : 03     |
     [java] |--------------------------------------------------------------|------------------------------|-------------------------------|
     [java] |    CORRECTNESS OF THE TARGET DATA WITH RESPECT TO SOURCE     |    0                         |    28-11-2018 18 :26 : 07     |
     [java] |--------------------------------------------------------------|------------------------------|-------------------------------|
     [java] |    CORRECTNESS OF THE TARGET DATA WITH RESPECT TO SOURCE     |    0                         |    28-11-2018 18 :26 : 22     |
     [java] |--------------------------------------------------------------|------------------------------|-------------------------------|
     [java] |    CORRECTNESS OF THE TARGET DATA WITH RESPECT TO SOURCE     |    0                         |    28-11-2018 18 :26 : 37     |
     [java] |--------------------------------------------------------------|------------------------------|-------------------------------|
     [java] |    CHECK FOR DUPLICATE RECORDS IN THE CDM TABLE		   |    0                         |    28-11-2018 18 :26 : 38     |
     [java] |--------------------------------------------------------------|------------------------------|-------------------------------|
     [java] |    CHECK FOR DUPLICATE RECORDS IN THE LKP TABLE		   |    1                         |    28-11-2018 18 :26 : 39     |
     [java] |--------------------------------------------------------------|------------------------------|-------------------------------|
     [java] |    CONSISTENCY WITH DATES                                    |    0                         |    28-11-2018 18 :26 : 39     |
     [java] |--------------------------------------------------------------|------------------------------|-------------------------------|
     [java] |    DATA VALIDATION                                           |    0                         |    28-11-2018 18 :26 : 41     |
     [java] |--------------------------------------------------------------|------------------------------|-------------------------------|
     [java] |    DATA VALIDATION ON EVENT_REASON TYPE_                     |    0                         |    28-11-2018 18 :26 : 43     |
     [java] |--------------------------------------------------------------|------------------------------|-------------------------------|
     [java] |    DATA VALIDATION ON EVENT_REASON 2                         |    0                         |    28-11-2018 18 :26 : 45     |
     [java] |--------------------------------------------------------------|------------------------------|-------------------------------|
     [java] |    DATA VALIDATION ON EVENT_REASON 3                         |    0                         |    28-11-2018 18 :26 : 47     |
     [java] |--------------------------------------------------------------|------------------------------|-------------------------------|
     [java] 
     [java] [ Total TestCase : 114] [ TestCase Pass : 95] [ TestCase Fail : 19]
     [java]  Connection to Teradata closed. 
     [java] 
     [java] -----------------------------------------------------------------------------------------------------------
     [java]  JDBC driver loaded. 
     [java] 
     [java]  Looking for the Teradata JDBC driver...
     [java]  
     [java] 
     [java]  User ID029640 connected.
     [java] CDM CASE EVENT
     [java] |------------------------------------|------------------------------|-------------------------------|
     [java] |    TESTCASE NAME                   |    TESTCASE_ACTUAL_RESULT    |    TESTCASE_EXECUTION_DATE    |
     [java] |------------------------------------|------------------------------|-------------------------------|
     [java] |    DATA VALIDATION                 |    0                         |    28-11-2018 18 :26 : 50     |
     [java] |------------------------------------|------------------------------|-------------------------------|
     [java] |    DATA VALIDATION ON EVENT_LKP    |    0                         |    28-11-2018 18 :26 : 53     |
     [java] |------------------------------------|------------------------------|-------------------------------|
     [java] 
     [java] [ Total TestCase : 116] [ TestCase Pass : 97] [ TestCase Fail : 19]
     [java]  Connection to Teradata closed. 
     [java] 
     [java] -----------------------------------------------------------------------------------------------------------
     [java]  JDBC driver loaded. 
     [java] 
     [java]  Looking for the Teradata JDBC driver...
     [java]  
     [java] 
     [java]  User ID029640 connected.
     [java] EDW DIM CONTACT CASE
     [java] |-------------------------------------------------------------|------------------------------|-------------------------------|
     [java] |    TESTCASE NAME                                            |    TESTCASE_ACTUAL_RESULT    |    TESTCASE_EXECUTION_DATE    |
     [java] |-------------------------------------------------------------|------------------------------|-------------------------------|
     [java] |    SOURCE DATA AVAILIBILITY IN CASE EVENT CDM               |    9250597                   |    28-11-2018 18 :26 : 53     |
     [java] |-------------------------------------------------------------|------------------------------|-------------------------------|
     [java] |    TARGET DATA AVAILIBILITY IN EDW                          |    9250597                   |    28-11-2018 18 :26 : 54     |
     [java] |-------------------------------------------------------------|------------------------------|-------------------------------|
     [java] |    COMPLETENESS SOURCE VS TARGET                            |    0                         |    28-11-2018 18 :26 : 55     |
     [java] |-------------------------------------------------------------|------------------------------|-------------------------------|
     [java] |    CORRECTNESS OF THE TARGET DATA WITH RESPECT TO SOURCE    |    0                         |    28-11-2018 18 :26 : 55     |
     [java] |-------------------------------------------------------------|------------------------------|-------------------------------|
     [java] |    CHECK FOR DUPLICATE RECORDS IN THE CDM TABLE             |    0                         |    28-11-2018 18 :26 : 56     |
     [java] |-------------------------------------------------------------|------------------------------|-------------------------------|
     [java] 
     [java] [ Total TestCase : 121] [ TestCase Pass : 102] [ TestCase Fail : 19]
     [java]  Connection to Teradata closed. 
     [java] 
     [java] -----------------------------------------------------------------------------------------------------------
     [java]  JDBC driver loaded. 
     [java] 
     [java]  Looking for the Teradata JDBC driver...
     [java]  
     [java] 
     [java]  User ID029640 connected.
     [java] EDW DIM CONTACT CASE REASON
     [java] |-------------------------------------------------------------|------------------------------|-------------------------------|
     [java] |    TESTCASE NAME                                            |    TESTCASE_ACTUAL_RESULT    |    TESTCASE_EXECUTION_DATE    |
     [java] |-------------------------------------------------------------|------------------------------|-------------------------------|
     [java] |    SOURCE DATA AVAILIBILITY IN EVENT_RELATED CDM            |    60383                     |    28-11-2018 18 :26 : 56     |
     [java] |-------------------------------------------------------------|------------------------------|-------------------------------|
     [java] |    TARGET DATA AVAILIBILITY IN EDW                          |    493                       |    28-11-2018 18 :26 : 56     |
     [java] |-------------------------------------------------------------|------------------------------|-------------------------------|
     [java] |    COMPLETENESS SOURCE VS TARGET                            |    0                         |    28-11-2018 18 :26 : 57     |
     [java] |-------------------------------------------------------------|------------------------------|-------------------------------|
     [java] |    CORRECTNESS OF THE SOURCE DATA WITH RESPECT TO TARGET    |    0                         |    28-11-2018 18 :26 : 57     |
     [java] |-------------------------------------------------------------|------------------------------|-------------------------------|
     [java] |    CHECK FOR DUPLICATE RECORDS IN THE CDM TABLE             |    0                         |    28-11-2018 18 :26 : 57     |
     [java] |-------------------------------------------------------------|------------------------------|-------------------------------|
     [java] 
     [java] [ Total TestCase : 126] [ TestCase Pass : 107] [ TestCase Fail : 19]
     [java]  Connection to Teradata closed. 
     [java] 
     [java] -----------------------------------------------------------------------------------------------------------
     [java]  JDBC driver loaded. 
     [java] 
     [java]  Looking for the Teradata JDBC driver...
     [java]  
     [java] 
     [java]  User ID029640 connected.
     [java] FCT CONTACT CASE
     [java] |--------------------------------------------------------------------------------------|------------------------------|-------------------------------|
     [java] |    TESTCASE NAME                                                                     |    TESTCASE_ACTUAL_RESULT    |    TESTCASE_EXECUTION_DATE    |
     [java] |--------------------------------------------------------------------------------------|------------------------------|-------------------------------|
     [java] |    SOURCE DATA AVAILABLE IN THE CDM TABLE                                            |    9250597                   |    28-11-2018 18 :26 : 58     |
     [java] |--------------------------------------------------------------------------------------|------------------------------|-------------------------------|
     [java] |    SOURCE DATA AVAILABLE IN THE CDM TABLE                                            |    493                       |    28-11-2018 18 :26 : 58     |
     [java] |--------------------------------------------------------------------------------------|------------------------------|-------------------------------|
     [java] |    SOURCE DATA AVAILABLE IN THE CDM TABLE                                            |    9340963                   |    28-11-2018 18 :26 : 58     |
     [java] |--------------------------------------------------------------------------------------|------------------------------|-------------------------------|
     [java] |    SOURCE DATA AVAILABLE IN THE CDM TABLE                                            |    9258943                   |    28-11-2018 18 :26 : 59     |
     [java] |--------------------------------------------------------------------------------------|------------------------------|-------------------------------|
     [java] |    SOURCE DATA AVAILABLE IN THE CDM TABLE                                            |    9250597                   |    28-11-2018 18 :26 : 59     |
     [java] |--------------------------------------------------------------------------------------|------------------------------|-------------------------------|
     [java] |    SOURCE DATA AVAILABLE IN THE CDM TABLE                                            |    493                       |    28-11-2018 18 :26 : 59     |
     [java] |--------------------------------------------------------------------------------------|------------------------------|-------------------------------|
     [java] |    SOURCE DATA AVAILABLE IN THE CDM TABLE                                            |    14                        |    28-11-2018 18 :26 : 59     |
     [java] |--------------------------------------------------------------------------------------|------------------------------|-------------------------------|
     [java] |    TARGET DATA AVAILIBILITY IN FCT                                                   |    9250830                   |    28-11-2018 18 :27 : 00     |
     [java] |--------------------------------------------------------------------------------------|------------------------------|-------------------------------|
     [java] |    COMPLETENESS  SOURCE vs TARGET ( SOURCE DATA CDM MINUS TARGET EDW DATA COUNT )    |    0                         |    28-11-2018 18 :27 : 02     |
     [java] |--------------------------------------------------------------------------------------|------------------------------|-------------------------------|
     [java] |    COMPLETENESS TARGET VS SOURCE ( TARGET EDW DATA COUNT MINUS SOURCE DATA CDM  )    |    1                         |    28-11-2018 18 :27 : 04     |
     [java] |--------------------------------------------------------------------------------------|------------------------------|-------------------------------|
     [java] |    CORRECTNESS OF THE SOURCE DATA WITH RESPECT TO TARGET                             |    8                         |    28-11-2018 18 :27 : 11     |
     [java] |--------------------------------------------------------------------------------------|------------------------------|-------------------------------|
     [java] |    CORRECTNESS OF THE TARGET DATA WITH RESPECT TO SOURCE                             |    8                         |    28-11-2018 18 :27 : 19     |
     [java] |--------------------------------------------------------------------------------------|------------------------------|-------------------------------|
     [java] |    CHECK FOR DUPLICATE RECORDS IN THE TARGET EDW TABLE BASESD ON THE PRIMARY KEY	   |    233                       |    28-11-2018 18 :27 : 19     |
     [java] |--------------------------------------------------------------------------------------|------------------------------|-------------------------------|
     [java] |    CHECK FOR THE NULL IN PRIMARY KEY AND REFERENC COLUMN				   |    8                         |    28-11-2018 18 :27 : 19     |
     [java] |--------------------------------------------------------------------------------------|------------------------------|-------------------------------|
     [java] |    CHECK FOR COUNT OF CASE REASON ID WHERE IT IS NULL IN SOURCE WITH TARGET FACT     |    0                         |    28-11-2018 18 :27 : 22     |
     [java] |--------------------------------------------------------------------------------------|------------------------------|-------------------------------|
     [java] 
     [java] [ Total TestCase : 141] [ TestCase Pass : 117] [ TestCase Fail : 24]
     [java]  Connection to Teradata closed. 
     [java] 
     [java] -----------------------------------------------------------------------------------------------------------
run:  duration 3 minutes 9 seconds

BUILD SUCCESSFUL
