     [echo] Build logged to build_2018-11-28_20-10-42.log
     [java] When using 'jar' attribute classpath-settings are ignored. See the manual for more information.
     [java] Executing 'C:\Program Files\Java\jdk1.8.0_191\jre\bin\java.exe' with arguments:
'-classpath'
'C:\Users\Vikas Yadav\eclipse-workspace\BatchExecution_BI\libs\activation-1.1.1.jar;C:\Users\Vikas Yadav\eclipse-workspace\BatchExecution_BI\libs\apache-mime4j-0.6.jar;C:\Users\Vikas Yadav\eclipse-workspace\BatchExecution_BI\libs\bcpkix-jdk15on-1.48.jar;C:\Users\Vikas Yadav\eclipse-workspace\BatchExecution_BI\libs\bcprov-jdk15on-1.48.jar;C:\Users\Vikas Yadav\eclipse-workspace\BatchExecution_BI\libs\bsh-2.0b4.jar;C:\Users\Vikas Yadav\eclipse-workspace\BatchExecution_BI\libs\cglib-nodep-2.1_3.jar;C:\Users\Vikas Yadav\eclipse-workspace\BatchExecution_BI\libs\cglib-nodep-3.2.4.jar;C:\Users\Vikas Yadav\eclipse-workspace\BatchExecution_BI\libs\client-combined-3.0.1-nodeps.jar;C:\Users\Vikas Yadav\eclipse-workspace\BatchExecution_BI\libs\commons-codec-1.10.jar;C:\Users\Vikas Yadav\eclipse-workspace\BatchExecution_BI\libs\commons-codec-1.11.jar;C:\Users\Vikas Yadav\eclipse-workspace\BatchExecution_BI\libs\commons-collections-3.2.2.jar;C:\Users\Vikas Yadav\eclipse-workspace\BatchExecution_BI\libs\commons-collections4-4.1.jar;C:\Users\Vikas Yadav\eclipse-workspace\BatchExecution_BI\libs\commons-collections4-4.2.jar;C:\Users\Vikas Yadav\eclipse-workspace\BatchExecution_BI\libs\commons-exec-1.3.jar;C:\Users\Vikas Yadav\eclipse-workspace\BatchExecution_BI\libs\commons-io-2.4.jar;C:\Users\Vikas Yadav\eclipse-workspace\BatchExecution_BI\libs\commons-io-2.5.jar;C:\Users\Vikas Yadav\eclipse-workspace\BatchExecution_BI\libs\commons-lang3-3.4.jar;C:\Users\Vikas Yadav\eclipse-workspace\BatchExecution_BI\libs\commons-logging-1.2.jar;C:\Users\Vikas Yadav\eclipse-workspace\BatchExecution_BI\libs\commons-math3-3.6.1.jar;C:\Users\Vikas Yadav\eclipse-workspace\BatchExecution_BI\libs\cssparser-0.9.18.jar;C:\Users\Vikas Yadav\eclipse-workspace\BatchExecution_BI\libs\cssparser-0.9.20.jar;C:\Users\Vikas Yadav\eclipse-workspace\BatchExecution_BI\libs\curvesapi-1.04.jar;C:\Users\Vikas Yadav\eclipse-workspace\BatchExecution_BI\libs\curvesapi-1.05.jar;C:\Users\Vikas Yadav\eclipse-workspace\BatchExecution_BI\libs\gson-2.3.1.jar;C:\Users\Vikas Yadav\eclipse-workspace\BatchExecution_BI\libs\guava-19.0.jar;C:\Users\Vikas Yadav\eclipse-workspace\BatchExecution_BI\libs\hamcrest-core-1.3.jar;C:\Users\Vikas Yadav\eclipse-workspace\BatchExecution_BI\libs\hamcrest-library-1.3.jar;C:\Users\Vikas Yadav\eclipse-workspace\BatchExecution_BI\libs\htmlunit-2.21.jar;C:\Users\Vikas Yadav\eclipse-workspace\BatchExecution_BI\libs\htmlunit-2.23.jar;C:\Users\Vikas Yadav\eclipse-workspace\BatchExecution_BI\libs\htmlunit-core-js-2.17.jar;C:\Users\Vikas Yadav\eclipse-workspace\BatchExecution_BI\libs\htmlunit-core-js-2.23.jar;C:\Users\Vikas Yadav\eclipse-workspace\BatchExecution_BI\libs\htmlunit-driver-2.21.jar;C:\Users\Vikas Yadav\eclipse-workspace\BatchExecution_BI\libs\httpclient-4.5.1.jar;C:\Users\Vikas Yadav\eclipse-workspace\BatchExecution_BI\libs\httpclient-4.5.2.jar;C:\Users\Vikas Yadav\eclipse-workspace\BatchExecution_BI\libs\httpcore-4.4.3.jar;C:\Users\Vikas Yadav\eclipse-workspace\BatchExecution_BI\libs\httpcore-4.4.4.jar;C:\Users\Vikas Yadav\eclipse-workspace\BatchExecution_BI\libs\httpmime-4.5.2.jar;C:\Users\Vikas Yadav\eclipse-workspace\BatchExecution_BI\libs\javax.servlet-api-3.1.0.jar;C:\Users\Vikas Yadav\eclipse-workspace\BatchExecution_BI\libs\jaxb-api-2.3.0.jar;C:\Users\Vikas Yadav\eclipse-workspace\BatchExecution_BI\libs\jaxb-core-2.3.0.1.jar;C:\Users\Vikas Yadav\eclipse-workspace\BatchExecution_BI\libs\jaxb-impl-2.3.0.1.jar;C:\Users\Vikas Yadav\eclipse-workspace\BatchExecution_BI\libs\jcip-annotations-1.0.jar;C:\Users\Vikas Yadav\eclipse-workspace\BatchExecution_BI\libs\jcommander-1.48.jar;C:\Users\Vikas Yadav\eclipse-workspace\BatchExecution_BI\libs\jetty-io-9.2.13.v20150730.jar;C:\Users\Vikas Yadav\eclipse-workspace\BatchExecution_BI\libs\jetty-io-9.2.15.v20160210.jar;C:\Users\Vikas Yadav\eclipse-workspace\BatchExecution_BI\libs\jetty-rc-repacked-5.jar;C:\Users\Vikas Yadav\eclipse-workspace\BatchExecution_BI\libs\jetty-repacked-9.2.13.v20150730.jar;C:\Users\Vikas Yadav\eclipse-workspace\BatchExecution_BI\libs\jetty-util-9.2.13.v20150730.jar;C:\Users\Vikas Yadav\eclipse-workspace\BatchExecution_BI\libs\jetty-util-9.2.15.v20160210.jar;C:\Users\Vikas Yadav\eclipse-workspace\BatchExecution_BI\libs\jna-4.1.0.jar;C:\Users\Vikas Yadav\eclipse-workspace\BatchExecution_BI\libs\jna-platform-4.1.0.jar;C:\Users\Vikas Yadav\eclipse-workspace\BatchExecution_BI\libs\jsch-0.1.54.jar;C:\Users\Vikas Yadav\eclipse-workspace\BatchExecution_BI\libs\jsonic-1.2.0.jar;C:\Users\Vikas Yadav\eclipse-workspace\BatchExecution_BI\libs\junit-4.12.jar;C:\Users\Vikas Yadav\eclipse-workspace\BatchExecution_BI\libs\langdetect.jar;C:\Users\Vikas Yadav\eclipse-workspace\BatchExecution_BI\libs\log4j-1.2.17.jar;C:\Users\Vikas Yadav\eclipse-workspace\BatchExecution_BI\libs\mx4j-tools-3.0.1.jar;C:\Users\Vikas Yadav\eclipse-workspace\BatchExecution_BI\libs\neko-htmlunit-2.21.jar;C:\Users\Vikas Yadav\eclipse-workspace\BatchExecution_BI\libs\neko-htmlunit-2.23.jar;C:\Users\Vikas Yadav\eclipse-workspace\BatchExecution_BI\libs\netty-3.5.7.Final.jar;C:\Users\Vikas Yadav\eclipse-workspace\BatchExecution_BI\libs\phantomjsdriver-1.2.1.jar;C:\Users\Vikas Yadav\eclipse-workspace\BatchExecution_BI\libs\phantomjsdriver-1.3.0.jar;C:\Users\Vikas Yadav\eclipse-workspace\BatchExecution_BI\libs\poi-3.15-beta1.jar;C:\Users\Vikas Yadav\eclipse-workspace\BatchExecution_BI\libs\poi-3.16-beta1.jar;C:\Users\Vikas Yadav\eclipse-workspace\BatchExecution_BI\libs\poi-4.0.0.jar;C:\Users\Vikas Yadav\eclipse-workspace\BatchExecution_BI\libs\poi-examples-3.15-beta1.jar;C:\Users\Vikas Yadav\eclipse-workspace\BatchExecution_BI\libs\poi-examples-3.16-beta1.jar;C:\Users\Vikas Yadav\eclipse-workspace\BatchExecution_BI\libs\poi-examples-4.0.0.jar;C:\Users\Vikas Yadav\eclipse-workspace\BatchExecution_BI\libs\poi-excelant-3.15-beta1.jar;C:\Users\Vikas Yadav\eclipse-workspace\BatchExecution_BI\libs\poi-excelant-3.16-beta1.jar;C:\Users\Vikas Yadav\eclipse-workspace\BatchExecution_BI\libs\poi-excelant-4.0.0.jar;C:\Users\Vikas Yadav\eclipse-workspace\BatchExecution_BI\libs\poi-ooxml-3.15-beta1.jar;C:\Users\Vikas Yadav\eclipse-workspace\BatchExecution_BI\libs\poi-ooxml-3.16-beta1.jar;C:\Users\Vikas Yadav\eclipse-workspace\BatchExecution_BI\libs\poi-ooxml-4.0.0.jar;C:\Users\Vikas Yadav\eclipse-workspace\BatchExecution_BI\libs\poi-ooxml-schemas-3.15-beta1.jar;C:\Users\Vikas Yadav\eclipse-workspace\BatchExecution_BI\libs\poi-ooxml-schemas-3.16-beta1.jar;C:\Users\Vikas Yadav\eclipse-workspace\BatchExecution_BI\libs\poi-ooxml-schemas-4.0.0.jar;C:\Users\Vikas Yadav\eclipse-workspace\BatchExecution_BI\libs\poi-scratchpad-3.15-beta1.jar;C:\Users\Vikas Yadav\eclipse-workspace\BatchExecution_BI\libs\poi-scratchpad-3.16-beta1.jar;C:\Users\Vikas Yadav\eclipse-workspace\BatchExecution_BI\libs\poi-scratchpad-4.0.0.jar;C:\Users\Vikas Yadav\eclipse-workspace\BatchExecution_BI\libs\sac-1.3.jar;C:\Users\Vikas Yadav\eclipse-workspace\BatchExecution_BI\libs\selenium-api-2.53.1.jar;C:\Users\Vikas Yadav\eclipse-workspace\BatchExecution_BI\libs\selenium-chrome-driver-2.53.1.jar;C:\Users\Vikas Yadav\eclipse-workspace\BatchExecution_BI\libs\selenium-edge-driver-2.53.1.jar;C:\Users\Vikas Yadav\eclipse-workspace\BatchExecution_BI\libs\selenium-firefox-driver-2.53.1.jar;C:\Users\Vikas Yadav\eclipse-workspace\BatchExecution_BI\libs\selenium-ie-driver-2.53.1.jar;C:\Users\Vikas Yadav\eclipse-workspace\BatchExecution_BI\libs\selenium-java-2.53.1.jar;C:\Users\Vikas Yadav\eclipse-workspace\BatchExecution_BI\libs\selenium-leg-rc-2.53.1.jar;C:\Users\Vikas Yadav\eclipse-workspace\BatchExecution_BI\libs\selenium-remote-driver-2.53.1.jar;C:\Users\Vikas Yadav\eclipse-workspace\BatchExecution_BI\libs\selenium-safari-driver-2.53.1.jar;C:\Users\Vikas Yadav\eclipse-workspace\BatchExecution_BI\libs\selenium-server-2.53.1.jar;C:\Users\Vikas Yadav\eclipse-workspace\BatchExecution_BI\libs\selenium-support-2.53.1.jar;C:\Users\Vikas Yadav\eclipse-workspace\BatchExecution_BI\libs\serializer-2.7.2.jar;C:\Users\Vikas Yadav\eclipse-workspace\BatchExecution_BI\libs\sikulixapi.jar;C:\Users\Vikas Yadav\eclipse-workspace\BatchExecution_BI\libs\sikulixsetup-1.1.0.jar;C:\Users\Vikas Yadav\eclipse-workspace\BatchExecution_BI\libs\slf4j-api-1.7.2.jar;C:\Users\Vikas Yadav\eclipse-workspace\BatchExecution_BI\libs\snakeyaml-1.8.jar;C:\Users\Vikas Yadav\eclipse-workspace\BatchExecution_BI\libs\tdgssconfig.jar;C:\Users\Vikas Yadav\eclipse-workspace\BatchExecution_BI\libs\terajdbc4.jar;C:\Users\Vikas Yadav\eclipse-workspace\BatchExecution_BI\libs\testng-6.9.9.jar;C:\Users\Vikas Yadav\eclipse-workspace\BatchExecution_BI\libs\websocket-api-9.2.15.v20160210.jar;C:\Users\Vikas Yadav\eclipse-workspace\BatchExecution_BI\libs\websocket-client-9.2.15.v20160210.jar;C:\Users\Vikas Yadav\eclipse-workspace\BatchExecution_BI\libs\websocket-common-9.2.15.v20160210.jar;C:\Users\Vikas Yadav\eclipse-workspace\BatchExecution_BI\libs\xalan-2.7.2.jar;C:\Users\Vikas Yadav\eclipse-workspace\BatchExecution_BI\libs\xercesImpl-2.11.0.jar;C:\Users\Vikas Yadav\eclipse-workspace\BatchExecution_BI\libs\xml-apis-1.4.01.jar;C:\Users\Vikas Yadav\eclipse-workspace\BatchExecution_BI\libs\xmlbeans-2.6.0.jar;C:\Users\Vikas Yadav\eclipse-workspace\BatchExecution_BI\libs\xmlbeans-3.0.1.jar;D:\apache-ant-1.10.5-bin\apache-ant-1.10.5\lib\ant-launcher.jar;C:\Program Files\Teradata\Client\15.10\bin;C:\Program Files\Teradata\Client\15.10\bin\tdgeospatial.jar;C:\Program Files (x86)\Teradata\Client\15.10\bin;C:\Program Files (x86)\Teradata\Client\15.10\bin\tdgeospatial.jar;C:\Program Files\Teradata\Client\15.10\bin\jmsam.jar;C:\Program Files (x86)\Teradata\Client\15.10\bin\jmsam.jar;D:\apache-ant-1.10.5-bin\apache-ant-1.10.5\lib\ant-antlr.jar;D:\apache-ant-1.10.5-bin\apache-ant-1.10.5\lib\ant-apache-bcel.jar;D:\apache-ant-1.10.5-bin\apache-ant-1.10.5\lib\ant-apache-bsf.jar;D:\apache-ant-1.10.5-bin\apache-ant-1.10.5\lib\ant-apache-log4j.jar;D:\apache-ant-1.10.5-bin\apache-ant-1.10.5\lib\ant-apache-oro.jar;D:\apache-ant-1.10.5-bin\apache-ant-1.10.5\lib\ant-apache-regexp.jar;D:\apache-ant-1.10.5-bin\apache-ant-1.10.5\lib\ant-apache-resolver.jar;D:\apache-ant-1.10.5-bin\apache-ant-1.10.5\lib\ant-apache-xalan2.jar;D:\apache-ant-1.10.5-bin\apache-ant-1.10.5\lib\ant-commons-logging.jar;D:\apache-ant-1.10.5-bin\apache-ant-1.10.5\lib\ant-commons-net.jar;D:\apache-ant-1.10.5-bin\apache-ant-1.10.5\lib\ant-jai.jar;D:\apache-ant-1.10.5-bin\apache-ant-1.10.5\lib\ant-javamail.jar;D:\apache-ant-1.10.5-bin\apache-ant-1.10.5\lib\ant-jdepend.jar;D:\apache-ant-1.10.5-bin\apache-ant-1.10.5\lib\ant-jmf.jar;D:\apache-ant-1.10.5-bin\apache-ant-1.10.5\lib\ant-jsch.jar;D:\apache-ant-1.10.5-bin\apache-ant-1.10.5\lib\ant-junit.jar;D:\apache-ant-1.10.5-bin\apache-ant-1.10.5\lib\ant-junit4.jar;D:\apache-ant-1.10.5-bin\apache-ant-1.10.5\lib\ant-junitlauncher.jar;D:\apache-ant-1.10.5-bin\apache-ant-1.10.5\lib\ant-netrexx.jar;D:\apache-ant-1.10.5-bin\apache-ant-1.10.5\lib\ant-swing.jar;D:\apache-ant-1.10.5-bin\apache-ant-1.10.5\lib\ant-testutil.jar;D:\apache-ant-1.10.5-bin\apache-ant-1.10.5\lib\ant-xz.jar;D:\apache-ant-1.10.5-bin\apache-ant-1.10.5\lib\ant.jar;C:\Program Files\Java\jdk1.8.0_191\lib\tools.jar'
'-jar'
'C:\Users\Vikas Yadav\eclipse-workspace\BatchExecution_BI\SAF.jar'

The ' characters around the executable and arguments are
not part of the command.
     [java] Vikas Yadav
     [java]  Looking for the Informatica Server...
     [java]  
     [java] 
     [java]  User id029640 connected to devpwc01.ux.nl.tmo Server Successfully..!!
     [java] Done!
     [java] {RunFlag=RUN, TestCasePath=../BatchExecution_BI/src/TestCases/TC_EDW_FCT_CONTACT_CASE_CAEV001.xlsx, Sr .No=19.0, Environment=Development, TableDescription=EDW FACT, TablesName=FCT CONTACT CASE}
     [java] {RunFlag=RUN, TestCasePath=../BatchExecution_BI/src/TestCases/TC_CDM_WORKGROUP_SLA_TICO001.xlsx, Sr .No=1.0, Environment=Development, TableDescription=CDM, TablesName=CDM_WORKGROUP_SLA}
     [java] {RunFlag=RUN, TestCasePath=../BatchExecution_BI/src/TestCases/TC_EDW_FCT_FWGC_WORKGROUP_CALL_CCC001.xlsx, Sr .No=4.0, Environment=Development, TableDescription=EDW FACT, TablesName=FCT_WORKGROUP_CALL}
     [java] {RunFlag=RUN, TestCasePath=../BatchExecution_BI/src/TestCases/TC_STAGE_HEAP_SF_LIVECHATTRANSCRIPTEVENT.xlsx , Sr .No=1.0, Environment=Development, TableDescription=STAGE HEAP, TablesName=SF_LIVECHATTRANSCRIPTEVENT}
     [java]  JDBC driver loaded. 
     [java] 
     [java]  Looking for the Teradata JDBC driver...
     [java]  
     [java] 
     [java]  User ID029640 connected.
     [java] FCT CONTACT CASE
     [java] |--------------------------------------------------------------------------------------|------------------------------|-----------------------|-------------------------------|
     [java] |    TESTCASE NAME                                                                     |    TESTCASE_ACTUAL_RESULT    |    TESTCASE STATUS    |    TESTCASE_EXECUTION_DATE    |
     [java] |--------------------------------------------------------------------------------------|------------------------------|-----------------------|-------------------------------|
     [java] |    SOURCE DATA AVAILABLE IN THE CDM TABLE                                            |    9250597                   |    PASS               |    28-11-2018 20 :10 : 45     |
     [java] |--------------------------------------------------------------------------------------|------------------------------|-----------------------|-------------------------------|
     [java] |    SOURCE DATA AVAILABLE IN THE CDM TABLE                                            |    493                       |    PASS               |    28-11-2018 20 :10 : 46     |
     [java] |--------------------------------------------------------------------------------------|------------------------------|-----------------------|-------------------------------|
     [java] |    SOURCE DATA AVAILABLE IN THE CDM TABLE                                            |    9340963                   |    PASS               |    28-11-2018 20 :10 : 46     |
     [java] |--------------------------------------------------------------------------------------|------------------------------|-----------------------|-------------------------------|
     [java] |    SOURCE DATA AVAILABLE IN THE CDM TABLE                                            |    9258943                   |    PASS               |    28-11-2018 20 :10 : 47     |
     [java] |--------------------------------------------------------------------------------------|------------------------------|-----------------------|-------------------------------|
     [java] |    SOURCE DATA AVAILABLE IN THE CDM TABLE                                            |    9250597                   |    PASS               |    28-11-2018 20 :10 : 47     |
     [java] |--------------------------------------------------------------------------------------|------------------------------|-----------------------|-------------------------------|
     [java] |    SOURCE DATA AVAILABLE IN THE CDM TABLE                                            |    493                       |    PASS               |    28-11-2018 20 :10 : 47     |
     [java] |--------------------------------------------------------------------------------------|------------------------------|-----------------------|-------------------------------|
     [java] |    SOURCE DATA AVAILABLE IN THE CDM TABLE                                            |    14                        |    PASS               |    28-11-2018 20 :10 : 47     |
     [java] |--------------------------------------------------------------------------------------|------------------------------|-----------------------|-------------------------------|
     [java] |    TARGET DATA AVAILIBILITY IN FCT                                                   |    9250830                   |    PASS               |    28-11-2018 20 :10 : 48     |
     [java] |--------------------------------------------------------------------------------------|------------------------------|-----------------------|-------------------------------|
     [java] |    COMPLETENESS  SOURCE vs TARGET
     [java] ( SOURCE DATA CDM MINUS TARGET EDW DATA COUNT )    |    0                         |    PASS               |    28-11-2018 20 :10 : 50     |
     [java] |--------------------------------------------------------------------------------------|------------------------------|-----------------------|-------------------------------|
     [java] |    COMPLETENESS TARGET VS SOURCE
     [java] ( TARGET EDW DATA COUNT MINUS SOURCE DATA CDM  )    |    1                         |    FAIL               |    28-11-2018 20 :10 : 52     |
     [java] |--------------------------------------------------------------------------------------|------------------------------|-----------------------|-------------------------------|
     [java] |    CORRECTNESS OF THE SOURCE DATA WITH RESPECT TO TARGET                             |    8                         |    FAIL               |    28-11-2018 20 :10 : 59     |
     [java] |--------------------------------------------------------------------------------------|------------------------------|-----------------------|-------------------------------|
     [java] |    CORRECTNESS OF THE TARGET DATA WITH RESPECT TO SOURCE                             |    8                         |    FAIL               |    28-11-2018 20 :11 : 06     |
     [java] |--------------------------------------------------------------------------------------|------------------------------|-----------------------|-------------------------------|
     [java] |    CHECK FOR DUPLICATE RECORDS IN THE TARGET EDW TABLE BASESD ON THE PRIMARY KEY     |    233                       |    FAIL               |    28-11-2018 20 :11 : 07     |
     [java] |--------------------------------------------------------------------------------------|------------------------------|-----------------------|-------------------------------|
     [java] |    CHECK FOR THE NULL IN PRIMARY KEY AND REFERENC COLUMN                             |    8                         |    FAIL               |    28-11-2018 20 :11 : 07     |
     [java] |--------------------------------------------------------------------------------------|------------------------------|-----------------------|-------------------------------|
     [java] |    CHECK FOR COUNT OF CASE REASON ID WHERE IT IS NULL IN SOURCE WITH TARGET FACT     |    0                         |    PASS               |    28-11-2018 20 :11 : 09     |
     [java] |--------------------------------------------------------------------------------------|------------------------------|-----------------------|-------------------------------|
     [java] 
     [java] [ Total TestCase : 15] [ TestCase Pass : 10] [ TestCase Fail : 5]
     [java]  Connection to Teradata closed. 
     [java] 
     [java] -----------------------------------------------------------------------------------------------------------
     [java]  JDBC driver loaded. 
     [java] 
     [java]  Looking for the Teradata JDBC driver...
     [java]  
     [java] 
     [java]  User ID029640 connected.
     [java] CDM_WORKGROUP_SLA
     [java] |-------------------------------------------------------------|------------------------------|-----------------------|-------------------------------|
     [java] |    TESTCASE NAME                                            |    TESTCASE_ACTUAL_RESULT    |    TESTCASE STATUS    |    TESTCASE_EXECUTION_DATE    |
     [java] |-------------------------------------------------------------|------------------------------|-----------------------|-------------------------------|
     [java] |    SOURCE DATA AVAILIBILITY IN TICO_STATDIMENSIONS HEAP     |    187378                    |    PASS               |    28-11-2018 20 :11 : 10     |
     [java] |-------------------------------------------------------------|------------------------------|-----------------------|-------------------------------|
     [java] |    SOURCE DATA AVAILIBILITY IN TICO_STATPROFILE HEAP        |    96945                     |    PASS               |    28-11-2018 20 :11 : 11     |
     [java] |-------------------------------------------------------------|------------------------------|-----------------------|-------------------------------|
     [java] |    SOURCE DATA AVAILIBILITY IN TICO_DQCONFIG HEAP           |    18                        |    PASS               |    28-11-2018 20 :11 : 12     |
     [java] |-------------------------------------------------------------|------------------------------|-----------------------|-------------------------------|
     [java] |    SOURCE DATA AVAILIBILITY IN TICO_DQCONFIG HEAP           |    74                        |    PASS               |    28-11-2018 20 :11 : 13     |
     [java] |-------------------------------------------------------------|------------------------------|-----------------------|-------------------------------|
     [java] |    SOURCE DATA AVAILIBILITY IN CDM_V_PART_LKP TABLE         |    205                       |    PASS               |    28-11-2018 20 :11 : 14     |
     [java] |-------------------------------------------------------------|------------------------------|-----------------------|-------------------------------|
     [java] |    SOURCE DATA AVAILIBILITY IN CDM_V_PART_LKP TABLE         |    205                       |    PASS               |    28-11-2018 20 :11 : 15     |
     [java] |-------------------------------------------------------------|------------------------------|-----------------------|-------------------------------|
     [java] |    TARGET DATA AVAILIBILITY IN CDM_V_PART_LKP TABLE         |    266                       |    PASS               |    28-11-2018 20 :11 : 16     |
     [java] |-------------------------------------------------------------|------------------------------|-----------------------|-------------------------------|
     [java] |    COMPLETENESS SOURCE VS TARGET                            |    0                         |    PASS               |    28-11-2018 20 :11 : 17     |
     [java] |-------------------------------------------------------------|------------------------------|-----------------------|-------------------------------|
     [java] |    COMPLETENESS TARGET VS SOURCE                            |    0                         |    PASS               |    28-11-2018 20 :11 : 19     |
     [java] |-------------------------------------------------------------|------------------------------|-----------------------|-------------------------------|
     [java] |    CORRECTNESS OF THE TARGET DATA WITH RESPECT TO SOURCE    |    0                         |    PASS               |    28-11-2018 20 :11 : 21     |
     [java] |-------------------------------------------------------------|------------------------------|-----------------------|-------------------------------|
     [java] |    CHECK FOR DUPLICATE RECORDS IN THE CDM TABLE             |    0                         |    PASS               |    28-11-2018 20 :11 : 22     |
     [java] |-------------------------------------------------------------|------------------------------|-----------------------|-------------------------------|
     [java] |    CONSISTENCY WITH DATES                                   |    0                         |    PASS               |    28-11-2018 20 :11 : 24     |
     [java] |-------------------------------------------------------------|------------------------------|-----------------------|-------------------------------|
     [java] 
     [java] [ Total TestCase : 27] [ TestCase Pass : 22] [ TestCase Fail : 5]
     [java]  Connection to Teradata closed. 
     [java] 
     [java] -----------------------------------------------------------------------------------------------------------
     [java]  JDBC driver loaded. 
     [java] 
     [java]  Looking for the Teradata JDBC driver...
     [java]  
     [java] 
     [java]  User ID029640 connected.
     [java] FCT_WORKGROUP_CALL
     [java] |-------------------------------------------------------------|------------------------------|-----------------------|-------------------------------|
     [java] |    TESTCASE NAME                                            |    TESTCASE_ACTUAL_RESULT    |    TESTCASE STATUS    |    TESTCASE_EXECUTION_DATE    |
     [java] |-------------------------------------------------------------|------------------------------|-----------------------|-------------------------------|
     [java] |    SOURCE DATA AVAILABLE IN THE CDM TABLE                   |    681680                    |    PASS               |    28-11-2018 20 :11 : 25     |
     [java] |-------------------------------------------------------------|------------------------------|-----------------------|-------------------------------|
     [java] |    SOURCE DATA AVAILABLE IN THE CDM TABLE                   |    2252857                   |    PASS               |    28-11-2018 20 :11 : 26     |
     [java] |-------------------------------------------------------------|------------------------------|-----------------------|-------------------------------|
     [java] |    SOURCE DATA AVAILABLE IN THE CDM TABLE                   |    60383                     |    PASS               |    28-11-2018 20 :11 : 28     |
     [java] |-------------------------------------------------------------|------------------------------|-----------------------|-------------------------------|
     [java] |    SOURCE DATA AVAILABLE IN THE CDM TABLE                   |    638142                    |    PASS               |    28-11-2018 20 :11 : 30     |
     [java] |-------------------------------------------------------------|------------------------------|-----------------------|-------------------------------|
     [java] |    SOURCE DATA AVAILABLE IN THE CDM TABLE                   |    232                       |    PASS               |    28-11-2018 20 :11 : 31     |
     [java] |-------------------------------------------------------------|------------------------------|-----------------------|-------------------------------|
     [java] |    SOURCE DATA AVAILABLE IN THE CDM TABLE                   |    73054                     |    PASS               |    28-11-2018 20 :11 : 32     |
     [java] |-------------------------------------------------------------|------------------------------|-----------------------|-------------------------------|
     [java] |    TARGET DATA AVAILIBILITY IN FCT                          |    371053                    |    PASS               |    28-11-2018 20 :11 : 33     |
     [java] |-------------------------------------------------------------|------------------------------|-----------------------|-------------------------------|
     [java] |                                                             |    0                         |    PASS               |    28-11-2018 20 :11 : 36     |
     [java] |-------------------------------------------------------------|------------------------------|-----------------------|-------------------------------|
     [java] |    Completeness target vs source                            |    0                         |    PASS               |    28-11-2018 20 :11 : 39     |
     [java] |-------------------------------------------------------------|------------------------------|-----------------------|-------------------------------|
     [java] |    Correctness of the source data with respect to target    |    0                         |    PASS               |    28-11-2018 20 :11 : 42     |
     [java] |-------------------------------------------------------------|------------------------------|-----------------------|-------------------------------|
     [java] |    Correctness of the target data with respect to source    |    0                         |    PASS               |    28-11-2018 20 :11 : 45     |
     [java] |-------------------------------------------------------------|------------------------------|-----------------------|-------------------------------|
     [java] 
     [java] [ Total TestCase : 38] [ TestCase Pass : 33] [ TestCase Fail : 5]
     [java]  Connection to Teradata closed. 
     [java] 
     [java] -----------------------------------------------------------------------------------------------------------
     [java]  JDBC driver loaded. 
     [java] 
     [java]  Looking for the Teradata JDBC driver...
     [java]  
     [java] 
     [java]  User ID029640 connected.
     [java] SF_LIVECHATTRANSCRIPTEVENT
     [java] |---------------------------------------------------------------------------------------------------|------------------------------|-----------------------|-------------------------------|
     [java] |    TESTCASE NAME                                                                                  |    TESTCASE_ACTUAL_RESULT    |    TESTCASE STATUS    |    TESTCASE_EXECUTION_DATE    |
     [java] |---------------------------------------------------------------------------------------------------|------------------------------|-----------------------|-------------------------------|
     [java] |    Data availability in Stage                                                                     |    2818208                   |    PASS               |    28-11-2018 20 :11 : 47     |
     [java] |---------------------------------------------------------------------------------------------------|------------------------------|-----------------------|-------------------------------|
     [java] |    Validation Duplicate ETL_BK_MD5 and ETL_MD5 key in stage                                       |    0                         |    PASS               |    28-11-2018 20 :11 : 47     |
     [java] |---------------------------------------------------------------------------------------------------|------------------------------|-----------------------|-------------------------------|
     [java] |    Null Validation for Technical Columns                                                          |    0                         |    PASS               |    28-11-2018 20 :11 : 47     |
     [java] |---------------------------------------------------------------------------------------------------|------------------------------|-----------------------|-------------------------------|
     [java] |    Validate ETL_IND_CURRENT Column for First run                                                  |    0                         |    PASS               |    28-11-2018 20 :11 : 48     |
     [java] |---------------------------------------------------------------------------------------------------|------------------------------|-----------------------|-------------------------------|
     [java] |    Validate the data type of STAGE AND HEAP                                                       |    0                         |    PASS               |    28-11-2018 20 :11 : 48     |
     [java] |---------------------------------------------------------------------------------------------------|------------------------------|-----------------------|-------------------------------|
     [java] |    Data availability in Heap                                                                      |    2818208                   |    PASS               |    28-11-2018 20 :11 : 48     |
     [java] |---------------------------------------------------------------------------------------------------|------------------------------|-----------------------|-------------------------------|
     [java] |    Validate ETL_VALID_FROM_DT and ETL_VALID_TO_DT for Heap                                        |    0                         |    PASS               |    28-11-2018 20 :11 : 49     |
     [java] |---------------------------------------------------------------------------------------------------|------------------------------|-----------------------|-------------------------------|
     [java] |    Stage Heap SF_LIVECHATTRANSCRIPTEVENT_HISTORY : Validation of the database tables and views    |    0                         |    PASS               |    28-11-2018 20 :11 : 50     |
     [java] |---------------------------------------------------------------------------------------------------|------------------------------|-----------------------|-------------------------------|
     [java] |    Validation Duplicate ETL_BK_MD5 and ETL_MD5 key in Heap                                        |    0                         |    PASS               |    28-11-2018 20 :11 : 50     |
     [java] |---------------------------------------------------------------------------------------------------|------------------------------|-----------------------|-------------------------------|
     [java] |    Count Validation for Stage VS Heap                                                             |    0                         |    PASS               |    28-11-2018 20 :11 : 50     |
     [java] |---------------------------------------------------------------------------------------------------|------------------------------|-----------------------|-------------------------------|
     [java] 
     [java] [ Total TestCase : 48] [ TestCase Pass : 43] [ TestCase Fail : 5]
     [java]  Connection to Teradata closed. 
     [java] 
     [java] -----------------------------------------------------------------------------------------------------------
run:  duration 1 minute 8 seconds

BUILD SUCCESSFUL
