     [echo] Build logged to build_2018-11-28_18-51-54.log
     [java] When using 'jar' attribute classpath-settings are ignored. See the manual for more information.
     [java] Executing 'C:\Program Files\Java\jdk1.8.0_191\jre\bin\java.exe' with arguments:
'-classpath'
'C:\Users\Vikas Yadav\eclipse-workspace\BatchExecution_BI\libs\activation-1.1.1.jar;C:\Users\Vikas Yadav\eclipse-workspace\BatchExecution_BI\libs\apache-mime4j-0.6.jar;C:\Users\Vikas Yadav\eclipse-workspace\BatchExecution_BI\libs\bcpkix-jdk15on-1.48.jar;C:\Users\Vikas Yadav\eclipse-workspace\BatchExecution_BI\libs\bcprov-jdk15on-1.48.jar;C:\Users\Vikas Yadav\eclipse-workspace\BatchExecution_BI\libs\bsh-2.0b4.jar;C:\Users\Vikas Yadav\eclipse-workspace\BatchExecution_BI\libs\cglib-nodep-2.1_3.jar;C:\Users\Vikas Yadav\eclipse-workspace\BatchExecution_BI\libs\cglib-nodep-3.2.4.jar;C:\Users\Vikas Yadav\eclipse-workspace\BatchExecution_BI\libs\client-combined-3.0.1-nodeps.jar;C:\Users\Vikas Yadav\eclipse-workspace\BatchExecution_BI\libs\commons-codec-1.10.jar;C:\Users\Vikas Yadav\eclipse-workspace\BatchExecution_BI\libs\commons-codec-1.11.jar;C:\Users\Vikas Yadav\eclipse-workspace\BatchExecution_BI\libs\commons-collections-3.2.2.jar;C:\Users\Vikas Yadav\eclipse-workspace\BatchExecution_BI\libs\commons-collections4-4.1.jar;C:\Users\Vikas Yadav\eclipse-workspace\BatchExecution_BI\libs\commons-collections4-4.2.jar;C:\Users\Vikas Yadav\eclipse-workspace\BatchExecution_BI\libs\commons-exec-1.3.jar;C:\Users\Vikas Yadav\eclipse-workspace\BatchExecution_BI\libs\commons-io-2.4.jar;C:\Users\Vikas Yadav\eclipse-workspace\BatchExecution_BI\libs\commons-io-2.5.jar;C:\Users\Vikas Yadav\eclipse-workspace\BatchExecution_BI\libs\commons-lang3-3.4.jar;C:\Users\Vikas Yadav\eclipse-workspace\BatchExecution_BI\libs\commons-logging-1.2.jar;C:\Users\Vikas Yadav\eclipse-workspace\BatchExecution_BI\libs\commons-math3-3.6.1.jar;C:\Users\Vikas Yadav\eclipse-workspace\BatchExecution_BI\libs\cssparser-0.9.18.jar;C:\Users\Vikas Yadav\eclipse-workspace\BatchExecution_BI\libs\cssparser-0.9.20.jar;C:\Users\Vikas Yadav\eclipse-workspace\BatchExecution_BI\libs\curvesapi-1.04.jar;C:\Users\Vikas Yadav\eclipse-workspace\BatchExecution_BI\libs\curvesapi-1.05.jar;C:\Users\Vikas Yadav\eclipse-workspace\BatchExecution_BI\libs\gson-2.3.1.jar;C:\Users\Vikas Yadav\eclipse-workspace\BatchExecution_BI\libs\guava-19.0.jar;C:\Users\Vikas Yadav\eclipse-workspace\BatchExecution_BI\libs\hamcrest-core-1.3.jar;C:\Users\Vikas Yadav\eclipse-workspace\BatchExecution_BI\libs\hamcrest-library-1.3.jar;C:\Users\Vikas Yadav\eclipse-workspace\BatchExecution_BI\libs\htmlunit-2.21.jar;C:\Users\Vikas Yadav\eclipse-workspace\BatchExecution_BI\libs\htmlunit-2.23.jar;C:\Users\Vikas Yadav\eclipse-workspace\BatchExecution_BI\libs\htmlunit-core-js-2.17.jar;C:\Users\Vikas Yadav\eclipse-workspace\BatchExecution_BI\libs\htmlunit-core-js-2.23.jar;C:\Users\Vikas Yadav\eclipse-workspace\BatchExecution_BI\libs\htmlunit-driver-2.21.jar;C:\Users\Vikas Yadav\eclipse-workspace\BatchExecution_BI\libs\httpclient-4.5.1.jar;C:\Users\Vikas Yadav\eclipse-workspace\BatchExecution_BI\libs\httpclient-4.5.2.jar;C:\Users\Vikas Yadav\eclipse-workspace\BatchExecution_BI\libs\httpcore-4.4.3.jar;C:\Users\Vikas Yadav\eclipse-workspace\BatchExecution_BI\libs\httpcore-4.4.4.jar;C:\Users\Vikas Yadav\eclipse-workspace\BatchExecution_BI\libs\httpmime-4.5.2.jar;C:\Users\Vikas Yadav\eclipse-workspace\BatchExecution_BI\libs\javax.servlet-api-3.1.0.jar;C:\Users\Vikas Yadav\eclipse-workspace\BatchExecution_BI\libs\jaxb-api-2.3.0.jar;C:\Users\Vikas Yadav\eclipse-workspace\BatchExecution_BI\libs\jaxb-core-2.3.0.1.jar;C:\Users\Vikas Yadav\eclipse-workspace\BatchExecution_BI\libs\jaxb-impl-2.3.0.1.jar;C:\Users\Vikas Yadav\eclipse-workspace\BatchExecution_BI\libs\jcip-annotations-1.0.jar;C:\Users\Vikas Yadav\eclipse-workspace\BatchExecution_BI\libs\jcommander-1.48.jar;C:\Users\Vikas Yadav\eclipse-workspace\BatchExecution_BI\libs\jetty-io-9.2.13.v20150730.jar;C:\Users\Vikas Yadav\eclipse-workspace\BatchExecution_BI\libs\jetty-io-9.2.15.v20160210.jar;C:\Users\Vikas Yadav\eclipse-workspace\BatchExecution_BI\libs\jetty-rc-repacked-5.jar;C:\Users\Vikas Yadav\eclipse-workspace\BatchExecution_BI\libs\jetty-repacked-9.2.13.v20150730.jar;C:\Users\Vikas Yadav\eclipse-workspace\BatchExecution_BI\libs\jetty-util-9.2.13.v20150730.jar;C:\Users\Vikas Yadav\eclipse-workspace\BatchExecution_BI\libs\jetty-util-9.2.15.v20160210.jar;C:\Users\Vikas Yadav\eclipse-workspace\BatchExecution_BI\libs\jna-4.1.0.jar;C:\Users\Vikas Yadav\eclipse-workspace\BatchExecution_BI\libs\jna-platform-4.1.0.jar;C:\Users\Vikas Yadav\eclipse-workspace\BatchExecution_BI\libs\jsch-0.1.54.jar;C:\Users\Vikas Yadav\eclipse-workspace\BatchExecution_BI\libs\jsonic-1.2.0.jar;C:\Users\Vikas Yadav\eclipse-workspace\BatchExecution_BI\libs\junit-4.12.jar;C:\Users\Vikas Yadav\eclipse-workspace\BatchExecution_BI\libs\langdetect.jar;C:\Users\Vikas Yadav\eclipse-workspace\BatchExecution_BI\libs\log4j-1.2.17.jar;C:\Users\Vikas Yadav\eclipse-workspace\BatchExecution_BI\libs\mx4j-tools-3.0.1.jar;C:\Users\Vikas Yadav\eclipse-workspace\BatchExecution_BI\libs\neko-htmlunit-2.21.jar;C:\Users\Vikas Yadav\eclipse-workspace\BatchExecution_BI\libs\neko-htmlunit-2.23.jar;C:\Users\Vikas Yadav\eclipse-workspace\BatchExecution_BI\libs\netty-3.5.7.Final.jar;C:\Users\Vikas Yadav\eclipse-workspace\BatchExecution_BI\libs\phantomjsdriver-1.2.1.jar;C:\Users\Vikas Yadav\eclipse-workspace\BatchExecution_BI\libs\phantomjsdriver-1.3.0.jar;C:\Users\Vikas Yadav\eclipse-workspace\BatchExecution_BI\libs\poi-3.15-beta1.jar;C:\Users\Vikas Yadav\eclipse-workspace\BatchExecution_BI\libs\poi-3.16-beta1.jar;C:\Users\Vikas Yadav\eclipse-workspace\BatchExecution_BI\libs\poi-4.0.0.jar;C:\Users\Vikas Yadav\eclipse-workspace\BatchExecution_BI\libs\poi-examples-3.15-beta1.jar;C:\Users\Vikas Yadav\eclipse-workspace\BatchExecution_BI\libs\poi-examples-3.16-beta1.jar;C:\Users\Vikas Yadav\eclipse-workspace\BatchExecution_BI\libs\poi-examples-4.0.0.jar;C:\Users\Vikas Yadav\eclipse-workspace\BatchExecution_BI\libs\poi-excelant-3.15-beta1.jar;C:\Users\Vikas Yadav\eclipse-workspace\BatchExecution_BI\libs\poi-excelant-3.16-beta1.jar;C:\Users\Vikas Yadav\eclipse-workspace\BatchExecution_BI\libs\poi-excelant-4.0.0.jar;C:\Users\Vikas Yadav\eclipse-workspace\BatchExecution_BI\libs\poi-ooxml-3.15-beta1.jar;C:\Users\Vikas Yadav\eclipse-workspace\BatchExecution_BI\libs\poi-ooxml-3.16-beta1.jar;C:\Users\Vikas Yadav\eclipse-workspace\BatchExecution_BI\libs\poi-ooxml-4.0.0.jar;C:\Users\Vikas Yadav\eclipse-workspace\BatchExecution_BI\libs\poi-ooxml-schemas-3.15-beta1.jar;C:\Users\Vikas Yadav\eclipse-workspace\BatchExecution_BI\libs\poi-ooxml-schemas-3.16-beta1.jar;C:\Users\Vikas Yadav\eclipse-workspace\BatchExecution_BI\libs\poi-ooxml-schemas-4.0.0.jar;C:\Users\Vikas Yadav\eclipse-workspace\BatchExecution_BI\libs\poi-scratchpad-3.15-beta1.jar;C:\Users\Vikas Yadav\eclipse-workspace\BatchExecution_BI\libs\poi-scratchpad-3.16-beta1.jar;C:\Users\Vikas Yadav\eclipse-workspace\BatchExecution_BI\libs\poi-scratchpad-4.0.0.jar;C:\Users\Vikas Yadav\eclipse-workspace\BatchExecution_BI\libs\sac-1.3.jar;C:\Users\Vikas Yadav\eclipse-workspace\BatchExecution_BI\libs\selenium-api-2.53.1.jar;C:\Users\Vikas Yadav\eclipse-workspace\BatchExecution_BI\libs\selenium-chrome-driver-2.53.1.jar;C:\Users\Vikas Yadav\eclipse-workspace\BatchExecution_BI\libs\selenium-edge-driver-2.53.1.jar;C:\Users\Vikas Yadav\eclipse-workspace\BatchExecution_BI\libs\selenium-firefox-driver-2.53.1.jar;C:\Users\Vikas Yadav\eclipse-workspace\BatchExecution_BI\libs\selenium-ie-driver-2.53.1.jar;C:\Users\Vikas Yadav\eclipse-workspace\BatchExecution_BI\libs\selenium-java-2.53.1.jar;C:\Users\Vikas Yadav\eclipse-workspace\BatchExecution_BI\libs\selenium-leg-rc-2.53.1.jar;C:\Users\Vikas Yadav\eclipse-workspace\BatchExecution_BI\libs\selenium-remote-driver-2.53.1.jar;C:\Users\Vikas Yadav\eclipse-workspace\BatchExecution_BI\libs\selenium-safari-driver-2.53.1.jar;C:\Users\Vikas Yadav\eclipse-workspace\BatchExecution_BI\libs\selenium-server-2.53.1.jar;C:\Users\Vikas Yadav\eclipse-workspace\BatchExecution_BI\libs\selenium-support-2.53.1.jar;C:\Users\Vikas Yadav\eclipse-workspace\BatchExecution_BI\libs\serializer-2.7.2.jar;C:\Users\Vikas Yadav\eclipse-workspace\BatchExecution_BI\libs\sikulixapi.jar;C:\Users\Vikas Yadav\eclipse-workspace\BatchExecution_BI\libs\sikulixsetup-1.1.0.jar;C:\Users\Vikas Yadav\eclipse-workspace\BatchExecution_BI\libs\slf4j-api-1.7.2.jar;C:\Users\Vikas Yadav\eclipse-workspace\BatchExecution_BI\libs\snakeyaml-1.8.jar;C:\Users\Vikas Yadav\eclipse-workspace\BatchExecution_BI\libs\tdgssconfig.jar;C:\Users\Vikas Yadav\eclipse-workspace\BatchExecution_BI\libs\terajdbc4.jar;C:\Users\Vikas Yadav\eclipse-workspace\BatchExecution_BI\libs\testng-6.9.9.jar;C:\Users\Vikas Yadav\eclipse-workspace\BatchExecution_BI\libs\websocket-api-9.2.15.v20160210.jar;C:\Users\Vikas Yadav\eclipse-workspace\BatchExecution_BI\libs\websocket-client-9.2.15.v20160210.jar;C:\Users\Vikas Yadav\eclipse-workspace\BatchExecution_BI\libs\websocket-common-9.2.15.v20160210.jar;C:\Users\Vikas Yadav\eclipse-workspace\BatchExecution_BI\libs\xalan-2.7.2.jar;C:\Users\Vikas Yadav\eclipse-workspace\BatchExecution_BI\libs\xercesImpl-2.11.0.jar;C:\Users\Vikas Yadav\eclipse-workspace\BatchExecution_BI\libs\xml-apis-1.4.01.jar;C:\Users\Vikas Yadav\eclipse-workspace\BatchExecution_BI\libs\xmlbeans-2.6.0.jar;C:\Users\Vikas Yadav\eclipse-workspace\BatchExecution_BI\libs\xmlbeans-3.0.1.jar;D:\apache-ant-1.10.5-bin\apache-ant-1.10.5\lib\ant-launcher.jar;C:\Program Files\Teradata\Client\15.10\bin;C:\Program Files\Teradata\Client\15.10\bin\tdgeospatial.jar;C:\Program Files (x86)\Teradata\Client\15.10\bin;C:\Program Files (x86)\Teradata\Client\15.10\bin\tdgeospatial.jar;C:\Program Files\Teradata\Client\15.10\bin\jmsam.jar;C:\Program Files (x86)\Teradata\Client\15.10\bin\jmsam.jar;D:\apache-ant-1.10.5-bin\apache-ant-1.10.5\lib\ant-antlr.jar;D:\apache-ant-1.10.5-bin\apache-ant-1.10.5\lib\ant-apache-bcel.jar;D:\apache-ant-1.10.5-bin\apache-ant-1.10.5\lib\ant-apache-bsf.jar;D:\apache-ant-1.10.5-bin\apache-ant-1.10.5\lib\ant-apache-log4j.jar;D:\apache-ant-1.10.5-bin\apache-ant-1.10.5\lib\ant-apache-oro.jar;D:\apache-ant-1.10.5-bin\apache-ant-1.10.5\lib\ant-apache-regexp.jar;D:\apache-ant-1.10.5-bin\apache-ant-1.10.5\lib\ant-apache-resolver.jar;D:\apache-ant-1.10.5-bin\apache-ant-1.10.5\lib\ant-apache-xalan2.jar;D:\apache-ant-1.10.5-bin\apache-ant-1.10.5\lib\ant-commons-logging.jar;D:\apache-ant-1.10.5-bin\apache-ant-1.10.5\lib\ant-commons-net.jar;D:\apache-ant-1.10.5-bin\apache-ant-1.10.5\lib\ant-jai.jar;D:\apache-ant-1.10.5-bin\apache-ant-1.10.5\lib\ant-javamail.jar;D:\apache-ant-1.10.5-bin\apache-ant-1.10.5\lib\ant-jdepend.jar;D:\apache-ant-1.10.5-bin\apache-ant-1.10.5\lib\ant-jmf.jar;D:\apache-ant-1.10.5-bin\apache-ant-1.10.5\lib\ant-jsch.jar;D:\apache-ant-1.10.5-bin\apache-ant-1.10.5\lib\ant-junit.jar;D:\apache-ant-1.10.5-bin\apache-ant-1.10.5\lib\ant-junit4.jar;D:\apache-ant-1.10.5-bin\apache-ant-1.10.5\lib\ant-junitlauncher.jar;D:\apache-ant-1.10.5-bin\apache-ant-1.10.5\lib\ant-netrexx.jar;D:\apache-ant-1.10.5-bin\apache-ant-1.10.5\lib\ant-swing.jar;D:\apache-ant-1.10.5-bin\apache-ant-1.10.5\lib\ant-testutil.jar;D:\apache-ant-1.10.5-bin\apache-ant-1.10.5\lib\ant-xz.jar;D:\apache-ant-1.10.5-bin\apache-ant-1.10.5\lib\ant.jar;C:\Program Files\Java\jdk1.8.0_191\lib\tools.jar'
'-jar'
'C:\Users\Vikas Yadav\eclipse-workspace\BatchExecution_BI\SAF.jar'

The ' characters around the executable and arguments are
not part of the command.
     [java] Vikas Yadav
     [java]  Looking for the Informatica Server...
     [java]  
     [java] 
     [java]  User id029640 connected to devpwc01.ux.nl.tmo Server Successfully..!!
     [java] Done!
     [java] {RunFlag=RUN, TestCasePath=../BatchExecution_BI/src/TestCases/TC_TEC_CDM_EVENT_REASON_LKP_SF001.xlsx, Sr .No=6.0, Environment=Development, TableDescription=TEC_CDM_KEY, TablesName=TEC_CDM_EVENT_REASON}
     [java] {RunFlag=RUN, TestCasePath=../BatchExecution_BI/src/TestCases/TC_TEC_CDM_EVENT_PARTY_SF001.xlsx, Sr .No=7.0, Environment=Development, TableDescription=TEC_CDM_KEY, TablesName=TEC_CDM_EVENT_PARTY}
     [java] {RunFlag=RUN, TestCasePath=../BatchExecution_BI/src/TestCases/TC_TEC_CDM_EVENT_LKP_SF001.xlsx, Sr .No=8.0, Environment=Development, TableDescription=TEC_CDM_KEY, TablesName=TEC_CDM_EVENT_LKP}
     [java] {RunFlag=RUN, TestCasePath=../BatchExecution_BI/src/TestCases/TC_CDM_V_EVENT_STATUS_SF001.xlsx, Sr .No=9.0, Environment=Development, TableDescription=CDM, TablesName=CDM EVENT STATUS}
     [java] {RunFlag=RUN, TestCasePath=../BatchExecution_BI/src/TestCases/TC_CDM_EVENT_CHANNEL_SF001.xlsx, Sr .No=10.0, Environment=Development, TableDescription=CDM, TablesName=CDM EVENT CHANNEL}
     [java] {RunFlag=RUN, TestCasePath=../BatchExecution_BI/src/TestCases/TC_CDM_EVENT_ACCOUNT_SF001.xlsx, Sr .No=11.0, Environment=Development, TableDescription=CDM, TablesName=CDM EVENT ACCOUNT}
     [java] {RunFlag=RUN, TestCasePath=../BatchExecution_BI/src/TestCases/TC_CDM_V_EVENT_REASON_SF001.xlsx, Sr .No=12.0, Environment=Development, TableDescription=CDM, TablesName=CDM EVENT REASON}
     [java] {RunFlag=RUN, TestCasePath=../BatchExecution_BI/src/TestCases/TC_CDM_EVENT_PARTY_SF001.xlsx, Sr .No=13.0, Environment=Development, TableDescription=CDM, TablesName=CDM EVENT PARTY}
     [java] {RunFlag=RUN, TestCasePath=../BatchExecution_BI/src/TestCases/TC_CDM_V_EVENT_PARTY_SF004.xlsx, Sr .No=14.0, Environment=Development, TableDescription=CDM, TablesName=CDM EVENT PARTY}
     [java] {RunFlag=RUN, TestCasePath=../BatchExecution_BI/src/TestCases/TC_CDM_CASE_EVENT_SF001.xlsx, Sr .No=15.0, Environment=Development, TableDescription=CDM, TablesName=CDM CASE EVENT}
     [java] {RunFlag=RUN, TestCasePath=../BatchExecution_BI/src/TestCases/TC_CDM_CASE_EVENT(1)_SF001.xlsx, Sr .No=16.0, Environment=Development, TableDescription=CDM, TablesName=CDM CASE EVENT}
     [java] {RunFlag=RUN, TestCasePath=../BatchExecution_BI/src/TestCases/TC_DIM_CONTACT_CASE_DE001.xlsx, Sr .No=17.0, Environment=Development, TableDescription=EDW DIM, TablesName=EDW DIM CONTACT CASE}
     [java] {RunFlag=RUN, TestCasePath=../BatchExecution_BI/src/TestCases/TC_DIM_CONTACT_CASE_REASON_DCVR001.xlsx, Sr .No=18.0, Environment=Development, TableDescription=EDW DIM, TablesName=EDW DIM CONTACT CASE REASON}
     [java] {RunFlag=RUN, TestCasePath=../BatchExecution_BI/src/TestCases/TC_EDW_FCT_CONTACT_CASE_CAEV001.xlsx, Sr .No=19.0, Environment=Development, TableDescription=EDW FACT, TablesName=FCT CONTACT CASE}
     [java]  JDBC driver loaded. 
     [java] 
     [java]  Looking for the Teradata JDBC driver...
     [java]  
     [java] 
     [java]  User ID029640 connected.
     [java] TEC_CDM_EVENT_REASON
     [java] |-------------------------------------------------------------|------------------------------|-----------------------|-------------------------------|
     [java] |    TESTCASE NAME                                            |    TESTCASE_ACTUAL_RESULT    |    TESTCASE STATUS    |    TESTCASE_EXECUTION_DATE    |
     [java] |-------------------------------------------------------------|------------------------------|-----------------------|-------------------------------|
     [java] |    SOURCE DATA AVAILIBILITY IN SF CASE HEAP                 |    9250597                   |    PASS               |    28-11-2018 18 :51 : 59     |
     [java] |-------------------------------------------------------------|------------------------------|-----------------------|-------------------------------|
     [java] |    SOURCE DATA AVAILIBILITY IN CDM_V_EVRE_LKP TABLE         |    493                       |    PASS               |    28-11-2018 18 :51 : 59     |
     [java] |-------------------------------------------------------------|------------------------------|-----------------------|-------------------------------|
     [java] |    COMPLETENESS SOURCE VS TARGET                            |    1                         |    FAIL               |    28-11-2018 18 :52 : 05     |
     [java] |-------------------------------------------------------------|------------------------------|-----------------------|-------------------------------|
     [java] |    CORRECTNESS OF THE SOURCE DATA WITH RESPECT TO TARGET    |    1                         |    FAIL               |    28-11-2018 18 :52 : 10     |
     [java] |-------------------------------------------------------------|------------------------------|-----------------------|-------------------------------|
     [java] |    CORRECTNESS OF THE TARGET DATA WITH RESPECT TO SOURCE    |    1                         |    FAIL               |    28-11-2018 18 :52 : 15     |
     [java] |-------------------------------------------------------------|------------------------------|-----------------------|-------------------------------|
     [java] |    CHECK FOR DUPLICATE RECORDS IN THE CDM TABLE             |    0                         |    PASS               |    28-11-2018 18 :52 : 15     |
     [java] |-------------------------------------------------------------|------------------------------|-----------------------|-------------------------------|
     [java] |    CONSISTENCY WITH DATES                                   |    0                         |    PASS               |    28-11-2018 18 :52 : 16     |
     [java] |-------------------------------------------------------------|------------------------------|-----------------------|-------------------------------|
     [java] 
     [java] [ Total TestCase : 7] [ TestCase Pass : 4] [ TestCase Fail : 3]
     [java]  Connection to Teradata closed. 
     [java] 
     [java] -----------------------------------------------------------------------------------------------------------
     [java]  JDBC driver loaded. 
     [java] 
     [java]  Looking for the Teradata JDBC driver...
     [java]  
     [java] 
     [java]  User ID029640 connected.
     [java] TEC_CDM_EVENT_PARTY
     [java] |-------------------------------------------------------------|------------------------------|-----------------------|-------------------------------|
     [java] |    TESTCASE NAME                                            |    TESTCASE_ACTUAL_RESULT    |    TESTCASE STATUS    |    TESTCASE_EXECUTION_DATE    |
     [java] |-------------------------------------------------------------|------------------------------|-----------------------|-------------------------------|
     [java] |    SOURCE DATA AVAILIBILITY IN SF CASE HEAP                 |    9250597                   |    PASS               |    28-11-2018 18 :52 : 18     |
     [java] |-------------------------------------------------------------|------------------------------|-----------------------|-------------------------------|
     [java] |    SOURCE DATA AVAILIBILITY IN SF  ACCOUNT HEAP             |    307                       |    PASS               |    28-11-2018 18 :52 : 18     |
     [java] |-------------------------------------------------------------|------------------------------|-----------------------|-------------------------------|
     [java] |    SOURCE DATA AVAILIBILITY IN SF RECORD TYPE HEAP          |    140                       |    PASS               |    28-11-2018 18 :52 : 19     |
     [java] |-------------------------------------------------------------|------------------------------|-----------------------|-------------------------------|
     [java] |    SOURCE DATA AVAILIBILITY IN CDM_V_EVRE_LKP TABLE         |    9436934                   |    PASS               |    28-11-2018 18 :52 : 19     |
     [java] |-------------------------------------------------------------|------------------------------|-----------------------|-------------------------------|
     [java] |    SOURCE DATA AVAILIBILITY IN CDM_V_EVRE_LKP TABLE         |    9157078                   |    PASS               |    28-11-2018 18 :52 : 20     |
     [java] |-------------------------------------------------------------|------------------------------|-----------------------|-------------------------------|
     [java] |    NULL VALIDATION FOR TECHNICAL COLUMNS                    |    0                         |    PASS               |    28-11-2018 18 :52 : 20     |
     [java] |-------------------------------------------------------------|------------------------------|-----------------------|-------------------------------|
     [java] |    COMPLETENESS SOURCE VS TARGET                            |    1                         |    FAIL               |    28-11-2018 18 :52 : 23     |
     [java] |-------------------------------------------------------------|------------------------------|-----------------------|-------------------------------|
     [java] |    CORRECTNESS OF THE SOURCE DATA WITH RESPECT TO TARGET    |    1                         |    FAIL               |    28-11-2018 18 :52 : 26     |
     [java] |-------------------------------------------------------------|------------------------------|-----------------------|-------------------------------|
     [java] |    CHECK FOR DUPLICATE RECORDS IN THE CDM TABLE             |    0                         |    PASS               |    28-11-2018 18 :52 : 27     |
     [java] |-------------------------------------------------------------|------------------------------|-----------------------|-------------------------------|
     [java] 
     [java] [ Total TestCase : 16] [ TestCase Pass : 11] [ TestCase Fail : 5]
     [java]  Connection to Teradata closed. 
     [java] 
     [java] -----------------------------------------------------------------------------------------------------------
     [java]  JDBC driver loaded. 
     [java] 
     [java]  Looking for the Teradata JDBC driver...
     [java]  
     [java] 
     [java]  User ID029640 connected.
     [java] TEC_CDM_EVENT_LKP
     [java] |-------------------------------------------------------------|------------------------------|-----------------------|-------------------------------|
     [java] |    TESTCASE NAME                                            |    TESTCASE_ACTUAL_RESULT    |    TESTCASE STATUS    |    TESTCASE_EXECUTION_DATE    |
     [java] |-------------------------------------------------------------|------------------------------|-----------------------|-------------------------------|
     [java] |    SOURCE DATA AVAILIBILITY IN SF CASE HEAP                 |    9250597                   |    PASS               |    28-11-2018 18 :52 : 29     |
     [java] |-------------------------------------------------------------|------------------------------|-----------------------|-------------------------------|
     [java] |    SOURCE DATA AVAILIBILITY IN CDM_V_EVRE_LKP TABLE         |    9436934                   |    PASS               |    28-11-2018 18 :52 : 29     |
     [java] |-------------------------------------------------------------|------------------------------|-----------------------|-------------------------------|
     [java] |    COMPLETENESS SOURCE VS TARGET                            |    0                         |    PASS               |    28-11-2018 18 :52 : 31     |
     [java] |-------------------------------------------------------------|------------------------------|-----------------------|-------------------------------|
     [java] |    CORRECTNESS OF THE TARGET DATA WITH RESPECT TO SOURCE    |    1                         |    FAIL               |    28-11-2018 18 :52 : 33     |
     [java] |-------------------------------------------------------------|------------------------------|-----------------------|-------------------------------|
     [java] |    CHECK FOR DUPLICATE RECORDS IN THE CDM TABLE             |    0                         |    PASS               |    28-11-2018 18 :52 : 34     |
     [java] |-------------------------------------------------------------|------------------------------|-----------------------|-------------------------------|
     [java] 
     [java] [ Total TestCase : 21] [ TestCase Pass : 15] [ TestCase Fail : 6]
     [java]  Connection to Teradata closed. 
     [java] 
     [java] -----------------------------------------------------------------------------------------------------------
     [java]  JDBC driver loaded. 
     [java] 
     [java]  Looking for the Teradata JDBC driver...
     [java]  
     [java] 
     [java]  User ID029640 connected.
     [java] CDM EVENT STATUS
     [java] |-------------------------------------------------------------|------------------------------|-----------------------|-------------------------------|
     [java] |    TESTCASE NAME                                            |    TESTCASE_ACTUAL_RESULT    |    TESTCASE STATUS    |    TESTCASE_EXECUTION_DATE    |
     [java] |-------------------------------------------------------------|------------------------------|-----------------------|-------------------------------|
     [java] |    SOURCE DATA AVAILIBILITY IN SF CASE HEAP                 |    9250597                   |    PASS               |    28-11-2018 18 :52 : 36     |
     [java] |-------------------------------------------------------------|------------------------------|-----------------------|-------------------------------|
     [java] |    SOURCE DATA AVAILIBILITY IN SF CASE HISTORY HEAP         |    83                        |    PASS               |    28-11-2018 18 :52 : 36     |
     [java] |-------------------------------------------------------------|------------------------------|-----------------------|-------------------------------|
     [java] |    SOURCE DATA AVAILIBILITY IN CDM_V_EVRE_LKP TABLE         |    9436934                   |    PASS               |    28-11-2018 18 :52 : 36     |
     [java] |-------------------------------------------------------------|------------------------------|-----------------------|-------------------------------|
     [java] |    SOURCE DATA AVAILIBILITY IN CDM_V_EVRE_LKP TABLE         |    9353558                   |    PASS               |    28-11-2018 18 :52 : 37     |
     [java] |-------------------------------------------------------------|------------------------------|-----------------------|-------------------------------|
     [java] |    NULL VALIDATION FOR TECHNICAL COLUMNS                    |    0                         |    PASS               |    28-11-2018 18 :52 : 37     |
     [java] |-------------------------------------------------------------|------------------------------|-----------------------|-------------------------------|
     [java] |    COMPLETENESS SOURCE VS TARGET                            |    1                         |    FAIL               |    28-11-2018 18 :52 : 39     |
     [java] |-------------------------------------------------------------|------------------------------|-----------------------|-------------------------------|
     [java] |    CORRECTNESS OF THE SOURCE DATA WITH RESPECT TO TARGET    |    1                         |    FAIL               |    28-11-2018 18 :52 : 41     |
     [java] |-------------------------------------------------------------|------------------------------|-----------------------|-------------------------------|
     [java] |    CHECK FOR DUPLICATE RECORDS IN THE CDM TABLE             |    22                        |    FAIL               |    28-11-2018 18 :52 : 42     |
     [java] |-------------------------------------------------------------|------------------------------|-----------------------|-------------------------------|
     [java] 
     [java] [ Total TestCase : 29] [ TestCase Pass : 20] [ TestCase Fail : 9]
     [java]  Connection to Teradata closed. 
     [java] 
     [java] -----------------------------------------------------------------------------------------------------------
     [java]  JDBC driver loaded. 
     [java] 
     [java]  Looking for the Teradata JDBC driver...
     [java]  
     [java] 
     [java]  User ID029640 connected.
     [java] CDM EVENT CHANNEL
     [java] |-------------------------------------------------------------|------------------------------|-----------------------|-------------------------------|
     [java] |    TESTCASE NAME                                            |    TESTCASE_ACTUAL_RESULT    |    TESTCASE STATUS    |    TESTCASE_EXECUTION_DATE    |
     [java] |-------------------------------------------------------------|------------------------------|-----------------------|-------------------------------|
     [java] |    SOURCE DATA AVAILIBILITY IN SF CASE HEAP                 |    9250597                   |    PASS               |    28-11-2018 18 :52 : 44     |
     [java] |-------------------------------------------------------------|------------------------------|-----------------------|-------------------------------|
     [java] |    SOURCE DATA AVAILIBILITY IN SF  HISTORY HEAP             |    4120                      |    PASS               |    28-11-2018 18 :52 : 44     |
     [java] |-------------------------------------------------------------|------------------------------|-----------------------|-------------------------------|
     [java] |    SOURCE DATA AVAILABLE IN CDM_V_CHAN_LKP TABLE            |    12                        |    PASS               |    28-11-2018 18 :52 : 45     |
     [java] |-------------------------------------------------------------|------------------------------|-----------------------|-------------------------------|
     [java] |    SOURCE DATA AVAILABLE IN CDM_V_EVNT_LKP TABLE            |    9436934                   |    PASS               |    28-11-2018 18 :52 : 45     |
     [java] |-------------------------------------------------------------|------------------------------|-----------------------|-------------------------------|
     [java] |    SOURCE DATA AVAILIBILITY IN CDM_V_EVENT_CHANNEL TABLE    |    9258943                   |    PASS               |    28-11-2018 18 :52 : 45     |
     [java] |-------------------------------------------------------------|------------------------------|-----------------------|-------------------------------|
     [java] |    NULL VALIDATION FOR TECHNICAL COLUMNS                    |    0                         |    PASS               |    28-11-2018 18 :52 : 46     |
     [java] |-------------------------------------------------------------|------------------------------|-----------------------|-------------------------------|
     [java] |    COMPLETENESS SOURCE VS TARGET                            |    1                         |    FAIL               |    28-11-2018 18 :52 : 48     |
     [java] |-------------------------------------------------------------|------------------------------|-----------------------|-------------------------------|
     [java] |    CORRECTNESS OF THE SOURCE DATA WITH RESPECT TO TARGET    |    1                         |    FAIL               |    28-11-2018 18 :52 : 51     |
     [java] |-------------------------------------------------------------|------------------------------|-----------------------|-------------------------------|
     [java] |    CHECK FOR DUPLICATE RECORDS IN THE CDM TABLE             |    0                         |    PASS               |    28-11-2018 18 :52 : 52     |
     [java] |-------------------------------------------------------------|------------------------------|-----------------------|-------------------------------|
     [java] |    CONSISTENCY WITH DATES                                   |    0                         |    PASS               |    28-11-2018 18 :52 : 52     |
     [java] |-------------------------------------------------------------|------------------------------|-----------------------|-------------------------------|
     [java] 
     [java] [ Total TestCase : 39] [ TestCase Pass : 28] [ TestCase Fail : 11]
     [java]  Connection to Teradata closed. 
     [java] 
     [java] -----------------------------------------------------------------------------------------------------------
     [java]  JDBC driver loaded. 
     [java] 
     [java]  Looking for the Teradata JDBC driver...
     [java]  
     [java] 
     [java]  User ID029640 connected.
     [java] CDM EVENT ACCOUNT
     [java] |-----------------------------------------------------------------|------------------------------|-----------------------|-------------------------------|
     [java] |    TESTCASE NAME                                                |    TESTCASE_ACTUAL_RESULT    |    TESTCASE STATUS    |    TESTCASE_EXECUTION_DATE    |
     [java] |-----------------------------------------------------------------|------------------------------|-----------------------|-------------------------------|
     [java] |    SOURCE DATA AVAILIBILITY IN HEAP                             |    9250597                   |    PASS               |    28-11-2018 18 :52 : 54     |
     [java] |-----------------------------------------------------------------|------------------------------|-----------------------|-------------------------------|
     [java] |    SOURCE DATA AVAILIBILITY IN CDM                              |    14761703                  |    PASS               |    28-11-2018 18 :52 : 55     |
     [java] |-----------------------------------------------------------------|------------------------------|-----------------------|-------------------------------|
     [java] |    SOURCE DATA AVAILIBILITY IN TEC EVNT_LKP TABLE               |    9259011                   |    PASS               |    28-11-2018 18 :52 : 55     |
     [java] |-----------------------------------------------------------------|------------------------------|-----------------------|-------------------------------|
     [java] |    SOURCE DATA AVAILIBILITY IN TEC ACC_LKP TABLE                |    189422                    |    PASS               |    28-11-2018 18 :52 : 55     |
     [java] |-----------------------------------------------------------------|------------------------------|-----------------------|-------------------------------|
     [java] |    COMPLETENESS SOURCE VS TARGET                                |    1                         |    FAIL               |    28-11-2018 18 :52 : 58     |
     [java] |-----------------------------------------------------------------|------------------------------|-----------------------|-------------------------------|
     [java] |    CORRECTNESS OF THE TARGET DATA WITH RESPECT TO SOURCE        |    1                         |    FAIL               |    28-11-2018 18 :53 : 00     |
     [java] |-----------------------------------------------------------------|------------------------------|-----------------------|-------------------------------|
     [java] |    CHECK FOR DUPLICATE RECORDS IN THE CDM TABLE                 |    0                         |    PASS               |    28-11-2018 18 :53 : 01     |
     [java] |-----------------------------------------------------------------|------------------------------|-----------------------|-------------------------------|
     [java] |    CHECK FOR DUPLICATE RECORDS IN THE LKP TABLE                 |    1                         |    FAIL               |    28-11-2018 18 :53 : 02     |
     [java] |-----------------------------------------------------------------|------------------------------|-----------------------|-------------------------------|
     [java] |    CHECK FOR CORRECTNESS OF RECORDS IN THE LKP AND CDM TABLE    |    1                         |    FAIL               |    28-11-2018 18 :53 : 04     |
     [java] |-----------------------------------------------------------------|------------------------------|-----------------------|-------------------------------|
     [java] |    CONSISTENCY WITH DATES                                       |    0                         |    PASS               |    28-11-2018 18 :53 : 04     |
     [java] |-----------------------------------------------------------------|------------------------------|-----------------------|-------------------------------|
     [java] 
     [java] [ Total TestCase : 49] [ TestCase Pass : 34] [ TestCase Fail : 15]
     [java]  Connection to Teradata closed. 
     [java] 
     [java] -----------------------------------------------------------------------------------------------------------
     [java]  JDBC driver loaded. 
     [java] 
     [java]  Looking for the Teradata JDBC driver...
     [java]  
     [java] 
     [java]  User ID029640 connected.
     [java] CDM EVENT REASON
     [java] |-------------------------------------------------------------|------------------------------|-----------------------|-------------------------------|
     [java] |    TESTCASE NAME                                            |    TESTCASE_ACTUAL_RESULT    |    TESTCASE STATUS    |    TESTCASE_EXECUTION_DATE    |
     [java] |-------------------------------------------------------------|------------------------------|-----------------------|-------------------------------|
     [java] |    SOURCE DATA AVAILIBILITY IN SF CASE HEAP                 |    9250668                   |    PASS               |    28-11-2018 18 :53 : 05     |
     [java] |-------------------------------------------------------------|------------------------------|-----------------------|-------------------------------|
     [java] |    TARGET DATA AVAILIBILITY IN CDM                          |    493                       |    PASS               |    28-11-2018 18 :53 : 05     |
     [java] |-------------------------------------------------------------|------------------------------|-----------------------|-------------------------------|
     [java] |    SOURCE DATA AVAILIBILITY IN CDM_V_EVRE_LKP TABLE         |    493                       |    PASS               |    28-11-2018 18 :53 : 05     |
     [java] |-------------------------------------------------------------|------------------------------|-----------------------|-------------------------------|
     [java] |    NULL VALIDATION FOR TECHNICAL COLUMNS                    |    0                         |    PASS               |    28-11-2018 18 :53 : 06     |
     [java] |-------------------------------------------------------------|------------------------------|-----------------------|-------------------------------|
     [java] |    COMPLETENESS SOURCE VS TARGET                            |    0                         |    PASS               |    28-11-2018 18 :53 : 06     |
     [java] |-------------------------------------------------------------|------------------------------|-----------------------|-------------------------------|
     [java] |    CORRECTNESS OF THE SOURCE DATA WITH RESPECT TO TARGET    |    0                         |    PASS               |    28-11-2018 18 :53 : 06     |
     [java] |-------------------------------------------------------------|------------------------------|-----------------------|-------------------------------|
     [java] |    CHECK FOR DUPLICATE RECORDS IN THE CDM TABLE             |    0                         |    PASS               |    28-11-2018 18 :53 : 07     |
     [java] |-------------------------------------------------------------|------------------------------|-----------------------|-------------------------------|
     [java] 
     [java] [ Total TestCase : 56] [ TestCase Pass : 41] [ TestCase Fail : 15]
     [java]  Connection to Teradata closed. 
     [java] 
     [java] -----------------------------------------------------------------------------------------------------------
     [java]  JDBC driver loaded. 
     [java] 
     [java]  Looking for the Teradata JDBC driver...
     [java]  
     [java] 
     [java]  User ID029640 connected.
     [java] CDM EVENT PARTY
     [java] |-------------------------------------------------------------|------------------------------|-----------------------|-------------------------------|
     [java] |    TESTCASE NAME                                            |    TESTCASE_ACTUAL_RESULT    |    TESTCASE STATUS    |    TESTCASE_EXECUTION_DATE    |
     [java] |-------------------------------------------------------------|------------------------------|-----------------------|-------------------------------|
     [java] |    SOURCE DATA AVAILIBILITY IN SF CASE HEAP                 |    9250597                   |    PASS               |    28-11-2018 18 :53 : 09     |
     [java] |-------------------------------------------------------------|------------------------------|-----------------------|-------------------------------|
     [java] |    SOURCE DATA AVAILIBILITY IN SF  ACCOUNT HEAP             |    307                       |    PASS               |    28-11-2018 18 :53 : 09     |
     [java] |-------------------------------------------------------------|------------------------------|-----------------------|-------------------------------|
     [java] |    SOURCE DATA AVAILIBILITY IN SF RECORD TYPE HEAP          |    140                       |    PASS               |    28-11-2018 18 :53 : 09     |
     [java] |-------------------------------------------------------------|------------------------------|-----------------------|-------------------------------|
     [java] |    SOURCE DATA AVAILIBILITY IN CDM_V_EVRE_LKP TABLE         |    9436934                   |    PASS               |    28-11-2018 18 :53 : 10     |
     [java] |-------------------------------------------------------------|------------------------------|-----------------------|-------------------------------|
     [java] |    SOURCE DATA AVAILIBILITY IN CDM_V_EVRE_LKP TABLE         |    9157078                   |    PASS               |    28-11-2018 18 :53 : 10     |
     [java] |-------------------------------------------------------------|------------------------------|-----------------------|-------------------------------|
     [java] |    NULL VALIDATION FOR TECHNICAL COLUMNS                    |    0                         |    PASS               |    28-11-2018 18 :53 : 11     |
     [java] |-------------------------------------------------------------|------------------------------|-----------------------|-------------------------------|
     [java] |    COMPLETENESS SOURCE VS TARGET                            |    1                         |    FAIL               |    28-11-2018 18 :53 : 14     |
     [java] |-------------------------------------------------------------|------------------------------|-----------------------|-------------------------------|
     [java] |    CORRECTNESS OF THE SOURCE DATA WITH RESPECT TO TARGET    |    1                         |    FAIL               |    28-11-2018 18 :53 : 17     |
     [java] |-------------------------------------------------------------|------------------------------|-----------------------|-------------------------------|
     [java] |    CHECK FOR DUPLICATE RECORDS IN THE CDM TABLE             |    0                         |    PASS               |    28-11-2018 18 :53 : 17     |
     [java] |-------------------------------------------------------------|------------------------------|-----------------------|-------------------------------|
     [java] |    CONSISTENCY WITH DATES                                   |    0                         |    PASS               |    28-11-2018 18 :53 : 18     |
     [java] |-------------------------------------------------------------|------------------------------|-----------------------|-------------------------------|
     [java] 
     [java] [ Total TestCase : 66] [ TestCase Pass : 49] [ TestCase Fail : 17]
     [java]  Connection to Teradata closed. 
     [java] 
     [java] -----------------------------------------------------------------------------------------------------------
     [java]  JDBC driver loaded. 
     [java] 
     [java]  Looking for the Teradata JDBC driver...
     [java]  
     [java] 
     [java]  User ID029640 connected.
     [java] CDM EVENT PARTY
     [java] |-------------------------------------------------------------|------------------------------|-----------------------|-------------------------------|
     [java] |    TESTCASE NAME                                            |    TESTCASE_ACTUAL_RESULT    |    TESTCASE STATUS    |    TESTCASE_EXECUTION_DATE    |
     [java] |-------------------------------------------------------------|------------------------------|-----------------------|-------------------------------|
     [java] |    SOURCE DATA AVAILIBILITY IN SF CASE HEAP                 |    9197865                   |    PASS               |    28-11-2018 18 :53 : 20     |
     [java] |-------------------------------------------------------------|------------------------------|-----------------------|-------------------------------|
     [java] |    SOURCE DATA AVAILIBILITY IN SF CASE HISTORY HEAP         |    12                        |    PASS               |    28-11-2018 18 :53 : 20     |
     [java] |-------------------------------------------------------------|------------------------------|-----------------------|-------------------------------|
     [java] |    SOURCE DATA AVAILIBILITY IN CDM_V_EVRE_LKP TABLE         |    9197865                   |    PASS               |    28-11-2018 18 :53 : 20     |
     [java] |-------------------------------------------------------------|------------------------------|-----------------------|-------------------------------|
     [java] |    SOURCE DATA AVAILIBILITY IN CDM_V_EVRE_LKP TABLE         |    9140765                   |    PASS               |    28-11-2018 18 :53 : 21     |
     [java] |-------------------------------------------------------------|------------------------------|-----------------------|-------------------------------|
     [java] |    NULL VALIDATION FOR TECHNICAL COLUMNS                    |    0                         |    PASS               |    28-11-2018 18 :53 : 21     |
     [java] |-------------------------------------------------------------|------------------------------|-----------------------|-------------------------------|
     [java] |    COMPLETENESS SOURCE VS TARGET                            |    0                         |    PASS               |    28-11-2018 18 :53 : 23     |
     [java] |-------------------------------------------------------------|------------------------------|-----------------------|-------------------------------|
     [java] |    CORRECTNESS OF THE SOURCE DATA WITH RESPECT TO TARGET    |    0                         |    PASS               |    28-11-2018 18 :53 : 25     |
     [java] |-------------------------------------------------------------|------------------------------|-----------------------|-------------------------------|
     [java] |    CHECK FOR DUPLICATE RECORDS IN THE CDM TABLE             |    0                         |    PASS               |    28-11-2018 18 :53 : 26     |
     [java] |-------------------------------------------------------------|------------------------------|-----------------------|-------------------------------|
     [java] |    CONSISTENCY WITH DATES                                   |    3                         |    FAIL               |    28-11-2018 18 :53 : 26     |
     [java] |-------------------------------------------------------------|------------------------------|-----------------------|-------------------------------|
     [java] 
     [java] [ Total TestCase : 75] [ TestCase Pass : 57] [ TestCase Fail : 18]
     [java]  Connection to Teradata closed. 
     [java] 
     [java] -----------------------------------------------------------------------------------------------------------
     [java]  JDBC driver loaded. 
     [java] 
     [java]  Looking for the Teradata JDBC driver...
     [java]  
     [java] 
     [java]  User ID029640 connected.
     [java] CDM CASE EVENT
     [java] |-------------------------------------------------------------|------------------------------|-----------------------|-------------------------------|
     [java] |    TESTCASE NAME                                            |    TESTCASE_ACTUAL_RESULT    |    TESTCASE STATUS    |    TESTCASE_EXECUTION_DATE    |
     [java] |-------------------------------------------------------------|------------------------------|-----------------------|-------------------------------|
     [java] |    SOURCE DATA AVAILIBILITY IN HEAP                         |    9250597                   |    PASS               |    28-11-2018 18 :53 : 28     |
     [java] |-------------------------------------------------------------|------------------------------|-----------------------|-------------------------------|
     [java] |    SOURCE DATA AVAILIBILITY IN TEC EVNT_LKP TABLE           |    9259011                   |    PASS               |    28-11-2018 18 :53 : 28     |
     [java] |-------------------------------------------------------------|------------------------------|-----------------------|-------------------------------|
     [java] |    SOURCE DATA AVAILIBILITY IN TEC EVRE_LKP TABLE           |    493                       |    PASS               |    28-11-2018 18 :53 : 29     |
     [java] |-------------------------------------------------------------|------------------------------|-----------------------|-------------------------------|
     [java] |    SOURCE DATA AVAILIBILITY IN HEAP                         |    3944984                   |    PASS               |    28-11-2018 18 :53 : 29     |
     [java] |-------------------------------------------------------------|------------------------------|-----------------------|-------------------------------|
     [java] |    TARGET DATA AVAILIBILITY IN CDM                          |    9250597                   |    PASS               |    28-11-2018 18 :53 : 30     |
     [java] |-------------------------------------------------------------|------------------------------|-----------------------|-------------------------------|
     [java] |    COMPLETENESS SOURCE VS TARGET                            |    0                         |    PASS               |    28-11-2018 18 :53 : 33     |
     [java] |-------------------------------------------------------------|------------------------------|-----------------------|-------------------------------|
     [java] |    CORRECTNESS OF THE TARGET DATA WITH RESPECT TO SOURCE    |    0                         |    PASS               |    28-11-2018 18 :53 : 36     |
     [java] |-------------------------------------------------------------|------------------------------|-----------------------|-------------------------------|
     [java] |    CORRECTNESS OF THE TARGET DATA WITH RESPECT TO SOURCE    |    0                         |    PASS               |    28-11-2018 18 :53 : 52     |
     [java] |-------------------------------------------------------------|------------------------------|-----------------------|-------------------------------|
     [java] |    CORRECTNESS OF THE TARGET DATA WITH RESPECT TO SOURCE    |    0                         |    PASS               |    28-11-2018 18 :54 : 07     |
     [java] |-------------------------------------------------------------|------------------------------|-----------------------|-------------------------------|
     [java] |    CHECK FOR DUPLICATE RECORDS IN THE CDM TABLE             |    0                         |    PASS               |    28-11-2018 18 :54 : 08     |
     [java] |-------------------------------------------------------------|------------------------------|-----------------------|-------------------------------|
     [java] |    CHECK FOR DUPLICATE RECORDS IN THE LKP TABLE             |    1                         |    FAIL               |    28-11-2018 18 :54 : 09     |
     [java] |-------------------------------------------------------------|------------------------------|-----------------------|-------------------------------|
     [java] |    CONSISTENCY WITH DATES                                   |    0                         |    PASS               |    28-11-2018 18 :54 : 09     |
     [java] |-------------------------------------------------------------|------------------------------|-----------------------|-------------------------------|
     [java] |    DATA VALIDATION                                          |    0                         |    PASS               |    28-11-2018 18 :54 : 11     |
     [java] |-------------------------------------------------------------|------------------------------|-----------------------|-------------------------------|
     [java] |    DATA VALIDATION ON EVENT_REASON TYPE_                    |    0                         |    PASS               |    28-11-2018 18 :54 : 13     |
     [java] |-------------------------------------------------------------|------------------------------|-----------------------|-------------------------------|
     [java] |    DATA VALIDATION ON EVENT_REASON 2                        |    0                         |    PASS               |    28-11-2018 18 :54 : 15     |
     [java] |-------------------------------------------------------------|------------------------------|-----------------------|-------------------------------|
     [java] |    DATA VALIDATION ON EVENT_REASON 3                        |    0                         |    PASS               |    28-11-2018 18 :54 : 17     |
     [java] |-------------------------------------------------------------|------------------------------|-----------------------|-------------------------------|
     [java] 
     [java] [ Total TestCase : 91] [ TestCase Pass : 72] [ TestCase Fail : 19]
     [java]  Connection to Teradata closed. 
     [java] 
     [java] -----------------------------------------------------------------------------------------------------------
     [java]  JDBC driver loaded. 
     [java] 
     [java]  Looking for the Teradata JDBC driver...
     [java]  
     [java] 
     [java]  User ID029640 connected.
     [java] CDM CASE EVENT
     [java] |------------------------------------|------------------------------|-----------------------|-------------------------------|
     [java] |    TESTCASE NAME                   |    TESTCASE_ACTUAL_RESULT    |    TESTCASE STATUS    |    TESTCASE_EXECUTION_DATE    |
     [java] |------------------------------------|------------------------------|-----------------------|-------------------------------|
     [java] |    DATA VALIDATION                 |    0                         |    PASS               |    28-11-2018 18 :54 : 20     |
     [java] |------------------------------------|------------------------------|-----------------------|-------------------------------|
     [java] |    DATA VALIDATION ON EVENT_LKP    |    0                         |    PASS               |    28-11-2018 18 :54 : 23     |
     [java] |------------------------------------|------------------------------|-----------------------|-------------------------------|
     [java] 
     [java] [ Total TestCase : 93] [ TestCase Pass : 74] [ TestCase Fail : 19]
     [java]  Connection to Teradata closed. 
     [java] 
     [java] -----------------------------------------------------------------------------------------------------------
     [java]  JDBC driver loaded. 
     [java] 
     [java]  Looking for the Teradata JDBC driver...
     [java]  
     [java] 
     [java]  User ID029640 connected.
     [java] EDW DIM CONTACT CASE
     [java] |-------------------------------------------------------------|------------------------------|-----------------------|-------------------------------|
     [java] |    TESTCASE NAME                                            |    TESTCASE_ACTUAL_RESULT    |    TESTCASE STATUS    |    TESTCASE_EXECUTION_DATE    |
     [java] |-------------------------------------------------------------|------------------------------|-----------------------|-------------------------------|
     [java] |    SOURCE DATA AVAILIBILITY IN CASE EVENT CDM               |    9250597                   |    PASS               |    28-11-2018 18 :54 : 24     |
     [java] |-------------------------------------------------------------|------------------------------|-----------------------|-------------------------------|
     [java] |    TARGET DATA AVAILIBILITY IN EDW                          |    9250597                   |    PASS               |    28-11-2018 18 :54 : 24     |
     [java] |-------------------------------------------------------------|------------------------------|-----------------------|-------------------------------|
     [java] |    COMPLETENESS SOURCE VS TARGET                            |    0                         |    PASS               |    28-11-2018 18 :54 : 25     |
     [java] |-------------------------------------------------------------|------------------------------|-----------------------|-------------------------------|
     [java] |    CORRECTNESS OF THE TARGET DATA WITH RESPECT TO SOURCE    |    0                         |    PASS               |    28-11-2018 18 :54 : 26     |
     [java] |-------------------------------------------------------------|------------------------------|-----------------------|-------------------------------|
     [java] |    CHECK FOR DUPLICATE RECORDS IN THE CDM TABLE             |    0                         |    PASS               |    28-11-2018 18 :54 : 26     |
     [java] |-------------------------------------------------------------|------------------------------|-----------------------|-------------------------------|
     [java] 
     [java] [ Total TestCase : 98] [ TestCase Pass : 79] [ TestCase Fail : 19]
     [java]  Connection to Teradata closed. 
     [java] 
     [java] -----------------------------------------------------------------------------------------------------------
     [java]  JDBC driver loaded. 
     [java] 
     [java]  Looking for the Teradata JDBC driver...
     [java]  
     [java] 
     [java]  User ID029640 connected.
     [java] EDW DIM CONTACT CASE REASON
     [java] |-------------------------------------------------------------|------------------------------|-----------------------|-------------------------------|
     [java] |    TESTCASE NAME                                            |    TESTCASE_ACTUAL_RESULT    |    TESTCASE STATUS    |    TESTCASE_EXECUTION_DATE    |
     [java] |-------------------------------------------------------------|------------------------------|-----------------------|-------------------------------|
     [java] |    SOURCE DATA AVAILIBILITY IN EVENT_RELATED CDM            |    60383                     |    PASS               |    28-11-2018 18 :54 : 26     |
     [java] |-------------------------------------------------------------|------------------------------|-----------------------|-------------------------------|
     [java] |    TARGET DATA AVAILIBILITY IN EDW                          |    493                       |    PASS               |    28-11-2018 18 :54 : 27     |
     [java] |-------------------------------------------------------------|------------------------------|-----------------------|-------------------------------|
     [java] |    COMPLETENESS SOURCE VS TARGET                            |    0                         |    PASS               |    28-11-2018 18 :54 : 27     |
     [java] |-------------------------------------------------------------|------------------------------|-----------------------|-------------------------------|
     [java] |    CORRECTNESS OF THE SOURCE DATA WITH RESPECT TO TARGET    |    0                         |    PASS               |    28-11-2018 18 :54 : 27     |
     [java] |-------------------------------------------------------------|------------------------------|-----------------------|-------------------------------|
     [java] |    CHECK FOR DUPLICATE RECORDS IN THE CDM TABLE             |    0                         |    PASS               |    28-11-2018 18 :54 : 27     |
     [java] |-------------------------------------------------------------|------------------------------|-----------------------|-------------------------------|
     [java] 
     [java] [ Total TestCase : 103] [ TestCase Pass : 84] [ TestCase Fail : 19]
     [java]  Connection to Teradata closed. 
     [java] 
     [java] -----------------------------------------------------------------------------------------------------------
     [java]  JDBC driver loaded. 
     [java] 
     [java]  Looking for the Teradata JDBC driver...
     [java]  
     [java] 
     [java]  User ID029640 connected.
     [java] FCT CONTACT CASE
     [java] |--------------------------------------------------------------------------------------|------------------------------|-----------------------|-------------------------------|
     [java] |    TESTCASE NAME                                                                     |    TESTCASE_ACTUAL_RESULT    |    TESTCASE STATUS    |    TESTCASE_EXECUTION_DATE    |
     [java] |--------------------------------------------------------------------------------------|------------------------------|-----------------------|-------------------------------|
     [java] |    SOURCE DATA AVAILABLE IN THE CDM TABLE                                            |    9250597                   |    PASS               |    28-11-2018 18 :54 : 28     |
     [java] |--------------------------------------------------------------------------------------|------------------------------|-----------------------|-------------------------------|
     [java] |    SOURCE DATA AVAILABLE IN THE CDM TABLE                                            |    493                       |    PASS               |    28-11-2018 18 :54 : 28     |
     [java] |--------------------------------------------------------------------------------------|------------------------------|-----------------------|-------------------------------|
     [java] |    SOURCE DATA AVAILABLE IN THE CDM TABLE                                            |    9340963                   |    PASS               |    28-11-2018 18 :54 : 29     |
     [java] |--------------------------------------------------------------------------------------|------------------------------|-----------------------|-------------------------------|
     [java] |    SOURCE DATA AVAILABLE IN THE CDM TABLE                                            |    9258943                   |    PASS               |    28-11-2018 18 :54 : 29     |
     [java] |--------------------------------------------------------------------------------------|------------------------------|-----------------------|-------------------------------|
     [java] |    SOURCE DATA AVAILABLE IN THE CDM TABLE                                            |    9250597                   |    PASS               |    28-11-2018 18 :54 : 29     |
     [java] |--------------------------------------------------------------------------------------|------------------------------|-----------------------|-------------------------------|
     [java] |    SOURCE DATA AVAILABLE IN THE CDM TABLE                                            |    493                       |    PASS               |    28-11-2018 18 :54 : 29     |
     [java] |--------------------------------------------------------------------------------------|------------------------------|-----------------------|-------------------------------|
     [java] |    SOURCE DATA AVAILABLE IN THE CDM TABLE                                            |    14                        |    PASS               |    28-11-2018 18 :54 : 30     |
     [java] |--------------------------------------------------------------------------------------|------------------------------|-----------------------|-------------------------------|
     [java] |    TARGET DATA AVAILIBILITY IN FCT                                                   |    9250830                   |    PASS               |    28-11-2018 18 :54 : 30     |
     [java] |--------------------------------------------------------------------------------------|------------------------------|-----------------------|-------------------------------|
     [java] |    COMPLETENESS  SOURCE vs TARGET ( SOURCE DATA CDM MINUS TARGET EDW DATA COUNT )    |    0                         |    PASS               |    28-11-2018 18 :54 : 33     |
     [java] |--------------------------------------------------------------------------------------|------------------------------|-----------------------|-------------------------------|
     [java] |    COMPLETENESS TARGET VS SOURCE ( TARGET EDW DATA COUNT MINUS SOURCE DATA CDM  )    |    1                         |    FAIL               |    28-11-2018 18 :54 : 34     |
     [java] |--------------------------------------------------------------------------------------|------------------------------|-----------------------|-------------------------------|
     [java] |    CORRECTNESS OF THE SOURCE DATA WITH RESPECT TO TARGET                             |    8                         |    FAIL               |    28-11-2018 18 :54 : 42     |
     [java] |--------------------------------------------------------------------------------------|------------------------------|-----------------------|-------------------------------|
     [java] |    CORRECTNESS OF THE TARGET DATA WITH RESPECT TO SOURCE                             |    8                         |    FAIL               |    28-11-2018 18 :54 : 49     |
     [java] |--------------------------------------------------------------------------------------|------------------------------|-----------------------|-------------------------------|
     [java] |    CHECK FOR DUPLICATE RECORDS IN THE TARGET EDW TABLE BASESD ON THE PRIMARY KEY     |    233                       |    FAIL               |    28-11-2018 18 :54 : 49     |
     [java] |--------------------------------------------------------------------------------------|------------------------------|-----------------------|-------------------------------|
     [java] |    CHECK FOR THE NULL IN PRIMARY KEY AND REFERENC COLUMN                             |    8                         |    FAIL               |    28-11-2018 18 :54 : 49     |
     [java] |--------------------------------------------------------------------------------------|------------------------------|-----------------------|-------------------------------|
     [java] |    CHECK FOR COUNT OF CASE REASON ID WHERE IT IS NULL IN SOURCE WITH TARGET FACT     |    0                         |    PASS               |    28-11-2018 18 :54 : 52     |
     [java] |--------------------------------------------------------------------------------------|------------------------------|-----------------------|-------------------------------|
     [java] 
     [java] [ Total TestCase : 118] [ TestCase Pass : 94] [ TestCase Fail : 24]
     [java]  Connection to Teradata closed. 
     [java] 
     [java] -----------------------------------------------------------------------------------------------------------
run:  duration 2 minutes 57 seconds

BUILD SUCCESSFUL
